{"d:\\pnpjs\\packages\\common\\index.ts":{"path":"d:\\pnpjs\\packages\\common\\index.ts","statementMap":{"0":{"start":{"line":1,"column":0},"end":{"line":1,"column":29}}},"fnMap":{},"branchMap":{},"s":{"0":1},"f":{},"b":{}},"d:\\pnpjs\\packages\\common\\src\\common.ts":{"path":"d:\\pnpjs\\packages\\common\\src\\common.ts","statementMap":{"0":{"start":{"line":1,"column":0},"end":{"line":1,"column":29}},"1":{"start":{"line":2,"column":0},"end":{"line":2,"column":30}},"2":{"start":{"line":3,"column":0},"end":{"line":3,"column":28}},"3":{"start":{"line":4,"column":0},"end":{"line":4,"column":26}},"4":{"start":{"line":6,"column":0},"end":{"line":6,"column":26}},"5":{"start":{"line":7,"column":0},"end":{"line":7,"column":23}}},"fnMap":{},"branchMap":{},"s":{"0":1,"1":1,"2":1,"3":1,"4":1,"5":1},"f":{},"b":{}},"d:\\pnpjs\\packages\\common\\src\\adalclient.ts":{"path":"d:\\pnpjs\\packages\\common\\src\\adalclient.ts","statementMap":{"0":{"start":{"line":1,"column":0},"end":{"line":1,"column":66}},"1":{"start":{"line":3,"column":0},"end":{"line":3,"column":39}},"2":{"start":{"line":5,"column":0},"end":{"line":5,"column":54}},"3":{"start":{"line":14,"column":38},"end":{"line":14,"column":65}},"4":{"start":{"line":15,"column":4},"end":{"line":15,"column":22}},"5":{"start":{"line":16,"column":4},"end":{"line":16,"column":52}},"6":{"start":{"line":46,"column":8},"end":{"line":46,"column":20}},"7":{"start":{"line":45,"column":23},"end":{"line":45,"column":39}},"8":{"start":{"line":45,"column":48},"end":{"line":45,"column":62}},"9":{"start":{"line":45,"column":71},"end":{"line":45,"column":90}},"10":{"start":{"line":47,"column":8},"end":{"line":47,"column":37}},"11":{"start":{"line":48,"column":8},"end":{"line":48,"column":34}},"12":{"start":{"line":60,"column":8},"end":{"line":60,"column":47}},"13":{"start":{"line":71,"column":8},"end":{"line":73,"column":null}},"14":{"start":{"line":72,"column":12},"end":{"line":72,"column":78}},"15":{"start":{"line":76,"column":22},"end":{"line":76,"column":59}},"16":{"start":{"line":77,"column":8},"end":{"line":77,"column":27}},"17":{"start":{"line":78,"column":8},"end":{"line":78,"column":41}},"18":{"start":{"line":88,"column":8},"end":{"line":88,"column":39}},"19":{"start":{"line":89,"column":8},"end":{"line":89,"column":27}},"20":{"start":{"line":91,"column":20},"end":{"line":91,"column":24}},"21":{"start":{"line":92,"column":8},"end":{"line":99,"column":11}},"22":{"start":{"line":94,"column":12},"end":{"line":96,"column":null}},"23":{"start":{"line":95,"column":16},"end":{"line":95,"column":37}},"24":{"start":{"line":98,"column":12},"end":{"line":98,"column":24}},"25":{"start":{"line":101,"column":8},"end":{"line":101,"column":21}},"26":{"start":{"line":109,"column":8},"end":{"line":126,"column":11}},"27":{"start":{"line":111,"column":12},"end":{"line":123,"column":null}},"28":{"start":{"line":112,"column":16},"end":{"line":122,"column":19}},"29":{"start":{"line":115,"column":24},"end":{"line":117,"column":null}},"30":{"start":{"line":116,"column":28},"end":{"line":116,"column":55}},"31":{"start":{"line":125,"column":12},"end":{"line":125,"column":22}},"32":{"start":{"line":134,"column":8},"end":{"line":136,"column":null}},"33":{"start":{"line":135,"column":12},"end":{"line":135,"column":38}},"34":{"start":{"line":138,"column":8},"end":{"line":181,"column":11}},"35":{"start":{"line":140,"column":12},"end":{"line":142,"column":null}},"36":{"start":{"line":141,"column":16},"end":{"line":141,"column":33}},"37":{"start":{"line":144,"column":12},"end":{"line":173,"column":14}},"38":{"start":{"line":146,"column":36},"end":{"line":146,"column":86}},"39":{"start":{"line":148,"column":16},"end":{"line":150,"column":null}},"40":{"start":{"line":149,"column":20},"end":{"line":149,"column":126}},"41":{"start":{"line":152,"column":16},"end":{"line":154,"column":null}},"42":{"start":{"line":153,"column":20},"end":{"line":153,"column":40}},"43":{"start":{"line":156,"column":34},"end":{"line":172,"column":22}},"44":{"start":{"line":158,"column":20},"end":{"line":160,"column":null}},"45":{"start":{"line":159,"column":24},"end":{"line":159,"column":56}},"46":{"start":{"line":162,"column":20},"end":{"line":171,"column":null}},"47":{"start":{"line":163,"column":24},"end":{"line":168,"column":null}},"48":{"start":{"line":164,"column":28},"end":{"line":164,"column":60}},"49":{"start":{"line":165,"column":28},"end":{"line":165,"column":100}},"50":{"start":{"line":166,"column":28},"end":{"line":166,"column":48}},"51":{"start":{"line":167,"column":28},"end":{"line":167,"column":38}},"52":{"start":{"line":170,"column":24},"end":{"line":170,"column":34}},"53":{"start":{"line":176,"column":12},"end":{"line":180,"column":15}},"54":{"start":{"line":177,"column":22},"end":{"line":177,"column":72}},"55":{"start":{"line":178,"column":16},"end":{"line":178,"column":48}},"56":{"start":{"line":179,"column":16},"end":{"line":179,"column":45}},"57":{"start":{"line":183,"column":8},"end":{"line":183,"column":34}},"58":{"start":{"line":27,"column":19},"end":{"line":27,"column":74}},"59":{"start":{"line":22,"column":0},"end":{"line":22,"column":13}},"60":{"start":{"line":197,"column":8},"end":{"line":197,"column":20}},"61":{"start":{"line":196,"column":24},"end":{"line":196,"column":45}},"62":{"start":{"line":208,"column":8},"end":{"line":211,"column":11}},"63":{"start":{"line":209,"column":12},"end":{"line":209,"column":31}},"64":{"start":{"line":210,"column":12},"end":{"line":210,"column":45}},"65":{"start":{"line":221,"column":8},"end":{"line":224,"column":11}},"66":{"start":{"line":223,"column":12},"end":{"line":223,"column":47}},"67":{"start":{"line":190,"column":0},"end":{"line":190,"column":13}}},"fnMap":{"0":{"name":"getResource","decl":{"start":{"line":13,"column":9},"end":{"line":13,"column":20}},"loc":{"start":{"line":13,"column":32},"end":{"line":17,"column":1}}},"1":{"name":"(anonymous_1)","decl":{"start":{"line":45,"column":4},"end":{"line":45,"column":23}},"loc":{"start":{"line":45,"column":90},"end":{"line":49,"column":5}}},"2":{"name":"(anonymous_2)","decl":{"start":{"line":58,"column":11},"end":{"line":58,"column":17}},"loc":{"start":{"line":58,"column":65},"end":{"line":61,"column":5}}},"3":{"name":"(anonymous_3)","decl":{"start":{"line":69,"column":17},"end":{"line":69,"column":22}},"loc":{"start":{"line":69,"column":58},"end":{"line":79,"column":null}}},"4":{"name":"(anonymous_6)","decl":{"start":{"line":86,"column":17},"end":{"line":86,"column":25}},"loc":{"start":{"line":86,"column":42},"end":{"line":102,"column":null}}},"5":{"name":"(anonymous_8)","decl":{"start":{"line":92,"column":55},"end":{"line":92,"column":56}},"loc":{"start":{"line":92,"column":88},"end":{"line":99,"column":9}}},"6":{"name":"(anonymous_9)","decl":{"start":{"line":107,"column":12},"end":{"line":107,"column":29}},"loc":{"start":{"line":107,"column":29},"end":{"line":127,"column":5}}},"7":{"name":"(anonymous_10)","decl":{"start":{"line":109,"column":27},"end":{"line":109,"column":34}},"loc":{"start":{"line":109,"column":37},"end":{"line":126,"column":9}}},"8":{"name":"(anonymous_11)","decl":{"start":{"line":114,"column":33},"end":{"line":114,"column":34}},"loc":{"start":{"line":114,"column":49},"end":{"line":118,"column":21}}},"9":{"name":"(anonymous_12)","decl":{"start":{"line":132,"column":12},"end":{"line":132,"column":17}},"loc":{"start":{"line":132,"column":17},"end":{"line":184,"column":5}}},"10":{"name":"(anonymous_13)","decl":{"start":{"line":138,"column":41},"end":{"line":138,"column":42}},"loc":{"start":{"line":138,"column":61},"end":{"line":181,"column":9}}},"11":{"name":"(anonymous_14)","decl":{"start":{"line":144,"column":36},"end":{"line":144,"column":37}},"loc":{"start":{"line":144,"column":52},"end":{"line":173,"column":13}}},"12":{"name":"(anonymous_15)","decl":{"start":{"line":156,"column":53},"end":{"line":156,"column":56}},"loc":{"start":{"line":156,"column":58},"end":{"line":172,"column":17}}},"13":{"name":"(anonymous_16)","decl":{"start":{"line":176,"column":42},"end":{"line":176,"column":43}},"loc":{"start":{"line":176,"column":46},"end":{"line":180,"column":13}}},"14":{"name":"(anonymous_17)","decl":{"start":{"line":196,"column":4},"end":{"line":196,"column":24}},"loc":{"start":{"line":196,"column":45},"end":{"line":198,"column":5}}},"15":{"name":"(anonymous_18)","decl":{"start":{"line":206,"column":11},"end":{"line":206,"column":16}},"loc":{"start":{"line":206,"column":52},"end":{"line":212,"column":5}}},"16":{"name":"(anonymous_19)","decl":{"start":{"line":208,"column":52},"end":{"line":208,"column":57}},"loc":{"start":{"line":208,"column":60},"end":{"line":211,"column":9}}},"17":{"name":"(anonymous_20)","decl":{"start":{"line":219,"column":11},"end":{"line":219,"column":19}},"loc":{"start":{"line":219,"column":36},"end":{"line":225,"column":5}}},"18":{"name":"(anonymous_21)","decl":{"start":{"line":221,"column":76},"end":{"line":221,"column":84}},"loc":{"start":{"line":221,"column":87},"end":{"line":224,"column":9}}}},"branchMap":{"0":{"loc":{"start":{"line":71,"column":8},"end":{"line":73,"column":null}},"type":"if","locations":[{"start":{"line":71,"column":8},"end":{"line":73,"column":null}},{"start":{"line":71,"column":8},"end":{"line":73,"column":null}}]},"1":{"loc":{"start":{"line":94,"column":12},"end":{"line":96,"column":null}},"type":"if","locations":[{"start":{"line":94,"column":12},"end":{"line":96,"column":null}},{"start":{"line":94,"column":12},"end":{"line":96,"column":null}}]},"2":{"loc":{"start":{"line":111,"column":12},"end":{"line":123,"column":null}},"type":"if","locations":[{"start":{"line":111,"column":12},"end":{"line":123,"column":null}},{"start":{"line":111,"column":12},"end":{"line":123,"column":null}}]},"3":{"loc":{"start":{"line":115,"column":24},"end":{"line":117,"column":null}},"type":"if","locations":[{"start":{"line":115,"column":24},"end":{"line":117,"column":null}},{"start":{"line":115,"column":24},"end":{"line":117,"column":null}}]},"4":{"loc":{"start":{"line":134,"column":8},"end":{"line":136,"column":null}},"type":"if","locations":[{"start":{"line":134,"column":8},"end":{"line":136,"column":null}},{"start":{"line":134,"column":8},"end":{"line":136,"column":null}}]},"5":{"loc":{"start":{"line":140,"column":12},"end":{"line":142,"column":null}},"type":"if","locations":[{"start":{"line":140,"column":12},"end":{"line":142,"column":null}},{"start":{"line":140,"column":12},"end":{"line":142,"column":null}}]},"6":{"loc":{"start":{"line":148,"column":16},"end":{"line":150,"column":null}},"type":"if","locations":[{"start":{"line":148,"column":16},"end":{"line":150,"column":null}},{"start":{"line":148,"column":16},"end":{"line":150,"column":null}}]},"7":{"loc":{"start":{"line":152,"column":16},"end":{"line":154,"column":null}},"type":"if","locations":[{"start":{"line":152,"column":16},"end":{"line":154,"column":null}},{"start":{"line":152,"column":16},"end":{"line":154,"column":null}}]},"8":{"loc":{"start":{"line":152,"column":20},"end":{"line":152,"column":31}},"type":"binary-expr","locations":[{"start":{"line":152,"column":20},"end":{"line":152,"column":31}},{"start":{"line":152,"column":35},"end":{"line":152,"column":52}}]},"9":{"loc":{"start":{"line":158,"column":20},"end":{"line":160,"column":null}},"type":"if","locations":[{"start":{"line":158,"column":20},"end":{"line":160,"column":null}},{"start":{"line":158,"column":20},"end":{"line":160,"column":null}}]},"10":{"loc":{"start":{"line":158,"column":24},"end":{"line":158,"column":36}},"type":"binary-expr","locations":[{"start":{"line":158,"column":24},"end":{"line":158,"column":36}},{"start":{"line":158,"column":40},"end":{"line":158,"column":58}},{"start":{"line":158,"column":62},"end":{"line":158,"column":94}}]},"11":{"loc":{"start":{"line":163,"column":24},"end":{"line":168,"column":null}},"type":"if","locations":[{"start":{"line":163,"column":24},"end":{"line":168,"column":null}},{"start":{"line":163,"column":24},"end":{"line":168,"column":null}}]}},"s":{"0":1,"1":1,"2":1,"3":0,"4":0,"5":0,"6":0,"7":0,"8":0,"9":0,"10":0,"11":0,"12":0,"13":0,"14":0,"15":0,"16":0,"17":0,"18":0,"19":0,"20":0,"21":0,"22":0,"23":0,"24":0,"25":0,"26":0,"27":0,"28":0,"29":0,"30":0,"31":0,"32":0,"33":0,"34":0,"35":0,"36":0,"37":0,"38":0,"39":0,"40":0,"41":0,"42":0,"43":0,"44":0,"45":0,"46":0,"47":0,"48":0,"49":0,"50":0,"51":0,"52":0,"53":0,"54":0,"55":0,"56":0,"57":0,"58":1,"59":1,"60":0,"61":0,"62":0,"63":0,"64":0,"65":0,"66":0,"67":1},"f":{"0":0,"1":0,"2":0,"3":0,"4":0,"5":0,"6":0,"7":0,"8":0,"9":0,"10":0,"11":0,"12":0,"13":0,"14":0,"15":0,"16":0,"17":0,"18":0},"b":{"0":[0,0],"1":[0,0],"2":[0,0],"3":[0,0],"4":[0,0],"5":[0,0],"6":[0,0],"7":[0,0],"8":[0,0],"9":[0,0],"10":[0,0,0],"11":[0,0]}},"d:\\pnpjs\\packages\\common\\src\\netutil.ts":{"path":"d:\\pnpjs\\packages\\common\\src\\netutil.ts","statementMap":{"0":{"start":{"line":1,"column":0},"end":{"line":1,"column":54}},"1":{"start":{"line":31,"column":4},"end":{"line":36,"column":null}},"2":{"start":{"line":32,"column":26},"end":{"line":32,"column":62}},"3":{"start":{"line":33,"column":8},"end":{"line":35,"column":11}},"4":{"start":{"line":34,"column":12},"end":{"line":34,"column":39}},"5":{"start":{"line":30,"column":0},"end":{"line":30,"column":16}},"6":{"start":{"line":41,"column":4},"end":{"line":45,"column":null}},"7":{"start":{"line":42,"column":24},"end":{"line":42,"column":69}},"8":{"start":{"line":43,"column":8},"end":{"line":43,"column":40}},"9":{"start":{"line":44,"column":8},"end":{"line":44,"column":33}},"10":{"start":{"line":39,"column":0},"end":{"line":39,"column":16}},"11":{"start":{"line":53,"column":8},"end":{"line":53,"column":42}},"12":{"start":{"line":51,"column":0},"end":{"line":51,"column":13}},"13":{"start":{"line":63,"column":8},"end":{"line":63,"column":16}},"14":{"start":{"line":62,"column":24},"end":{"line":62,"column":45}},"15":{"start":{"line":67,"column":8},"end":{"line":67,"column":33}},"16":{"start":{"line":71,"column":8},"end":{"line":71,"column":28}},"17":{"start":{"line":76,"column":24},"end":{"line":76,"column":37}},"18":{"start":{"line":78,"column":8},"end":{"line":78,"column":47}},"19":{"start":{"line":80,"column":8},"end":{"line":80,"column":62}},"20":{"start":{"line":82,"column":8},"end":{"line":82,"column":34}},"21":{"start":{"line":84,"column":8},"end":{"line":84,"column":41}},"22":{"start":{"line":60,"column":0},"end":{"line":60,"column":13}}},"fnMap":{"0":{"name":"mergeHeaders","decl":{"start":{"line":30,"column":16},"end":{"line":30,"column":28}},"loc":{"start":{"line":30,"column":57},"end":{"line":37,"column":1}}},"1":{"name":"(anonymous_1)","decl":{"start":{"line":33,"column":29},"end":{"line":33,"column":30}},"loc":{"start":{"line":33,"column":61},"end":{"line":35,"column":9}}},"2":{"name":"mergeOptions","decl":{"start":{"line":39,"column":16},"end":{"line":39,"column":28}},"loc":{"start":{"line":39,"column":75},"end":{"line":46,"column":1}}},"3":{"name":"(anonymous_3)","decl":{"start":{"line":52,"column":11},"end":{"line":52,"column":16}},"loc":{"start":{"line":52,"column":52},"end":{"line":54,"column":5}}},"4":{"name":"(anonymous_4)","decl":{"start":{"line":62,"column":4},"end":{"line":62,"column":24}},"loc":{"start":{"line":62,"column":45},"end":{"line":64,"column":5}}},"5":{"name":"(anonymous_5)","decl":{"start":{"line":66,"column":4},"end":{"line":66,"column":15}},"loc":{"start":{"line":66,"column":20},"end":{"line":68,"column":5}}},"6":{"name":"(anonymous_6)","decl":{"start":{"line":70,"column":4},"end":{"line":70,"column":15}},"loc":{"start":{"line":70,"column":34},"end":{"line":72,"column":5}}},"7":{"name":"(anonymous_7)","decl":{"start":{"line":74,"column":11},"end":{"line":74,"column":16}},"loc":{"start":{"line":74,"column":57},"end":{"line":85,"column":5}}}},"branchMap":{"0":{"loc":{"start":{"line":31,"column":4},"end":{"line":36,"column":null}},"type":"if","locations":[{"start":{"line":31,"column":4},"end":{"line":36,"column":null}},{"start":{"line":31,"column":4},"end":{"line":36,"column":null}}]},"1":{"loc":{"start":{"line":31,"column":8},"end":{"line":31,"column":28}},"type":"binary-expr","locations":[{"start":{"line":31,"column":8},"end":{"line":31,"column":28}},{"start":{"line":31,"column":32},"end":{"line":31,"column":47}}]},"2":{"loc":{"start":{"line":41,"column":4},"end":{"line":45,"column":null}},"type":"if","locations":[{"start":{"line":41,"column":4},"end":{"line":45,"column":null}},{"start":{"line":41,"column":4},"end":{"line":45,"column":null}}]},"3":{"loc":{"start":{"line":42,"column":31},"end":{"line":42,"column":45}},"type":"binary-expr","locations":[{"start":{"line":42,"column":31},"end":{"line":42,"column":45}},{"start":{"line":42,"column":49},"end":{"line":42,"column":51}}]},"4":{"loc":{"start":{"line":67,"column":15},"end":{"line":67,"column":26}},"type":"binary-expr","locations":[{"start":{"line":67,"column":15},"end":{"line":67,"column":26}},{"start":{"line":67,"column":30},"end":{"line":67,"column":32}}]},"5":{"loc":{"start":{"line":74,"column":55},"end":{"line":74,"column":57}},"type":"default-arg","locations":[{"start":{"line":74,"column":55},"end":{"line":74,"column":57}}]}},"s":{"0":1,"1":32,"2":32,"3":32,"4":47,"5":1,"6":97,"7":89,"8":89,"9":89,"10":1,"11":0,"12":1,"13":0,"14":0,"15":0,"16":0,"17":0,"18":0,"19":0,"20":0,"21":0,"22":1},"f":{"0":32,"1":47,"2":97,"3":0,"4":0,"5":0,"6":0,"7":0},"b":{"0":[32,0],"1":[32,32],"2":[89,8],"3":[89,82],"4":[0,0],"5":[0]}},"d:\\pnpjs\\packages\\common\\src\\util.ts":{"path":"d:\\pnpjs\\packages\\common\\src\\util.ts","statementMap":{"0":{"start":{"line":14,"column":4},"end":{"line":16,"column":6}},"1":{"start":{"line":15,"column":8},"end":{"line":15,"column":38}},"2":{"start":{"line":13,"column":0},"end":{"line":13,"column":16}},"3":{"start":{"line":31,"column":32},"end":{"line":31,"column":57}},"4":{"start":{"line":32,"column":4},"end":{"line":42,"column":null}},"5":{"start":{"line":33,"column":21},"end":{"line":33,"column":64}},"6":{"start":{"line":33,"column":65},"end":{"line":33,"column":71}},"7":{"start":{"line":34,"column":24},"end":{"line":34,"column":65}},"8":{"start":{"line":34,"column":66},"end":{"line":34,"column":72}},"9":{"start":{"line":35,"column":22},"end":{"line":35,"column":59}},"10":{"start":{"line":35,"column":60},"end":{"line":35,"column":66}},"11":{"start":{"line":36,"column":21},"end":{"line":36,"column":60}},"12":{"start":{"line":36,"column":61},"end":{"line":36,"column":67}},"13":{"start":{"line":37,"column":20},"end":{"line":37,"column":55}},"14":{"start":{"line":37,"column":56},"end":{"line":37,"column":62}},"15":{"start":{"line":38,"column":21},"end":{"line":38,"column":66}},"16":{"start":{"line":38,"column":67},"end":{"line":38,"column":73}},"17":{"start":{"line":39,"column":23},"end":{"line":39,"column":66}},"18":{"start":{"line":39,"column":67},"end":{"line":39,"column":73}},"19":{"start":{"line":40,"column":23},"end":{"line":40,"column":65}},"20":{"start":{"line":40,"column":66},"end":{"line":40,"column":72}},"21":{"start":{"line":41,"column":17},"end":{"line":41,"column":33}},"22":{"start":{"line":41,"column":34},"end":{"line":41,"column":40}},"23":{"start":{"line":43,"column":4},"end":{"line":43,"column":15}},"24":{"start":{"line":30,"column":0},"end":{"line":30,"column":16}},"25":{"start":{"line":53,"column":4},"end":{"line":57,"column":29}},"26":{"start":{"line":54,"column":24},"end":{"line":54,"column":50}},"27":{"start":{"line":55,"column":21},"end":{"line":55,"column":73}},"28":{"start":{"line":51,"column":0},"end":{"line":51,"column":16}},"29":{"start":{"line":68,"column":17},"end":{"line":68,"column":33}},"30":{"start":{"line":69,"column":21},"end":{"line":69,"column":85}},"31":{"start":{"line":70,"column":4},"end":{"line":72,"column":null}},"32":{"start":{"line":70,"column":17},"end":{"line":70,"column":18}},"33":{"start":{"line":71,"column":8},"end":{"line":71,"column":79}},"34":{"start":{"line":73,"column":4},"end":{"line":73,"column":25}},"35":{"start":{"line":67,"column":0},"end":{"line":67,"column":16}},"36":{"start":{"line":84,"column":12},"end":{"line":84,"column":22}},"37":{"start":{"line":85,"column":4},"end":{"line":87,"column":null}},"38":{"start":{"line":86,"column":8},"end":{"line":86,"column":31}},"39":{"start":{"line":88,"column":17},"end":{"line":92,"column":6}},"40":{"start":{"line":89,"column":18},"end":{"line":89,"column":51}},"41":{"start":{"line":90,"column":8},"end":{"line":90,"column":31}},"42":{"start":{"line":91,"column":8},"end":{"line":91,"column":62}},"43":{"start":{"line":93,"column":4},"end":{"line":93,"column":16}},"44":{"start":{"line":83,"column":0},"end":{"line":83,"column":16}},"45":{"start":{"line":103,"column":4},"end":{"line":103,"column":36}},"46":{"start":{"line":102,"column":0},"end":{"line":102,"column":16}},"47":{"start":{"line":111,"column":4},"end":{"line":111,"column":54}},"48":{"start":{"line":110,"column":0},"end":{"line":110,"column":16}},"49":{"start":{"line":119,"column":4},"end":{"line":121,"column":null}},"50":{"start":{"line":120,"column":8},"end":{"line":120,"column":36}},"51":{"start":{"line":123,"column":4},"end":{"line":123,"column":84}},"52":{"start":{"line":117,"column":0},"end":{"line":117,"column":16}},"53":{"start":{"line":136,"column":50},"end":{"line":136,"column":54}},"54":{"start":{"line":138,"column":4},"end":{"line":140,"column":null}},"55":{"start":{"line":139,"column":8},"end":{"line":139,"column":29}},"56":{"start":{"line":143,"column":50},"end":{"line":143,"column":96}},"57":{"start":{"line":143,"column":74},"end":{"line":143,"column":83}},"58":{"start":{"line":143,"column":92},"end":{"line":143,"column":96}},"59":{"start":{"line":146,"column":14},"end":{"line":146,"column":58}},"60":{"start":{"line":146,"column":29},"end":{"line":146,"column":58}},"61":{"start":{"line":148,"column":4},"end":{"line":153,"column":19}},"62":{"start":{"line":151,"column":12},"end":{"line":151,"column":29}},"63":{"start":{"line":152,"column":12},"end":{"line":152,"column":21}},"64":{"start":{"line":135,"column":0},"end":{"line":135,"column":16}},"65":{"start":{"line":162,"column":4},"end":{"line":162,"column":43}},"66":{"start":{"line":161,"column":0},"end":{"line":161,"column":16}},"67":{"start":{"line":171,"column":4},"end":{"line":171,"column":57}},"68":{"start":{"line":170,"column":0},"end":{"line":170,"column":16}},"69":{"start":{"line":184,"column":4},"end":{"line":184,"column":55}},"70":{"start":{"line":185,"column":16},"end":{"line":185,"column":75}},"71":{"start":{"line":186,"column":18},"end":{"line":186,"column":32}},"72":{"start":{"line":187,"column":4},"end":{"line":187,"column":64}},"73":{"start":{"line":181,"column":0},"end":{"line":181,"column":16}},"74":{"start":{"line":197,"column":4},"end":{"line":199,"column":null}},"75":{"start":{"line":198,"column":8},"end":{"line":198,"column":20}},"76":{"start":{"line":201,"column":20},"end":{"line":201,"column":96}},"77":{"start":{"line":203,"column":4},"end":{"line":203,"column":48}},"78":{"start":{"line":195,"column":0},"end":{"line":195,"column":16}},"79":{"start":{"line":212,"column":4},"end":{"line":212,"column":29}},"80":{"start":{"line":211,"column":0},"end":{"line":211,"column":16}},"81":{"start":{"line":222,"column":4},"end":{"line":222,"column":44}},"82":{"start":{"line":221,"column":0},"end":{"line":221,"column":16}},"83":{"start":{"line":232,"column":15},"end":{"line":232,"column":16}},"84":{"start":{"line":233,"column":4},"end":{"line":235,"column":null}},"85":{"start":{"line":234,"column":8},"end":{"line":234,"column":20}},"86":{"start":{"line":237,"column":4},"end":{"line":241,"column":null}},"87":{"start":{"line":237,"column":17},"end":{"line":237,"column":18}},"88":{"start":{"line":238,"column":20},"end":{"line":238,"column":35}},"89":{"start":{"line":239,"column":8},"end":{"line":239,"column":42}},"90":{"start":{"line":240,"column":8},"end":{"line":240,"column":18}},"91":{"start":{"line":242,"column":4},"end":{"line":242,"column":16}},"92":{"start":{"line":231,"column":0},"end":{"line":231,"column":16}}},"fnMap":{"0":{"name":"getCtxCallback","decl":{"start":{"line":13,"column":16},"end":{"line":13,"column":30}},"loc":{"start":{"line":13,"column":79},"end":{"line":17,"column":1}}},"1":{"name":"(anonymous_1)","decl":{"start":{"line":14,"column":11},"end":{"line":14,"column":null}},"loc":{"start":{"line":14,"column":11},"end":{"line":16,"column":5}}},"2":{"name":"dateAdd","decl":{"start":{"line":30,"column":16},"end":{"line":30,"column":23}},"loc":{"start":{"line":30,"column":76},"end":{"line":44,"column":1}}},"3":{"name":"combine","decl":{"start":{"line":51,"column":16},"end":{"line":51,"column":23}},"loc":{"start":{"line":51,"column":42},"end":{"line":58,"column":1}}},"4":{"name":"(anonymous_4)","decl":{"start":{"line":54,"column":16},"end":{"line":54,"column":20}},"loc":{"start":{"line":54,"column":24},"end":{"line":54,"column":50}}},"5":{"name":"(anonymous_5)","decl":{"start":{"line":55,"column":13},"end":{"line":55,"column":17}},"loc":{"start":{"line":55,"column":21},"end":{"line":55,"column":73}}},"6":{"name":"getRandomString","decl":{"start":{"line":67,"column":16},"end":{"line":67,"column":31}},"loc":{"start":{"line":67,"column":45},"end":{"line":74,"column":1}}},"7":{"name":"getGUID","decl":{"start":{"line":83,"column":16},"end":{"line":83,"column":23}},"loc":{"start":{"line":83,"column":23},"end":{"line":94,"column":1}}},"8":{"name":"(anonymous_8)","decl":{"start":{"line":88,"column":73},"end":{"line":88,"column":83}},"loc":{"start":{"line":88,"column":84},"end":{"line":92,"column":5}}},"9":{"name":"isFunc","decl":{"start":{"line":102,"column":16},"end":{"line":102,"column":22}},"loc":{"start":{"line":102,"column":30},"end":{"line":104,"column":1}}},"10":{"name":"objectDefinedNotNull","decl":{"start":{"line":110,"column":16},"end":{"line":110,"column":36}},"loc":{"start":{"line":110,"column":45},"end":{"line":112,"column":1}}},"11":{"name":"isArray","decl":{"start":{"line":117,"column":16},"end":{"line":117,"column":23}},"loc":{"start":{"line":117,"column":34},"end":{"line":124,"column":1}}},"12":{"name":"assign","decl":{"start":{"line":135,"column":16},"end":{"line":135,"column":22}},"loc":{"start":{"line":136,"column":54},"end":{"line":154,"column":1}}},"13":{"name":"(anonymous_13)","decl":{"start":{"line":136,"column":44},"end":{"line":136,"column":47}},"loc":{"start":{"line":136,"column":50},"end":{"line":136,"column":54}}},"14":{"name":"(anonymous_14)","decl":{"start":{"line":143,"column":64},"end":{"line":143,"column":65}},"loc":{"start":{"line":143,"column":74},"end":{"line":143,"column":83}}},"15":{"name":"(anonymous_15)","decl":{"start":{"line":143,"column":86},"end":{"line":143,"column":89}},"loc":{"start":{"line":143,"column":92},"end":{"line":143,"column":96}}},"16":{"name":"(anonymous_16)","decl":{"start":{"line":146,"column":14},"end":{"line":146,"column":15}},"loc":{"start":{"line":146,"column":29},"end":{"line":146,"column":58}}},"17":{"name":"(anonymous_17)","decl":{"start":{"line":150,"column":16},"end":{"line":150,"column":17}},"loc":{"start":{"line":150,"column":38},"end":{"line":153,"column":9}}},"18":{"name":"isUrlAbsolute","decl":{"start":{"line":161,"column":16},"end":{"line":161,"column":29}},"loc":{"start":{"line":161,"column":41},"end":{"line":163,"column":1}}},"19":{"name":"stringIsNullOrEmpty","decl":{"start":{"line":170,"column":16},"end":{"line":170,"column":35}},"loc":{"start":{"line":170,"column":45},"end":{"line":172,"column":1}}},"20":{"name":"getAttrValueFromString","decl":{"start":{"line":181,"column":16},"end":{"line":181,"column":38}},"loc":{"start":{"line":181,"column":69},"end":{"line":188,"column":1}}},"21":{"name":"sanitizeGuid","decl":{"start":{"line":195,"column":16},"end":{"line":195,"column":28}},"loc":{"start":{"line":195,"column":41},"end":{"line":204,"column":1}}},"22":{"name":"jsS","decl":{"start":{"line":211,"column":16},"end":{"line":211,"column":19}},"loc":{"start":{"line":211,"column":26},"end":{"line":213,"column":1}}},"23":{"name":"hOP","decl":{"start":{"line":221,"column":16},"end":{"line":221,"column":19}},"loc":{"start":{"line":221,"column":37},"end":{"line":223,"column":1}}},"24":{"name":"getHashCode","decl":{"start":{"line":231,"column":16},"end":{"line":231,"column":27}},"loc":{"start":{"line":231,"column":37},"end":{"line":243,"column":1}}}},"branchMap":{"0":{"loc":{"start":{"line":33,"column":8},"end":{"line":33,"column":71}},"type":"switch","locations":[{"start":{"line":33,"column":8},"end":{"line":33,"column":71}},{"start":{"line":34,"column":8},"end":{"line":34,"column":72}},{"start":{"line":35,"column":8},"end":{"line":35,"column":66}},{"start":{"line":36,"column":8},"end":{"line":36,"column":67}},{"start":{"line":37,"column":8},"end":{"line":37,"column":62}},{"start":{"line":38,"column":8},"end":{"line":38,"column":73}},{"start":{"line":39,"column":8},"end":{"line":39,"column":73}},{"start":{"line":40,"column":8},"end":{"line":40,"column":72}},{"start":{"line":41,"column":8},"end":{"line":41,"column":40}}]},"1":{"loc":{"start":{"line":85,"column":4},"end":{"line":87,"column":null}},"type":"if","locations":[{"start":{"line":85,"column":4},"end":{"line":87,"column":null}},{"start":{"line":85,"column":4},"end":{"line":87,"column":null}}]},"2":{"loc":{"start":{"line":85,"column":8},"end":{"line":85,"column":42}},"type":"binary-expr","locations":[{"start":{"line":85,"column":8},"end":{"line":85,"column":42}},{"start":{"line":85,"column":46},"end":{"line":85,"column":83}}]},"3":{"loc":{"start":{"line":91,"column":28},"end":{"line":91,"column":29}},"type":"cond-expr","locations":[{"start":{"line":91,"column":28},"end":{"line":91,"column":29}},{"start":{"line":91,"column":33},"end":{"line":91,"column":46}}]},"4":{"loc":{"start":{"line":111,"column":11},"end":{"line":111,"column":37}},"type":"binary-expr","locations":[{"start":{"line":111,"column":11},"end":{"line":111,"column":37}},{"start":{"line":111,"column":41},"end":{"line":111,"column":53}}]},"5":{"loc":{"start":{"line":119,"column":4},"end":{"line":121,"column":null}},"type":"if","locations":[{"start":{"line":119,"column":4},"end":{"line":121,"column":null}},{"start":{"line":119,"column":4},"end":{"line":121,"column":null}}]},"6":{"loc":{"start":{"line":123,"column":11},"end":{"line":123,"column":16}},"type":"binary-expr","locations":[{"start":{"line":123,"column":11},"end":{"line":123,"column":16}},{"start":{"line":123,"column":20},"end":{"line":123,"column":52}},{"start":{"line":123,"column":56},"end":{"line":123,"column":83}}]},"7":{"loc":{"start":{"line":135,"column":123},"end":{"line":135,"column":128}},"type":"default-arg","locations":[{"start":{"line":135,"column":123},"end":{"line":135,"column":128}}]},"8":{"loc":{"start":{"line":136,"column":44},"end":{"line":136,"column":54}},"type":"default-arg","locations":[{"start":{"line":136,"column":44},"end":{"line":136,"column":54}}]},"9":{"loc":{"start":{"line":138,"column":4},"end":{"line":140,"column":null}},"type":"if","locations":[{"start":{"line":138,"column":4},"end":{"line":140,"column":null}},{"start":{"line":138,"column":4},"end":{"line":140,"column":null}}]},"10":{"loc":{"start":{"line":143,"column":64},"end":{"line":143,"column":83}},"type":"cond-expr","locations":[{"start":{"line":143,"column":64},"end":{"line":143,"column":83}},{"start":{"line":143,"column":86},"end":{"line":143,"column":96}}]},"11":{"loc":{"start":{"line":146,"column":29},"end":{"line":146,"column":45}},"type":"binary-expr","locations":[{"start":{"line":146,"column":29},"end":{"line":146,"column":45}},{"start":{"line":146,"column":49},"end":{"line":146,"column":58}}]},"12":{"loc":{"start":{"line":171,"column":11},"end":{"line":171,"column":26}},"type":"binary-expr","locations":[{"start":{"line":171,"column":11},"end":{"line":171,"column":26}},{"start":{"line":171,"column":30},"end":{"line":171,"column":40}},{"start":{"line":171,"column":44},"end":{"line":171,"column":56}}]},"13":{"loc":{"start":{"line":187,"column":48},"end":{"line":187,"column":56}},"type":"cond-expr","locations":[{"start":{"line":187,"column":48},"end":{"line":187,"column":56}},{"start":{"line":187,"column":59},"end":{"line":187,"column":63}}]},"14":{"loc":{"start":{"line":187,"column":11},"end":{"line":187,"column":25}},"type":"binary-expr","locations":[{"start":{"line":187,"column":11},"end":{"line":187,"column":25}},{"start":{"line":187,"column":29},"end":{"line":187,"column":45}}]},"15":{"loc":{"start":{"line":197,"column":4},"end":{"line":199,"column":null}},"type":"if","locations":[{"start":{"line":197,"column":4},"end":{"line":199,"column":null}},{"start":{"line":197,"column":4},"end":{"line":199,"column":null}}]},"16":{"loc":{"start":{"line":203,"column":30},"end":{"line":203,"column":34}},"type":"cond-expr","locations":[{"start":{"line":203,"column":30},"end":{"line":203,"column":34}},{"start":{"line":203,"column":37},"end":{"line":203,"column":47}}]},"17":{"loc":{"start":{"line":233,"column":4},"end":{"line":235,"column":null}},"type":"if","locations":[{"start":{"line":233,"column":4},"end":{"line":235,"column":null}},{"start":{"line":233,"column":4},"end":{"line":235,"column":null}}]}},"s":{"0":0,"1":0,"2":1,"3":0,"4":0,"5":0,"6":0,"7":0,"8":0,"9":0,"10":0,"11":0,"12":0,"13":0,"14":0,"15":0,"16":0,"17":0,"18":0,"19":0,"20":0,"21":0,"22":0,"23":0,"24":1,"25":111,"26":222,"27":179,"28":1,"29":0,"30":0,"31":0,"32":0,"33":0,"34":0,"35":1,"36":11,"37":11,"38":0,"39":11,"40":341,"41":341,"42":341,"43":11,"44":1,"45":1,"46":1,"47":350,"48":1,"49":0,"50":0,"51":0,"52":1,"53":113,"54":224,"55":41,"56":183,"57":20,"58":93,"59":183,"60":113,"61":183,"62":113,"63":113,"64":1,"65":63,"66":1,"67":226,"68":1,"69":0,"70":0,"71":0,"72":0,"73":1,"74":0,"75":0,"76":0,"77":0,"78":1,"79":2,"80":1,"81":58,"82":1,"83":0,"84":0,"85":0,"86":0,"87":0,"88":0,"89":0,"90":0,"91":0,"92":1},"f":{"0":0,"1":0,"2":0,"3":111,"4":222,"5":179,"6":0,"7":11,"8":341,"9":1,"10":350,"11":0,"12":224,"13":113,"14":20,"15":93,"16":113,"17":113,"18":63,"19":226,"20":0,"21":0,"22":2,"23":58,"24":0},"b":{"0":[0,0,0,0,0,0,0,0,0],"1":[0,11],"2":[11,0],"3":[330,11],"4":[350,285],"5":[0,0],"6":[0,0,0],"7":[212],"8":[224],"9":[41,183],"10":[12,171],"11":[113,113],"12":[226,224,224],"13":[0,0],"14":[0,0],"15":[0,0],"16":[0,0],"17":[0,0]}},"d:\\pnpjs\\packages\\common\\src\\collections.ts":{"path":"d:\\pnpjs\\packages\\common\\src\\collections.ts","statementMap":{"0":{"start":{"line":1,"column":0},"end":{"line":1,"column":32}},"1":{"start":{"line":18,"column":27},"end":{"line":18,"column":136}},"2":{"start":{"line":18,"column":95},"end":{"line":18,"column":136}},"3":{"start":{"line":18,"column":126},"end":{"line":18,"column":135}},"4":{"start":{"line":26,"column":4},"end":{"line":28,"column":null}},"5":{"start":{"line":27,"column":8},"end":{"line":27,"column":41}},"6":{"start":{"line":29,"column":4},"end":{"line":29,"column":21}},"7":{"start":{"line":25,"column":0},"end":{"line":25,"column":16}},"8":{"start":{"line":39,"column":4},"end":{"line":43,"column":null}},"9":{"start":{"line":39,"column":17},"end":{"line":39,"column":18}},"10":{"start":{"line":40,"column":8},"end":{"line":42,"column":11}},"11":{"start":{"line":41,"column":12},"end":{"line":41,"column":29}},"12":{"start":{"line":45,"column":4},"end":{"line":45,"column":18}},"13":{"start":{"line":38,"column":0},"end":{"line":38,"column":16}}},"fnMap":{"0":{"name":"(anonymous_0)","decl":{"start":{"line":18,"column":69},"end":{"line":18,"column":70}},"loc":{"start":{"line":18,"column":95},"end":{"line":18,"column":136}}},"1":{"name":"(anonymous_1)","decl":{"start":{"line":18,"column":114},"end":{"line":18,"column":115}},"loc":{"start":{"line":18,"column":126},"end":{"line":18,"column":135}}},"2":{"name":"objectToMap","decl":{"start":{"line":25,"column":16},"end":{"line":25,"column":27}},"loc":{"start":{"line":25,"column":40},"end":{"line":30,"column":1}}},"3":{"name":"mergeMaps","decl":{"start":{"line":38,"column":16},"end":{"line":38,"column":25}},"loc":{"start":{"line":38,"column":71},"end":{"line":46,"column":1}}},"4":{"name":"(anonymous_4)","decl":{"start":{"line":40,"column":24},"end":{"line":40,"column":25}},"loc":{"start":{"line":40,"column":39},"end":{"line":42,"column":9}}}},"branchMap":{"0":{"loc":{"start":{"line":18,"column":52},"end":{"line":18,"column":66}},"type":"cond-expr","locations":[{"start":{"line":18,"column":52},"end":{"line":18,"column":66}},{"start":{"line":18,"column":69},"end":{"line":18,"column":136}}]},"1":{"loc":{"start":{"line":26,"column":4},"end":{"line":28,"column":null}},"type":"if","locations":[{"start":{"line":26,"column":4},"end":{"line":28,"column":null}},{"start":{"line":26,"column":4},"end":{"line":28,"column":null}}]},"2":{"loc":{"start":{"line":26,"column":8},"end":{"line":26,"column":23}},"type":"binary-expr","locations":[{"start":{"line":26,"column":8},"end":{"line":26,"column":23}},{"start":{"line":26,"column":27},"end":{"line":26,"column":37}}]}},"s":{"0":1,"1":1,"2":0,"3":0,"4":3,"5":3,"6":0,"7":1,"8":3,"9":3,"10":3,"11":3,"12":3,"13":1},"f":{"0":0,"1":0,"2":3,"3":3,"4":3},"b":{"0":[1,0],"1":[3,0],"2":[3,3]}},"d:\\pnpjs\\packages\\common\\src\\libconfig.ts":{"path":"d:\\pnpjs\\packages\\common\\src\\libconfig.ts","statementMap":{"0":{"start":{"line":1,"column":0},"end":{"line":1,"column":66}},"1":{"start":{"line":43,"column":4},"end":{"line":43,"column":33}},"2":{"start":{"line":42,"column":0},"end":{"line":42,"column":16}},"3":{"start":{"line":47,"column":10},"end":{"line":55,"column":2}},"4":{"start":{"line":59,"column":24},"end":{"line":59,"column":29}},"5":{"start":{"line":62,"column":8},"end":{"line":62,"column":37}},"6":{"start":{"line":63,"column":8},"end":{"line":63,"column":30}},"7":{"start":{"line":64,"column":8},"end":{"line":64,"column":33}},"8":{"start":{"line":65,"column":8},"end":{"line":65,"column":33}},"9":{"start":{"line":66,"column":8},"end":{"line":66,"column":31}},"10":{"start":{"line":67,"column":8},"end":{"line":67,"column":32}},"11":{"start":{"line":68,"column":8},"end":{"line":68,"column":33}},"12":{"start":{"line":76,"column":8},"end":{"line":76,"column":58}},"13":{"start":{"line":80,"column":8},"end":{"line":80,"column":32}},"14":{"start":{"line":84,"column":8},"end":{"line":84,"column":30}},"15":{"start":{"line":88,"column":8},"end":{"line":88,"column":30}},"16":{"start":{"line":92,"column":8},"end":{"line":92,"column":30}},"17":{"start":{"line":96,"column":8},"end":{"line":96,"column":30}},"18":{"start":{"line":100,"column":8},"end":{"line":100,"column":30}},"19":{"start":{"line":104,"column":8},"end":{"line":104,"column":30}},"20":{"start":{"line":108,"column":18},"end":{"line":108,"column":32}},"21":{"start":{"line":109,"column":8},"end":{"line":111,"column":null}},"22":{"start":{"line":110,"column":12},"end":{"line":110,"column":105}},"23":{"start":{"line":112,"column":8},"end":{"line":112,"column":17}},"24":{"start":{"line":57,"column":0},"end":{"line":57,"column":13}},"25":{"start":{"line":116,"column":23},"end":{"line":116,"column":46}},"26":{"start":{"line":118,"column":11},"end":{"line":118,"column":42}}},"fnMap":{"0":{"name":"setup","decl":{"start":{"line":42,"column":16},"end":{"line":42,"column":21}},"loc":{"start":{"line":42,"column":50},"end":{"line":44,"column":1}}},"1":{"name":"(anonymous_1)","decl":{"start":{"line":59,"column":4},"end":{"line":59,"column":24}},"loc":{"start":{"line":59,"column":51},"end":{"line":69,"column":5}}},"2":{"name":"(anonymous_2)","decl":{"start":{"line":75,"column":11},"end":{"line":75,"column":17}},"loc":{"start":{"line":75,"column":40},"end":{"line":77,"column":5}}},"3":{"name":"(anonymous_3)","decl":{"start":{"line":79,"column":11},"end":{"line":79,"column":14}},"loc":{"start":{"line":79,"column":26},"end":{"line":81,"column":5}}},"4":{"name":"(anonymous_4)","decl":{"start":{"line":83,"column":4},"end":{"line":83,"column":15}},"loc":{"start":{"line":83,"column":34},"end":{"line":85,"column":5}}},"5":{"name":"(anonymous_5)","decl":{"start":{"line":87,"column":4},"end":{"line":87,"column":15}},"loc":{"start":{"line":87,"column":43},"end":{"line":89,"column":5}}},"6":{"name":"(anonymous_6)","decl":{"start":{"line":91,"column":4},"end":{"line":91,"column":15}},"loc":{"start":{"line":91,"column":33},"end":{"line":93,"column":5}}},"7":{"name":"(anonymous_7)","decl":{"start":{"line":95,"column":4},"end":{"line":95,"column":15}},"loc":{"start":{"line":95,"column":36},"end":{"line":97,"column":5}}},"8":{"name":"(anonymous_8)","decl":{"start":{"line":99,"column":4},"end":{"line":99,"column":15}},"loc":{"start":{"line":99,"column":50},"end":{"line":101,"column":5}}},"9":{"name":"(anonymous_9)","decl":{"start":{"line":103,"column":4},"end":{"line":103,"column":15}},"loc":{"start":{"line":103,"column":26},"end":{"line":105,"column":5}}},"10":{"name":"(anonymous_10)","decl":{"start":{"line":107,"column":4},"end":{"line":107,"column":15}},"loc":{"start":{"line":107,"column":19},"end":{"line":113,"column":5}}}},"branchMap":{"0":{"loc":{"start":{"line":59,"column":29},"end":{"line":59,"column":51}},"type":"default-arg","locations":[{"start":{"line":59,"column":29},"end":{"line":59,"column":51}}]},"1":{"loc":{"start":{"line":109,"column":8},"end":{"line":111,"column":null}},"type":"if","locations":[{"start":{"line":109,"column":8},"end":{"line":111,"column":null}},{"start":{"line":109,"column":8},"end":{"line":111,"column":null}}]}},"s":{"0":1,"1":0,"2":1,"3":1,"4":1,"5":1,"6":1,"7":1,"8":1,"9":1,"10":1,"11":1,"12":3,"13":126,"14":0,"15":0,"16":0,"17":0,"18":0,"19":10,"20":84,"21":84,"22":0,"23":84,"24":1,"25":1,"26":1},"f":{"0":0,"1":1,"2":3,"3":126,"4":0,"5":0,"6":0,"7":0,"8":0,"9":10,"10":84},"b":{"0":[1],"1":[0,84]}},"d:\\pnpjs\\packages\\common\\src\\storage.ts":{"path":"d:\\pnpjs\\packages\\common\\src\\storage.ts","statementMap":{"0":{"start":{"line":1,"column":0},"end":{"line":1,"column":76}},"1":{"start":{"line":2,"column":0},"end":{"line":2,"column":44}},"2":{"start":{"line":20,"column":24},"end":{"line":20,"column":38}},"3":{"start":{"line":20,"column":47},"end":{"line":20,"column":71}},"4":{"start":{"line":21,"column":8},"end":{"line":21,"column":35}},"5":{"start":{"line":24,"column":8},"end":{"line":26,"column":null}},"6":{"start":{"line":25,"column":12},"end":{"line":25,"column":42}},"7":{"start":{"line":36,"column":8},"end":{"line":38,"column":null}},"8":{"start":{"line":37,"column":12},"end":{"line":37,"column":24}},"9":{"start":{"line":40,"column":18},"end":{"line":40,"column":41}},"10":{"start":{"line":42,"column":8},"end":{"line":44,"column":null}},"11":{"start":{"line":43,"column":12},"end":{"line":43,"column":24}},"12":{"start":{"line":46,"column":28},"end":{"line":46,"column":42}},"13":{"start":{"line":48,"column":8},"end":{"line":55,"column":null}},"14":{"start":{"line":49,"column":12},"end":{"line":49,"column":29}},"15":{"start":{"line":50,"column":12},"end":{"line":50,"column":24}},"16":{"start":{"line":54,"column":12},"end":{"line":54,"column":42}},"17":{"start":{"line":66,"column":8},"end":{"line":68,"column":null}},"18":{"start":{"line":67,"column":12},"end":{"line":67,"column":71}},"19":{"start":{"line":77,"column":8},"end":{"line":79,"column":null}},"20":{"start":{"line":78,"column":12},"end":{"line":78,"column":39}},"21":{"start":{"line":90,"column":8},"end":{"line":92,"column":null}},"22":{"start":{"line":91,"column":12},"end":{"line":91,"column":28}},"23":{"start":{"line":94,"column":8},"end":{"line":106,"column":11}},"24":{"start":{"line":96,"column":22},"end":{"line":96,"column":38}},"25":{"start":{"line":98,"column":12},"end":{"line":105,"column":null}},"26":{"start":{"line":99,"column":16},"end":{"line":102,"column":19}},"27":{"start":{"line":100,"column":20},"end":{"line":100,"column":45}},"28":{"start":{"line":101,"column":20},"end":{"line":101,"column":31}},"29":{"start":{"line":104,"column":16},"end":{"line":104,"column":27}},"30":{"start":{"line":114,"column":8},"end":{"line":136,"column":11}},"31":{"start":{"line":116,"column":12},"end":{"line":118,"column":null}},"32":{"start":{"line":117,"column":16},"end":{"line":117,"column":26}},"33":{"start":{"line":120,"column":12},"end":{"line":135,"column":null}},"34":{"start":{"line":122,"column":16},"end":{"line":131,"column":null}},"35":{"start":{"line":122,"column":29},"end":{"line":122,"column":30}},"36":{"start":{"line":123,"column":32},"end":{"line":123,"column":49}},"37":{"start":{"line":124,"column":20},"end":{"line":130,"column":null}},"38":{"start":{"line":126,"column":24},"end":{"line":129,"column":null}},"39":{"start":{"line":128,"column":28},"end":{"line":128,"column":42}},"40":{"start":{"line":133,"column":16},"end":{"line":133,"column":26}},"41":{"start":{"line":135,"column":26},"end":{"line":135,"column":36}},"42":{"start":{"line":143,"column":20},"end":{"line":143,"column":23}},"43":{"start":{"line":144,"column":8},"end":{"line":150,"column":null}},"44":{"start":{"line":145,"column":12},"end":{"line":145,"column":41}},"45":{"start":{"line":146,"column":12},"end":{"line":146,"column":39}},"46":{"start":{"line":147,"column":12},"end":{"line":147,"column":24}},"47":{"start":{"line":149,"column":12},"end":{"line":149,"column":25}},"48":{"start":{"line":157,"column":8},"end":{"line":165,"column":null}},"49":{"start":{"line":160,"column":33},"end":{"line":160,"column":75}},"50":{"start":{"line":161,"column":12},"end":{"line":163,"column":null}},"51":{"start":{"line":162,"column":16},"end":{"line":162,"column":65}},"52":{"start":{"line":164,"column":12},"end":{"line":164,"column":67}},"53":{"start":{"line":167,"column":8},"end":{"line":167,"column":61}},"54":{"start":{"line":174,"column":8},"end":{"line":180,"column":11}},"55":{"start":{"line":177,"column":12},"end":{"line":177,"column":125}},"56":{"start":{"line":179,"column":12},"end":{"line":179,"column":29}},"57":{"start":{"line":8,"column":0},"end":{"line":8,"column":13}},"58":{"start":{"line":236,"column":24},"end":{"line":236,"column":33}},"59":{"start":{"line":239,"column":8},"end":{"line":239,"column":32}},"60":{"start":{"line":243,"column":8},"end":{"line":243,"column":28}},"61":{"start":{"line":247,"column":8},"end":{"line":247,"column":36}},"62":{"start":{"line":251,"column":8},"end":{"line":251,"column":49}},"63":{"start":{"line":255,"column":8},"end":{"line":255,"column":32}},"64":{"start":{"line":259,"column":8},"end":{"line":259,"column":35}},"65":{"start":{"line":276,"column":24},"end":{"line":276,"column":57}},"66":{"start":{"line":276,"column":71},"end":{"line":276,"column":106}},"67":{"start":{"line":283,"column":8},"end":{"line":285,"column":null}},"68":{"start":{"line":284,"column":12},"end":{"line":284,"column":49}},"69":{"start":{"line":287,"column":8},"end":{"line":287,"column":27}},"70":{"start":{"line":295,"column":8},"end":{"line":297,"column":null}},"71":{"start":{"line":296,"column":12},"end":{"line":296,"column":53}},"72":{"start":{"line":299,"column":8},"end":{"line":299,"column":29}},"73":{"start":{"line":304,"column":8},"end":{"line":306,"column":null}},"74":{"start":{"line":305,"column":12},"end":{"line":305,"column":122}},"75":{"start":{"line":308,"column":8},"end":{"line":308,"column":122}},"76":{"start":{"line":269,"column":0},"end":{"line":269,"column":13}}},"fnMap":{"0":{"name":"(anonymous_0)","decl":{"start":{"line":20,"column":4},"end":{"line":20,"column":24}},"loc":{"start":{"line":20,"column":73},"end":{"line":27,"column":5}}},"1":{"name":"(anonymous_1)","decl":{"start":{"line":34,"column":11},"end":{"line":34,"column":14}},"loc":{"start":{"line":34,"column":29},"end":{"line":56,"column":5}}},"2":{"name":"(anonymous_2)","decl":{"start":{"line":65,"column":11},"end":{"line":65,"column":14}},"loc":{"start":{"line":65,"column":49},"end":{"line":69,"column":5}}},"3":{"name":"(anonymous_3)","decl":{"start":{"line":76,"column":11},"end":{"line":76,"column":17}},"loc":{"start":{"line":76,"column":29},"end":{"line":80,"column":5}}},"4":{"name":"(anonymous_4)","decl":{"start":{"line":89,"column":11},"end":{"line":89,"column":19}},"loc":{"start":{"line":89,"column":75},"end":{"line":107,"column":5}}},"5":{"name":"(anonymous_5)","decl":{"start":{"line":94,"column":27},"end":{"line":94,"column":28}},"loc":{"start":{"line":94,"column":39},"end":{"line":106,"column":9}}},"6":{"name":"(anonymous_6)","decl":{"start":{"line":99,"column":30},"end":{"line":99,"column":31}},"loc":{"start":{"line":99,"column":36},"end":{"line":102,"column":17}}},"7":{"name":"(anonymous_7)","decl":{"start":{"line":112,"column":11},"end":{"line":112,"column":24}},"loc":{"start":{"line":112,"column":24},"end":{"line":137,"column":5}}},"8":{"name":"(anonymous_8)","decl":{"start":{"line":114,"column":33},"end":{"line":114,"column":34}},"loc":{"start":{"line":114,"column":53},"end":{"line":136,"column":9}}},"9":{"name":"(anonymous_9)","decl":{"start":{"line":142,"column":12},"end":{"line":142,"column":16}},"loc":{"start":{"line":142,"column":16},"end":{"line":151,"column":5}}},"10":{"name":"(anonymous_10)","decl":{"start":{"line":156,"column":12},"end":{"line":156,"column":29}},"loc":{"start":{"line":156,"column":51},"end":{"line":168,"column":5}}},"11":{"name":"(anonymous_11)","decl":{"start":{"line":173,"column":12},"end":{"line":173,"column":34}},"loc":{"start":{"line":173,"column":34},"end":{"line":181,"column":5}}},"12":{"name":"(anonymous_12)","decl":{"start":{"line":174,"column":34},"end":{"line":174,"column":35}},"loc":{"start":{"line":174,"column":38},"end":{"line":178,"column":9}}},"13":{"name":"(anonymous_13)","decl":{"start":{"line":178,"column":17},"end":{"line":178,"column":18}},"loc":{"start":{"line":178,"column":21},"end":{"line":180,"column":9}}},"14":{"name":"(anonymous_14)","decl":{"start":{"line":236,"column":4},"end":{"line":236,"column":24}},"loc":{"start":{"line":236,"column":55},"end":{"line":236,"column":60}}},"15":{"name":"(anonymous_15)","decl":{"start":{"line":238,"column":4},"end":{"line":238,"column":15}},"loc":{"start":{"line":238,"column":21},"end":{"line":240,"column":5}}},"16":{"name":"(anonymous_16)","decl":{"start":{"line":242,"column":11},"end":{"line":242,"column":16}},"loc":{"start":{"line":242,"column":16},"end":{"line":244,"column":5}}},"17":{"name":"(anonymous_17)","decl":{"start":{"line":246,"column":11},"end":{"line":246,"column":18}},"loc":{"start":{"line":246,"column":30},"end":{"line":248,"column":5}}},"18":{"name":"(anonymous_18)","decl":{"start":{"line":250,"column":11},"end":{"line":250,"column":14}},"loc":{"start":{"line":250,"column":28},"end":{"line":252,"column":5}}},"19":{"name":"(anonymous_19)","decl":{"start":{"line":254,"column":11},"end":{"line":254,"column":21}},"loc":{"start":{"line":254,"column":33},"end":{"line":256,"column":5}}},"20":{"name":"(anonymous_20)","decl":{"start":{"line":258,"column":11},"end":{"line":258,"column":18}},"loc":{"start":{"line":258,"column":44},"end":{"line":260,"column":5}}},"21":{"name":"(anonymous_21)","decl":{"start":{"line":276,"column":4},"end":{"line":276,"column":24}},"loc":{"start":{"line":276,"column":110},"end":{"line":276,"column":115}}},"22":{"name":"(anonymous_22)","decl":{"start":{"line":281,"column":4},"end":{"line":281,"column":15}},"loc":{"start":{"line":281,"column":20},"end":{"line":288,"column":5}}},"23":{"name":"(anonymous_23)","decl":{"start":{"line":293,"column":4},"end":{"line":293,"column":15}},"loc":{"start":{"line":293,"column":22},"end":{"line":300,"column":5}}},"24":{"name":"(anonymous_24)","decl":{"start":{"line":302,"column":12},"end":{"line":302,"column":20}},"loc":{"start":{"line":302,"column":33},"end":{"line":309,"column":5}}}},"branchMap":{"0":{"loc":{"start":{"line":20,"column":71},"end":{"line":20,"column":73}},"type":"default-arg","locations":[{"start":{"line":20,"column":71},"end":{"line":20,"column":73}}]},"1":{"loc":{"start":{"line":24,"column":8},"end":{"line":26,"column":null}},"type":"if","locations":[{"start":{"line":24,"column":8},"end":{"line":26,"column":null}},{"start":{"line":24,"column":8},"end":{"line":26,"column":null}}]},"2":{"loc":{"start":{"line":36,"column":8},"end":{"line":38,"column":null}},"type":"if","locations":[{"start":{"line":36,"column":8},"end":{"line":38,"column":null}},{"start":{"line":36,"column":8},"end":{"line":38,"column":null}}]},"3":{"loc":{"start":{"line":42,"column":8},"end":{"line":44,"column":null}},"type":"if","locations":[{"start":{"line":42,"column":8},"end":{"line":44,"column":null}},{"start":{"line":42,"column":8},"end":{"line":44,"column":null}}]},"4":{"loc":{"start":{"line":48,"column":8},"end":{"line":55,"column":null}},"type":"if","locations":[{"start":{"line":48,"column":8},"end":{"line":55,"column":null}},{"start":{"line":48,"column":8},"end":{"line":55,"column":null}}]},"5":{"loc":{"start":{"line":66,"column":8},"end":{"line":68,"column":null}},"type":"if","locations":[{"start":{"line":66,"column":8},"end":{"line":68,"column":null}},{"start":{"line":66,"column":8},"end":{"line":68,"column":null}}]},"6":{"loc":{"start":{"line":77,"column":8},"end":{"line":79,"column":null}},"type":"if","locations":[{"start":{"line":77,"column":8},"end":{"line":79,"column":null}},{"start":{"line":77,"column":8},"end":{"line":79,"column":null}}]},"7":{"loc":{"start":{"line":90,"column":8},"end":{"line":92,"column":null}},"type":"if","locations":[{"start":{"line":90,"column":8},"end":{"line":92,"column":null}},{"start":{"line":90,"column":8},"end":{"line":92,"column":null}}]},"8":{"loc":{"start":{"line":98,"column":12},"end":{"line":105,"column":null}},"type":"if","locations":[{"start":{"line":98,"column":12},"end":{"line":105,"column":null}},{"start":{"line":98,"column":12},"end":{"line":105,"column":null}}]},"9":{"loc":{"start":{"line":116,"column":12},"end":{"line":118,"column":null}},"type":"if","locations":[{"start":{"line":116,"column":12},"end":{"line":118,"column":null}},{"start":{"line":116,"column":12},"end":{"line":118,"column":null}}]},"10":{"loc":{"start":{"line":124,"column":20},"end":{"line":130,"column":null}},"type":"if","locations":[{"start":{"line":124,"column":20},"end":{"line":130,"column":null}},{"start":{"line":124,"column":20},"end":{"line":130,"column":null}}]},"11":{"loc":{"start":{"line":126,"column":24},"end":{"line":129,"column":null}},"type":"if","locations":[{"start":{"line":126,"column":24},"end":{"line":129,"column":null}},{"start":{"line":126,"column":24},"end":{"line":129,"column":null}}]},"12":{"loc":{"start":{"line":157,"column":8},"end":{"line":165,"column":null}},"type":"if","locations":[{"start":{"line":157,"column":8},"end":{"line":165,"column":null}},{"start":{"line":157,"column":8},"end":{"line":165,"column":null}}]},"13":{"loc":{"start":{"line":161,"column":12},"end":{"line":163,"column":null}},"type":"if","locations":[{"start":{"line":161,"column":12},"end":{"line":163,"column":null}},{"start":{"line":161,"column":12},"end":{"line":163,"column":null}}]},"14":{"loc":{"start":{"line":236,"column":33},"end":{"line":236,"column":55}},"type":"default-arg","locations":[{"start":{"line":236,"column":33},"end":{"line":236,"column":55}}]},"15":{"loc":{"start":{"line":276,"column":57},"end":{"line":276,"column":61}},"type":"default-arg","locations":[{"start":{"line":276,"column":57},"end":{"line":276,"column":61}}]},"16":{"loc":{"start":{"line":276,"column":106},"end":{"line":276,"column":110}},"type":"default-arg","locations":[{"start":{"line":276,"column":106},"end":{"line":276,"column":110}}]},"17":{"loc":{"start":{"line":283,"column":8},"end":{"line":285,"column":null}},"type":"if","locations":[{"start":{"line":283,"column":8},"end":{"line":285,"column":null}},{"start":{"line":283,"column":8},"end":{"line":285,"column":null}}]},"18":{"loc":{"start":{"line":295,"column":8},"end":{"line":297,"column":null}},"type":"if","locations":[{"start":{"line":295,"column":8},"end":{"line":297,"column":null}},{"start":{"line":295,"column":8},"end":{"line":297,"column":null}}]},"19":{"loc":{"start":{"line":304,"column":8},"end":{"line":306,"column":null}},"type":"if","locations":[{"start":{"line":304,"column":8},"end":{"line":306,"column":null}},{"start":{"line":304,"column":8},"end":{"line":306,"column":null}}]},"20":{"loc":{"start":{"line":305,"column":86},"end":{"line":305,"column":105}},"type":"cond-expr","locations":[{"start":{"line":305,"column":86},"end":{"line":305,"column":105}},{"start":{"line":305,"column":108},"end":{"line":305,"column":120}}]},"21":{"loc":{"start":{"line":308,"column":84},"end":{"line":308,"column":103}},"type":"cond-expr","locations":[{"start":{"line":308,"column":84},"end":{"line":308,"column":103}},{"start":{"line":308,"column":106},"end":{"line":308,"column":120}}]}},"s":{"0":1,"1":1,"2":0,"3":0,"4":0,"5":0,"6":0,"7":0,"8":0,"9":0,"10":0,"11":0,"12":0,"13":0,"14":0,"15":0,"16":0,"17":0,"18":0,"19":0,"20":0,"21":0,"22":0,"23":0,"24":0,"25":0,"26":0,"27":0,"28":0,"29":0,"30":0,"31":0,"32":0,"33":0,"34":0,"35":0,"36":0,"37":0,"38":0,"39":0,"40":0,"41":0,"42":0,"43":0,"44":0,"45":0,"46":0,"47":0,"48":0,"49":0,"50":0,"51":0,"52":0,"53":0,"54":0,"55":0,"56":0,"57":1,"58":0,"59":0,"60":0,"61":0,"62":0,"63":0,"64":0,"65":1,"66":1,"67":0,"68":0,"69":0,"70":0,"71":0,"72":0,"73":0,"74":0,"75":0,"76":1},"f":{"0":0,"1":0,"2":0,"3":0,"4":0,"5":0,"6":0,"7":0,"8":0,"9":0,"10":0,"11":0,"12":0,"13":0,"14":0,"15":0,"16":0,"17":0,"18":0,"19":0,"20":0,"21":1,"22":0,"23":0,"24":0},"b":{"0":[0],"1":[0,0],"2":[0,0],"3":[0,0],"4":[0,0],"5":[0,0],"6":[0,0],"7":[0,0],"8":[0,0],"9":[0,0],"10":[0,0],"11":[0,0],"12":[0,0],"13":[0,0],"14":[0],"15":[1],"16":[1],"17":[0,0],"18":[0,0],"19":[0,0],"20":[0,0],"21":[0,0]}},"d:\\pnpjs\\packages\\graph\\index.ts":{"path":"d:\\pnpjs\\packages\\graph\\index.ts","statementMap":{"0":{"start":{"line":1,"column":0},"end":{"line":1,"column":28}}},"fnMap":{},"branchMap":{},"s":{"0":1},"f":{},"b":{}},"d:\\pnpjs\\packages\\graph\\src\\graph.ts":{"path":"d:\\pnpjs\\packages\\graph\\src\\graph.ts","statementMap":{"0":{"start":{"line":1,"column":0},"end":{"line":1,"column":9}},"1":{"start":{"line":1,"column":9},"end":{"line":1,"column":16}},"2":{"start":{"line":1,"column":16},"end":{"line":1,"column":42}},"3":{"start":{"line":3,"column":0},"end":{"line":3,"column":null}},"4":{"start":{"line":4,"column":4},"end":{"line":4,"column":null}},"5":{"start":{"line":7,"column":0},"end":{"line":7,"column":null}},"6":{"start":{"line":11,"column":4},"end":{"line":11,"column":null}},"7":{"start":{"line":13,"column":4},"end":{"line":13,"column":null}},"8":{"start":{"line":14,"column":4},"end":{"line":14,"column":null}},"9":{"start":{"line":16,"column":4},"end":{"line":16,"column":null}},"10":{"start":{"line":24,"column":0},"end":{"line":24,"column":24}}},"fnMap":{},"branchMap":{},"s":{"0":1,"1":1,"2":1,"3":1,"4":1,"5":1,"6":1,"7":1,"8":1,"9":1,"10":1},"f":{},"b":{}},"d:\\pnpjs\\packages\\graph\\src\\rest.ts":{"path":"d:\\pnpjs\\packages\\graph\\src\\rest.ts","statementMap":{"0":{"start":{"line":1,"column":0},"end":{"line":1,"column":51}},"1":{"start":{"line":2,"column":0},"end":{"line":2,"column":null}},"2":{"start":{"line":6,"column":0},"end":{"line":6,"column":37}},"3":{"start":{"line":11,"column":8},"end":{"line":11,"column":32}},"4":{"start":{"line":15,"column":8},"end":{"line":15,"column":23}},"5":{"start":{"line":8,"column":0},"end":{"line":8,"column":13}},"6":{"start":{"line":19,"column":11},"end":{"line":19,"column":41}}},"fnMap":{"0":{"name":"(anonymous_0)","decl":{"start":{"line":10,"column":11},"end":{"line":10,"column":22}},"loc":{"start":{"line":10,"column":22},"end":{"line":12,"column":5}}},"1":{"name":"(anonymous_1)","decl":{"start":{"line":14,"column":11},"end":{"line":14,"column":16}},"loc":{"start":{"line":14,"column":43},"end":{"line":16,"column":5}}}},"branchMap":{},"s":{"0":1,"1":1,"2":1,"3":0,"4":1,"5":1,"6":1},"f":{"0":0,"1":1},"b":{}},"d:\\pnpjs\\packages\\graph\\src\\graphqueryable.ts":{"path":"d:\\pnpjs\\packages\\graph\\src\\graphqueryable.ts","statementMap":{"0":{"start":{"line":1,"column":0},"end":{"line":1,"column":68}},"1":{"start":{"line":2,"column":0},"end":{"line":2,"column":81}},"2":{"start":{"line":3,"column":0},"end":{"line":3,"column":41}},"3":{"start":{"line":4,"column":0},"end":{"line":4,"column":40}},"4":{"start":{"line":10,"column":13},"end":{"line":12,"column":2}},"5":{"start":{"line":11,"column":4},"end":{"line":11,"column":34}},"6":{"start":{"line":29,"column":18},"end":{"line":29,"column":20}},"7":{"start":{"line":30,"column":24},"end":{"line":30,"column":26}},"8":{"start":{"line":31,"column":22},"end":{"line":31,"column":47}},"9":{"start":{"line":33,"column":8},"end":{"line":39,"column":null}},"10":{"start":{"line":34,"column":12},"end":{"line":34,"column":32}},"11":{"start":{"line":35,"column":12},"end":{"line":35,"column":43}},"12":{"start":{"line":37,"column":12},"end":{"line":37,"column":40}},"13":{"start":{"line":38,"column":12},"end":{"line":38,"column":43}},"14":{"start":{"line":41,"column":8},"end":{"line":45,"column":11}},"15":{"start":{"line":48,"column":8},"end":{"line":50,"column":null}},"16":{"start":{"line":49,"column":12},"end":{"line":49,"column":40}},"17":{"start":{"line":59,"column":8},"end":{"line":61,"column":null}},"18":{"start":{"line":60,"column":12},"end":{"line":60,"column":57}},"19":{"start":{"line":62,"column":8},"end":{"line":62,"column":20}},"20":{"start":{"line":71,"column":8},"end":{"line":73,"column":null}},"21":{"start":{"line":72,"column":12},"end":{"line":72,"column":57}},"22":{"start":{"line":74,"column":8},"end":{"line":74,"column":20}},"23":{"start":{"line":78,"column":8},"end":{"line":78,"column":39}},"24":{"start":{"line":87,"column":18},"end":{"line":87,"column":30}},"25":{"start":{"line":89,"column":8},"end":{"line":91,"column":null}},"26":{"start":{"line":90,"column":12},"end":{"line":90,"column":62}},"27":{"start":{"line":93,"column":8},"end":{"line":96,"column":null}},"28":{"start":{"line":94,"column":25},"end":{"line":94,"column":58}},"29":{"start":{"line":95,"column":12},"end":{"line":95,"column":112}},"30":{"start":{"line":95,"column":81},"end":{"line":95,"column":98}},"31":{"start":{"line":98,"column":8},"end":{"line":98,"column":19}},"32":{"start":{"line":111,"column":8},"end":{"line":111,"column":42}},"33":{"start":{"line":122,"column":8},"end":{"line":122,"column":81}},"34":{"start":{"line":126,"column":8},"end":{"line":126,"column":71}},"35":{"start":{"line":127,"column":8},"end":{"line":127,"column":20}},"36":{"start":{"line":18,"column":0},"end":{"line":18,"column":13}},"37":{"start":{"line":157,"column":13},"end":{"line":157,"column":86}},"38":{"start":{"line":170,"column":8},"end":{"line":170,"column":42}},"39":{"start":{"line":171,"column":8},"end":{"line":171,"column":20}},"40":{"start":{"line":181,"column":18},"end":{"line":181,"column":28}},"41":{"start":{"line":182,"column":22},"end":{"line":182,"column":75}},"42":{"start":{"line":183,"column":8},"end":{"line":183,"column":63}},"43":{"start":{"line":184,"column":8},"end":{"line":184,"column":43}},"44":{"start":{"line":185,"column":8},"end":{"line":185,"column":20}},"45":{"start":{"line":194,"column":8},"end":{"line":194,"column":47}},"46":{"start":{"line":195,"column":8},"end":{"line":195,"column":20}},"47":{"start":{"line":204,"column":8},"end":{"line":204,"column":48}},"48":{"start":{"line":205,"column":8},"end":{"line":205,"column":20}},"49":{"start":{"line":212,"column":8},"end":{"line":212,"column":44}},"50":{"start":{"line":213,"column":8},"end":{"line":213,"column":20}},"51":{"start":{"line":220,"column":8},"end":{"line":220,"column":41}},"52":{"start":{"line":221,"column":8},"end":{"line":221,"column":20}},"53":{"start":{"line":163,"column":0},"end":{"line":163,"column":13}},"54":{"start":{"line":266,"column":13},"end":{"line":266,"column":116}},"55":{"start":{"line":274,"column":8},"end":{"line":274,"column":41}},"56":{"start":{"line":275,"column":8},"end":{"line":275,"column":20}},"57":{"start":{"line":268,"column":0},"end":{"line":268,"column":13}},"58":{"start":{"line":283,"column":13},"end":{"line":283,"column":146}},"59":{"start":{"line":290,"column":0},"end":{"line":290,"column":13}},"60":{"start":{"line":294,"column":13},"end":{"line":294,"column":110}}},"fnMap":{"0":{"name":"(anonymous_0)","decl":{"start":{"line":10,"column":37},"end":{"line":10,"column":41}},"loc":{"start":{"line":10,"column":108},"end":{"line":12,"column":1}}},"1":{"name":"(anonymous_1)","decl":{"start":{"line":27,"column":4},"end":{"line":27,"column":16}},"loc":{"start":{"line":27,"column":64},"end":{"line":51,"column":5}}},"2":{"name":"(anonymous_2)","decl":{"start":{"line":58,"column":11},"end":{"line":58,"column":17}},"loc":{"start":{"line":58,"column":38},"end":{"line":63,"column":5}}},"3":{"name":"(anonymous_3)","decl":{"start":{"line":70,"column":11},"end":{"line":70,"column":17}},"loc":{"start":{"line":70,"column":38},"end":{"line":75,"column":5}}},"4":{"name":"(anonymous_4)","decl":{"start":{"line":77,"column":11},"end":{"line":77,"column":24}},"loc":{"start":{"line":77,"column":48},"end":{"line":79,"column":5}}},"5":{"name":"(anonymous_5)","decl":{"start":{"line":85,"column":11},"end":{"line":85,"column":24}},"loc":{"start":{"line":85,"column":24},"end":{"line":99,"column":5}}},"6":{"name":"(anonymous_6)","decl":{"start":{"line":95,"column":56},"end":{"line":95,"column":57}},"loc":{"start":{"line":95,"column":81},"end":{"line":95,"column":98}}},"7":{"name":"(anonymous_7)","decl":{"start":{"line":106,"column":14},"end":{"line":106,"column":23}},"loc":{"start":{"line":109,"column":21},"end":{"line":112,"column":5}}},"8":{"name":"(anonymous_8)","decl":{"start":{"line":120,"column":14},"end":{"line":120,"column":19}},"loc":{"start":{"line":120,"column":123},"end":{"line":123,"column":5}}},"9":{"name":"(anonymous_9)","decl":{"start":{"line":125,"column":14},"end":{"line":125,"column":25}},"loc":{"start":{"line":125,"column":42},"end":{"line":128,"column":5}}},"10":{"name":"(anonymous_10)","decl":{"start":{"line":169,"column":11},"end":{"line":169,"column":17}},"loc":{"start":{"line":169,"column":32},"end":{"line":172,"column":5}}},"11":{"name":"(anonymous_11)","decl":{"start":{"line":180,"column":11},"end":{"line":180,"column":18}},"loc":{"start":{"line":180,"column":52},"end":{"line":186,"column":5}}},"12":{"name":"(anonymous_12)","decl":{"start":{"line":193,"column":11},"end":{"line":193,"column":14}},"loc":{"start":{"line":193,"column":26},"end":{"line":196,"column":5}}},"13":{"name":"(anonymous_13)","decl":{"start":{"line":203,"column":11},"end":{"line":203,"column":15}},"loc":{"start":{"line":203,"column":27},"end":{"line":206,"column":5}}},"14":{"name":"(anonymous_14)","decl":{"start":{"line":211,"column":11},"end":{"line":211,"column":20}},"loc":{"start":{"line":211,"column":34},"end":{"line":214,"column":5}}},"15":{"name":"(anonymous_15)","decl":{"start":{"line":219,"column":4},"end":{"line":219,"column":15}},"loc":{"start":{"line":219,"column":20},"end":{"line":222,"column":5}}},"16":{"name":"(anonymous_16)","decl":{"start":{"line":273,"column":11},"end":{"line":273,"column":17}},"loc":{"start":{"line":273,"column":31},"end":{"line":276,"column":5}}}},"branchMap":{"0":{"loc":{"start":{"line":33,"column":8},"end":{"line":39,"column":null}},"type":"if","locations":[{"start":{"line":33,"column":8},"end":{"line":39,"column":null}},{"start":{"line":33,"column":8},"end":{"line":39,"column":null}}]},"1":{"loc":{"start":{"line":48,"column":8},"end":{"line":50,"column":null}},"type":"if","locations":[{"start":{"line":48,"column":8},"end":{"line":50,"column":null}},{"start":{"line":48,"column":8},"end":{"line":50,"column":null}}]},"2":{"loc":{"start":{"line":59,"column":8},"end":{"line":61,"column":null}},"type":"if","locations":[{"start":{"line":59,"column":8},"end":{"line":61,"column":null}},{"start":{"line":59,"column":8},"end":{"line":61,"column":null}}]},"3":{"loc":{"start":{"line":71,"column":8},"end":{"line":73,"column":null}},"type":"if","locations":[{"start":{"line":71,"column":8},"end":{"line":73,"column":null}},{"start":{"line":71,"column":8},"end":{"line":73,"column":null}}]},"4":{"loc":{"start":{"line":89,"column":8},"end":{"line":91,"column":null}},"type":"if","locations":[{"start":{"line":89,"column":8},"end":{"line":91,"column":null}},{"start":{"line":89,"column":8},"end":{"line":91,"column":null}}]},"5":{"loc":{"start":{"line":93,"column":8},"end":{"line":96,"column":null}},"type":"if","locations":[{"start":{"line":93,"column":8},"end":{"line":96,"column":null}},{"start":{"line":93,"column":8},"end":{"line":96,"column":null}}]},"6":{"loc":{"start":{"line":94,"column":49},"end":{"line":94,"column":52}},"type":"cond-expr","locations":[{"start":{"line":94,"column":49},"end":{"line":94,"column":52}},{"start":{"line":94,"column":55},"end":{"line":94,"column":58}}]},"7":{"loc":{"start":{"line":108,"column":44},"end":{"line":108,"column":58}},"type":"default-arg","locations":[{"start":{"line":108,"column":44},"end":{"line":108,"column":58}}]},"8":{"loc":{"start":{"line":120,"column":119},"end":{"line":120,"column":123}},"type":"default-arg","locations":[{"start":{"line":120,"column":119},"end":{"line":120,"column":123}}]},"9":{"loc":{"start":{"line":180,"column":48},"end":{"line":180,"column":52}},"type":"default-arg","locations":[{"start":{"line":180,"column":48},"end":{"line":180,"column":52}}]},"10":{"loc":{"start":{"line":182,"column":42},"end":{"line":182,"column":70}},"type":"cond-expr","locations":[{"start":{"line":182,"column":42},"end":{"line":182,"column":70}},{"start":{"line":182,"column":73},"end":{"line":182,"column":75}}]},"11":{"loc":{"start":{"line":183,"column":45},"end":{"line":183,"column":50}},"type":"cond-expr","locations":[{"start":{"line":183,"column":45},"end":{"line":183,"column":50}},{"start":{"line":183,"column":53},"end":{"line":183,"column":59}}]}},"s":{"0":1,"1":1,"2":1,"3":1,"4":1,"5":4,"6":1,"7":1,"8":1,"9":1,"10":1,"11":1,"12":0,"13":0,"14":1,"15":1,"16":0,"17":0,"18":0,"19":0,"20":0,"21":0,"22":0,"23":0,"24":0,"25":0,"26":0,"27":0,"28":0,"29":0,"30":0,"31":0,"32":0,"33":0,"34":0,"35":0,"36":1,"37":1,"38":0,"39":0,"40":0,"41":0,"42":0,"43":0,"44":0,"45":0,"46":0,"47":0,"48":0,"49":0,"50":0,"51":0,"52":0,"53":1,"54":1,"55":0,"56":0,"57":1,"58":1,"59":1,"60":1},"f":{"0":4,"1":1,"2":0,"3":0,"4":0,"5":0,"6":0,"7":0,"8":0,"9":0,"10":0,"11":0,"12":0,"13":0,"14":0,"15":0,"16":0},"b":{"0":[1,0],"1":[0,1],"2":[0,0],"3":[0,0],"4":[0,0],"5":[0,0],"6":[0,0],"7":[0],"8":[0],"9":[0],"10":[0,0],"11":[0,0]}},"d:\\pnpjs\\packages\\odata\\index.ts":{"path":"d:\\pnpjs\\packages\\odata\\index.ts","statementMap":{"0":{"start":{"line":1,"column":0},"end":{"line":1,"column":28}}},"fnMap":{},"branchMap":{},"s":{"0":1},"f":{},"b":{}},"d:\\pnpjs\\packages\\odata\\src\\odata.ts":{"path":"d:\\pnpjs\\packages\\odata\\src\\odata.ts","statementMap":{"0":{"start":{"line":1,"column":0},"end":{"line":1,"column":24}},"1":{"start":{"line":2,"column":0},"end":{"line":2,"column":26}},"2":{"start":{"line":3,"column":0},"end":{"line":3,"column":25}},"3":{"start":{"line":4,"column":0},"end":{"line":4,"column":28}},"4":{"start":{"line":5,"column":0},"end":{"line":5,"column":28}},"5":{"start":{"line":6,"column":0},"end":{"line":6,"column":35}},"6":{"start":{"line":7,"column":0},"end":{"line":7,"column":26}},"7":{"start":{"line":8,"column":0},"end":{"line":8,"column":27}},"8":{"start":{"line":9,"column":0},"end":{"line":9,"column":28}},"9":{"start":{"line":10,"column":0},"end":{"line":10,"column":35}},"10":{"start":{"line":11,"column":0},"end":{"line":11,"column":null}},"11":{"start":{"line":12,"column":4},"end":{"line":12,"column":null}},"12":{"start":{"line":13,"column":4},"end":{"line":13,"column":null}},"13":{"start":{"line":14,"column":4},"end":{"line":14,"column":null}},"14":{"start":{"line":16,"column":4},"end":{"line":16,"column":null}},"15":{"start":{"line":17,"column":4},"end":{"line":17,"column":null}},"16":{"start":{"line":18,"column":4},"end":{"line":18,"column":null}}},"fnMap":{},"branchMap":{},"s":{"0":1,"1":1,"2":1,"3":1,"4":1,"5":1,"6":1,"7":1,"8":1,"9":1,"10":1,"11":1,"12":1,"13":1,"14":1,"15":1,"16":1},"f":{},"b":{}},"d:\\pnpjs\\packages\\odata\\src\\batch.ts":{"path":"d:\\pnpjs\\packages\\odata\\src\\batch.ts","statementMap":{"0":{"start":{"line":1,"column":0},"end":{"line":1,"column":53}},"1":{"start":{"line":20,"column":24},"end":{"line":20,"column":35}},"2":{"start":{"line":21,"column":8},"end":{"line":21,"column":24}},"3":{"start":{"line":22,"column":8},"end":{"line":22,"column":24}},"4":{"start":{"line":23,"column":8},"end":{"line":23,"column":25}},"5":{"start":{"line":27,"column":8},"end":{"line":27,"column":29}},"6":{"start":{"line":34,"column":8},"end":{"line":34,"column":26}},"7":{"start":{"line":47,"column":44},"end":{"line":55,"column":10}},"8":{"start":{"line":57,"column":18},"end":{"line":60,"column":10}},"9":{"start":{"line":58,"column":12},"end":{"line":58,"column":35}},"10":{"start":{"line":59,"column":12},"end":{"line":59,"column":33}},"11":{"start":{"line":62,"column":8},"end":{"line":62,"column":30}},"12":{"start":{"line":64,"column":8},"end":{"line":64,"column":17}},"13":{"start":{"line":73,"column":35},"end":{"line":73,"column":49}},"14":{"start":{"line":73,"column":41},"end":{"line":73,"column":49}},"15":{"start":{"line":75,"column":8},"end":{"line":77,"column":12}},"16":{"start":{"line":76,"column":12},"end":{"line":76,"column":31}},"17":{"start":{"line":79,"column":8},"end":{"line":79,"column":24}},"18":{"start":{"line":88,"column":8},"end":{"line":88,"column":28}},"19":{"start":{"line":100,"column":8},"end":{"line":104,"column":34}},"20":{"start":{"line":101,"column":24},"end":{"line":101,"column":47}},"21":{"start":{"line":102,"column":24},"end":{"line":102,"column":42}},"22":{"start":{"line":103,"column":24},"end":{"line":103,"column":48}},"23":{"start":{"line":104,"column":24},"end":{"line":104,"column":32}},"24":{"start":{"line":14,"column":0},"end":{"line":14,"column":22}}},"fnMap":{"0":{"name":"(anonymous_0)","decl":{"start":{"line":20,"column":4},"end":{"line":20,"column":24}},"loc":{"start":{"line":20,"column":44},"end":{"line":24,"column":5}}},"1":{"name":"(anonymous_1)","decl":{"start":{"line":26,"column":4},"end":{"line":26,"column":15}},"loc":{"start":{"line":26,"column":22},"end":{"line":28,"column":5}}},"2":{"name":"(anonymous_2)","decl":{"start":{"line":33,"column":4},"end":{"line":33,"column":18}},"loc":{"start":{"line":33,"column":26},"end":{"line":35,"column":5}}},"3":{"name":"(anonymous_3)","decl":{"start":{"line":45,"column":11},"end":{"line":45,"column":14}},"loc":{"start":{"line":45,"column":106},"end":{"line":65,"column":5}}},"4":{"name":"(anonymous_4)","decl":{"start":{"line":57,"column":33},"end":{"line":57,"column":34}},"loc":{"start":{"line":57,"column":53},"end":{"line":60,"column":9}}},"5":{"name":"(anonymous_5)","decl":{"start":{"line":71,"column":11},"end":{"line":71,"column":24}},"loc":{"start":{"line":71,"column":24},"end":{"line":80,"column":5}}},"6":{"name":"(anonymous_6)","decl":{"start":{"line":73,"column":35},"end":{"line":73,"column":38}},"loc":{"start":{"line":73,"column":41},"end":{"line":73,"column":49}}},"7":{"name":"(anonymous_7)","decl":{"start":{"line":75,"column":42},"end":{"line":75,"column":43}},"loc":{"start":{"line":75,"column":54},"end":{"line":77,"column":9}}},"8":{"name":"(anonymous_8)","decl":{"start":{"line":87,"column":11},"end":{"line":87,"column":36}},"loc":{"start":{"line":87,"column":52},"end":{"line":89,"column":5}}},"9":{"name":"(anonymous_9)","decl":{"start":{"line":96,"column":11},"end":{"line":96,"column":18}},"loc":{"start":{"line":96,"column":18},"end":{"line":105,"column":5}}},"10":{"name":"(anonymous_10)","decl":{"start":{"line":101,"column":18},"end":{"line":101,"column":21}},"loc":{"start":{"line":101,"column":24},"end":{"line":101,"column":47}}},"11":{"name":"(anonymous_11)","decl":{"start":{"line":102,"column":18},"end":{"line":102,"column":21}},"loc":{"start":{"line":102,"column":24},"end":{"line":102,"column":42}}},"12":{"name":"(anonymous_12)","decl":{"start":{"line":103,"column":18},"end":{"line":103,"column":21}},"loc":{"start":{"line":103,"column":24},"end":{"line":103,"column":48}}},"13":{"name":"(anonymous_13)","decl":{"start":{"line":104,"column":18},"end":{"line":104,"column":21}},"loc":{"start":{"line":104,"column":24},"end":{"line":104,"column":32}}}},"branchMap":{"0":{"loc":{"start":{"line":20,"column":35},"end":{"line":20,"column":44}},"type":"default-arg","locations":[{"start":{"line":20,"column":35},"end":{"line":20,"column":44}}]}},"s":{"0":1,"1":0,"2":0,"3":0,"4":0,"5":0,"6":0,"7":0,"8":0,"9":0,"10":0,"11":0,"12":0,"13":0,"14":0,"15":0,"16":0,"17":0,"18":0,"19":0,"20":0,"21":0,"22":0,"23":0,"24":1},"f":{"0":0,"1":0,"2":0,"3":0,"4":0,"5":0,"6":0,"7":0,"8":0,"9":0,"10":0,"11":0,"12":0,"13":0},"b":{"0":[0]}},"d:\\pnpjs\\packages\\odata\\src\\caching.ts":{"path":"d:\\pnpjs\\packages\\odata\\src\\caching.ts","statementMap":{"0":{"start":{"line":2,"column":0},"end":{"line":2,"column":88}},"1":{"start":{"line":15,"column":15},"end":{"line":15,"column":26}},"2":{"start":{"line":16,"column":15},"end":{"line":16,"column":48}},"3":{"start":{"line":17,"column":15},"end":{"line":17,"column":28}},"4":{"start":{"line":20,"column":8},"end":{"line":24,"column":null}},"5":{"start":{"line":21,"column":12},"end":{"line":21,"column":48}},"6":{"start":{"line":23,"column":12},"end":{"line":23,"column":50}},"7":{"start":{"line":12,"column":21},"end":{"line":12,"column":54}},"8":{"start":{"line":10,"column":0},"end":{"line":10,"column":13}},"9":{"start":{"line":30,"column":23},"end":{"line":30,"column":46}},"10":{"start":{"line":30,"column":55},"end":{"line":30,"column":83}},"11":{"start":{"line":33,"column":8},"end":{"line":33,"column":72}},"12":{"start":{"line":33,"column":53},"end":{"line":33,"column":70}},"13":{"start":{"line":37,"column":8},"end":{"line":39,"column":null}},"14":{"start":{"line":38,"column":12},"end":{"line":38,"column":99}},"15":{"start":{"line":40,"column":8},"end":{"line":40,"column":20}},"16":{"start":{"line":28,"column":0},"end":{"line":28,"column":13}}},"fnMap":{"0":{"name":"(anonymous_0)","decl":{"start":{"line":14,"column":4},"end":{"line":14,"column":null}},"loc":{"start":{"line":17,"column":101},"end":{"line":17,"column":106}}},"1":{"name":"(anonymous_1)","decl":{"start":{"line":19,"column":4},"end":{"line":19,"column":15}},"loc":{"start":{"line":19,"column":20},"end":{"line":25,"column":5}}},"2":{"name":"(anonymous_2)","decl":{"start":{"line":30,"column":4},"end":{"line":30,"column":23}},"loc":{"start":{"line":30,"column":83},"end":{"line":30,"column":88}}},"3":{"name":"(anonymous_3)","decl":{"start":{"line":32,"column":11},"end":{"line":32,"column":16}},"loc":{"start":{"line":32,"column":35},"end":{"line":34,"column":5}}},"4":{"name":"(anonymous_4)","decl":{"start":{"line":33,"column":48},"end":{"line":33,"column":49}},"loc":{"start":{"line":33,"column":53},"end":{"line":33,"column":70}}},"5":{"name":"(anonymous_5)","decl":{"start":{"line":36,"column":14},"end":{"line":36,"column":23}},"loc":{"start":{"line":36,"column":33},"end":{"line":41,"column":5}}}},"branchMap":{"0":{"loc":{"start":{"line":16,"column":48},"end":{"line":16,"column":81}},"type":"default-arg","locations":[{"start":{"line":16,"column":48},"end":{"line":16,"column":81}}]},"1":{"loc":{"start":{"line":17,"column":28},"end":{"line":17,"column":101}},"type":"default-arg","locations":[{"start":{"line":17,"column":28},"end":{"line":17,"column":101}}]},"2":{"loc":{"start":{"line":20,"column":8},"end":{"line":24,"column":null}},"type":"if","locations":[{"start":{"line":20,"column":8},"end":{"line":24,"column":null}},{"start":{"line":20,"column":8},"end":{"line":24,"column":null}}]},"3":{"loc":{"start":{"line":37,"column":8},"end":{"line":39,"column":null}},"type":"if","locations":[{"start":{"line":37,"column":8},"end":{"line":39,"column":null}},{"start":{"line":37,"column":8},"end":{"line":39,"column":null}}]}},"s":{"0":1,"1":0,"2":0,"3":0,"4":0,"5":0,"6":0,"7":1,"8":1,"9":0,"10":0,"11":0,"12":0,"13":0,"14":0,"15":0,"16":1},"f":{"0":0,"1":0,"2":0,"3":0,"4":0,"5":0},"b":{"0":[0],"1":[0],"2":[0,0],"3":[0,0]}},"d:\\pnpjs\\packages\\odata\\src\\errors.ts":{"path":"d:\\pnpjs\\packages\\odata\\src\\erro
[...]
s\\packages\\sp\\src\\subscriptions\\index.ts":{"path":"d:\\pnpjs\\packages\\sp\\src\\subscriptions\\index.ts","statementMap":{"0":{"start":{"line":1,"column":0},"end":{"line":1,"column":16}},"1":{"start":{"line":3,"column":0},"end":{"line":3,"column":null}},"2":{"start":{"line":8,"column":4},"end":{"line":8,"column":null}},"3":{"start":{"line":9,"column":4},"end":{"line":9,"column":null}}},"fnMap":{},"branchMap":{},"s":{"0":1,"1":1,"2":1,"3":1},"f":{},"b":{}},"d:\\pnpjs\\packages\\sp\\src\\subscriptions\\list.ts":{"path":"d:\\pnpjs\\packages\\sp\\src\\subscriptions\\list.ts","statementMap":{"0":{"start":{"line":1,"column":0},"end":{"line":1,"column":37}},"1":{"start":{"line":2,"column":0},"end":{"line":2,"column":39}},"2":{"start":{"line":3,"column":0},"end":{"line":3,"column":56}},"3":{"start":{"line":17,"column":0},"end":{"line":17,"column":47}}},"fnMap":{},"branchMap":{},"s":{"0":1,"1":1,"2":1,"3":1},"f":{},"b":{}},"d:\\pnpjs\\packages\\sp\\src\\subscriptions\\types.ts":{"path":"d:\\pnpjs\\packages\\sp\\src\\subscriptions\\types.ts","statementMap":{"0":{"start":{"line":1,"column":0},"end":{"line":1,"column":null}},"1":{"start":{"line":8,"column":0},"end":{"line":8,"column":55}},"2":{"start":{"line":9,"column":0},"end":{"line":9,"column":44}},"3":{"start":{"line":10,"column":0},"end":{"line":10,"column":58}},"4":{"start":{"line":17,"column":0},"end":{"line":50,"column":null}},"5":{"start":{"line":25,"column":8},"end":{"line":25,"column":66}},"6":{"start":{"line":37,"column":30},"end":{"line":41,"column":10}},"7":{"start":{"line":43,"column":8},"end":{"line":45,"column":null}},"8":{"start":{"line":44,"column":12},"end":{"line":44,"column":47}},"9":{"start":{"line":47,"column":21},"end":{"line":47,"column":104}},"10":{"start":{"line":48,"column":8},"end":{"line":48,"column":61}},"11":{"start":{"line":17,"column":13},"end":{"line":50,"column":null}},"12":{"start":{"line":17,"column":13},"end":{"line":17,"column":27}},"13":{"start":{"line":59,"column":13},"end":{"line":59,"column":80}},"14":{"start":{"line":76,"column":30},"end":{"line":76,"column":32}},"15":{"start":{"line":78,"column":8},"end":{"line":80,"column":null}},"16":{"start":{"line":79,"column":12},"end":{"line":79,"column":57}},"17":{"start":{"line":82,"column":8},"end":{"line":84,"column":null}},"18":{"start":{"line":83,"column":12},"end":{"line":83,"column":55}},"19":{"start":{"line":86,"column":8},"end":{"line":88,"column":null}},"20":{"start":{"line":87,"column":12},"end":{"line":87,"column":47}},"21":{"start":{"line":90,"column":21},"end":{"line":90,"column":105}},"22":{"start":{"line":91,"column":8},"end":{"line":91,"column":44}},"23":{"start":{"line":99,"column":8},"end":{"line":99,"column":30}},"24":{"start":{"line":65,"column":0},"end":{"line":65,"column":13}},"25":{"start":{"line":110,"column":13},"end":{"line":110,"column":77}}},"fnMap":{"0":{"name":"(anonymous_0)","decl":{"start":{"line":24,"column":11},"end":{"line":24,"column":18}},"loc":{"start":{"line":24,"column":41},"end":{"line":26,"column":5}}},"1":{"name":"(anonymous_1)","decl":{"start":{"line":35,"column":17},"end":{"line":35,"column":20}},"loc":{"start":{"line":35,"column":90},"end":{"line":49,"column":null}}},"2":{"name":"(anonymous_3)","decl":{"start":{"line":74,"column":17},"end":{"line":74,"column":23}},"loc":{"start":{"line":74,"column":95},"end":{"line":92,"column":null}}},"3":{"name":"(anonymous_5)","decl":{"start":{"line":98,"column":11},"end":{"line":98,"column":17}},"loc":{"start":{"line":98,"column":17},"end":{"line":100,"column":5}}}},"branchMap":{"0":{"loc":{"start":{"line":43,"column":8},"end":{"line":45,"column":null}},"type":"if","locations":[{"start":{"line":43,"column":8},"end":{"line":45,"column":null}},{"start":{"line":43,"column":8},"end":{"line":45,"column":null}}]},"1":{"loc":{"start":{"line":78,"column":8},"end":{"line":80,"column":null}},"type":"if","locations":[{"start":{"line":78,"column":8},"end":{"line":80,"column":null}},{"start":{"line":78,"column":8},"end":{"line":80,"column":null}}]},"2":{"loc":{"start":{"line":82,"column":8},"end":{"line":84,"column":null}},"type":"if","locations":[{"start":{"line":82,"column":8},"end":{"line":84,"column":null}},{"start":{"line":82,"column":8},"end":{"line":84,"column":null}}]},"3":{"loc":{"start":{"line":86,"column":8},"end":{"line":88,"column":null}},"type":"if","locations":[{"start":{"line":86,"column":8},"end":{"line":88,"column":null}},{"start":{"line":86,"column":8},"end":{"line":88,"column":null}}]}},"s":{"0":1,"1":1,"2":1,"3":1,"4":1,"5":0,"6":0,"7":0,"8":0,"9":0,"10":0,"11":1,"12":1,"13":1,"14":0,"15":0,"16":0,"17":0,"18":0,"19":0,"20":0,"21":0,"22":0,"23":0,"24":1,"25":1},"f":{"0":0,"1":0,"2":0,"3":0},"b":{"0":[0,0],"1":[0,0],"2":[0,0],"3":[0,0]}},"d:\\pnpjs\\packages\\sp\\src\\user-custom-actions\\index.ts":{"path":"d:\\pnpjs\\packages\\sp\\src\\user-custom-actions\\index.ts","statementMap":{"0":{"start":{"line":1,"column":0},"end":{"line":1,"column":16}},"1":{"start":{"line":2,"column":0},"end":{"line":2,"column":15}},"2":{"start":{"line":3,"column":0},"end":{"line":3,"column":16}},"3":{"start":{"line":5,"column":0},"end":{"line":5,"column":null}},"4":{"start":{"line":10,"column":4},"end":{"line":10,"column":null}},"5":{"start":{"line":11,"column":4},"end":{"line":11,"column":null}}},"fnMap":{},"branchMap":{},"s":{"0":1,"1":1,"2":1,"3":1,"4":1,"5":1},"f":{},"b":{}},"d:\\pnpjs\\packages\\sp\\src\\user-custom-actions\\list.ts":{"path":"d:\\pnpjs\\packages\\sp\\src\\user-custom-actions\\list.ts","statementMap":{"0":{"start":{"line":1,"column":0},"end":{"line":1,"column":37}},"1":{"start":{"line":2,"column":0},"end":{"line":2,"column":39}},"2":{"start":{"line":3,"column":0},"end":{"line":3,"column":64}},"3":{"start":{"line":25,"column":0},"end":{"line":25,"column":55}}},"fnMap":{},"branchMap":{},"s":{"0":1,"1":1,"2":1,"3":1},"f":{},"b":{}},"d:\\pnpjs\\packages\\sp\\src\\user-custom-actions\\site.ts":{"path":"d:\\pnpjs\\packages\\sp\\src\\user-custom-actions\\site.ts","statementMap":{"0":{"start":{"line":1,"column":0},"end":{"line":1,"column":37}},"1":{"start":{"line":2,"column":0},"end":{"line":2,"column":39}},"2":{"start":{"line":3,"column":0},"end":{"line":3,"column":64}},"3":{"start":{"line":17,"column":0},"end":{"line":17,"column":55}}},"fnMap":{},"branchMap":{},"s":{"0":1,"1":1,"2":1,"3":1},"f":{},"b":{}},"d:\\pnpjs\\packages\\sp\\src\\views\\index.ts":{"path":"d:\\pnpjs\\packages\\sp\\src\\views\\index.ts","statementMap":{"0":{"start":{"line":1,"column":0},"end":{"line":1,"column":16}},"1":{"start":{"line":3,"column":0},"end":{"line":3,"column":null}},"2":{"start":{"line":7,"column":4},"end":{"line":7,"column":null}},"3":{"start":{"line":8,"column":4},"end":{"line":8,"column":null}},"4":{"start":{"line":9,"column":4},"end":{"line":9,"column":null}}},"fnMap":{},"branchMap":{},"s":{"0":1,"1":1,"2":1,"3":1,"4":1},"f":{},"b":{}},"d:\\pnpjs\\packages\\sp\\src\\views\\list.ts":{"path":"d:\\pnpjs\\packages\\sp\\src\\views\\list.ts","statementMap":{"0":{"start":{"line":1,"column":0},"end":{"line":1,"column":37}},"1":{"start":{"line":2,"column":0},"end":{"line":2,"column":39}},"2":{"start":{"line":3,"column":0},"end":{"line":3,"column":53}},"3":{"start":{"line":21,"column":0},"end":{"line":21,"column":31}},"4":{"start":{"line":22,"column":0},"end":{"line":22,"column":51}},"5":{"start":{"line":28,"column":0},"end":{"line":30,"column":2}},"6":{"start":{"line":29,"column":4},"end":{"line":29,"column":46}}},"fnMap":{"0":{"name":"(anonymous_0)","decl":{"start":{"line":28,"column":26},"end":{"line":28,"column":49}},"loc":{"start":{"line":28,"column":63},"end":{"line":30,"column":1}}}},"branchMap":{},"s":{"0":1,"1":1,"2":1,"3":1,"4":1,"5":1,"6":0},"f":{"0":0},"b":{}},"d:\\pnpjs\\packages\\sp\\src\\views\\types.ts":{"path":"d:\\pnpjs\\packages\\sp\\src\\views\\types.ts","statementMap":{"0":{"start":{"line":1,"column":0},"end":{"line":1,"column":null}},"1":{"start":{"line":9,"column":0},"end":{"line":9,"column":45}},"2":{"start":{"line":10,"column":0},"end":{"line":10,"column":46}},"3":{"start":{"line":11,"column":0},"end":{"line":11,"column":69}},"4":{"start":{"line":12,"column":0},"end":{"line":12,"column":39}},"5":{"start":{"line":19,"column":0},"end":{"line":60,"column":null}},"6":{"start":{"line":27,"column":8},"end":{"line":27,"column":46}},"7":{"start":{"line":36,"column":8},"end":{"line":36,"column":52}},"8":{"start":{"line":48,"column":25},"end":{"line":51,"column":31}},"9":{"start":{"line":53,"column":21},"end":{"line":53,"column":68}},"10":{"start":{"line":55,"column":8},"end":{"line":58,"column":10}},"11":{"start":{"line":19,"column":13},"end":{"line":60,"column":null}},"12":{"start":{"line":19,"column":13},"end":{"line":19,"column":19}},"13":{"start":{"line":70,"column":13},"end":{"line":70,"column":56}},"14":{"start":{"line":77,"column":0},"end":{"line":106,"column":null}},"15":{"start":{"line":88,"column":11},"end":{"line":88,"column":121}},"16":{"start":{"line":88,"column":93},"end":{"line":88,"column":118}},"17":{"start":{"line":80,"column":8},"end":{"line":80,"column":32}},"18":{"start":{"line":95,"column":8},"end":{"line":95,"column":50}},"19":{"start":{"line":104,"column":8},"end":{"line":104,"column":73}},"20":{"start":{"line":77,"column":13},"end":{"line":106,"column":null}},"21":{"start":{"line":77,"column":13},"end":{"line":77,"column":18}},"22":{"start":{"line":117,"column":13},"end":{"line":117,"column":53}},"23":{"start":{"line":120,"column":0},"end":{"line":162,"column":null}},"24":{"start":{"line":125,"column":8},"end":{"line":125,"column":53}},"25":{"start":{"line":134,"column":8},"end":{"line":134,"column":93}},"26":{"start":{"line":144,"column":8},"end":{"line":144,"column":89}},"27":{"start":{"line":151,"column":8},"end":{"line":151,"column":69}},"28":{"start":{"line":160,"column":8},"end":{"line":160,"column":89}},"29":{"start":{"line":120,"column":13},"end":{"line":162,"column":null}},"30":{"start":{"line":120,"column":13},"end":{"line":120,"column":24}},"31":{"start":{"line":174,"column":13},"end":{"line":174,"column":71}}},"fnMap":{"0":{"name":"(anonymous_0)","decl":{"start":{"line":26,"column":11},"end":{"line":26,"column":18}},"loc":{"start":{"line":26,"column":29},"end":{"line":28,"column":5}}},"1":{"name":"(anonymous_1)","decl":{"start":{"line":35,"column":11},"end":{"line":35,"column":21}},"loc":{"start":{"line":35,"column":35},"end":{"line":37,"column":5}}},"2":{"name":"(anonymous_2)","decl":{"start":{"line":46,"column":17},"end":{"line":46,"column":20}},"loc":{"start":{"line":46,"column":97},"end":{"line":59,"column":null}}},"3":{"name":"(anonymous_4)","decl":{"start":{"line":76,"column":0},"end":{"line":76,"column":1}},"loc":{"start":{"line":76,"column":0},"end":{"line":106,"column":1}}},"4":{"name":"(anonymous_5)","decl":{"start":{"line":88,"column":84},"end":{"line":88,"column":88}},"loc":{"start":{"line":88,"column":93},"end":{"line":88,"column":118}}},"5":{"name":"(anonymous_6)","decl":{"start":{"line":79,"column":4},"end":{"line":79,"column":15}},"loc":{"start":{"line":79,"column":21},"end":{"line":81,"column":5}}},"6":{"name":"(anonymous_7)","decl":{"start":{"line":94,"column":11},"end":{"line":94,"column":23}},"loc":{"start":{"line":94,"column":23},"end":{"line":96,"column":5}}},"7":{"name":"(anonymous_8)","decl":{"start":{"line":103,"column":11},"end":{"line":103,"column":21}},"loc":{"start":{"line":103,"column":37},"end":{"line":105,"column":5}}},"8":{"name":"(anonymous_9)","decl":{"start":{"line":124,"column":11},"end":{"line":124,"column":23}},"loc":{"start":{"line":124,"column":23},"end":{"line":126,"column":5}}},"9":{"name":"(anonymous_10)","decl":{"start":{"line":133,"column":11},"end":{"line":133,"column":14}},"loc":{"start":{"line":133,"column":47},"end":{"line":135,"column":5}}},"10":{"name":"(anonymous_11)","decl":{"start":{"line":143,"column":11},"end":{"line":143,"column":15}},"loc":{"start":{"line":143,"column":44},"end":{"line":145,"column":5}}},"11":{"name":"(anonymous_12)","decl":{"start":{"line":150,"column":11},"end":{"line":150,"column":20}},"loc":{"start":{"line":150,"column":20},"end":{"line":152,"column":5}}},"12":{"name":"(anonymous_13)","decl":{"start":{"line":159,"column":11},"end":{"line":159,"column":17}},"loc":{"start":{"line":159,"column":43},"end":{"line":161,"column":5}}}},"branchMap":{"0":{"loc":{"start":{"line":46,"column":51},"end":{"line":46,"column":56}},"type":"default-arg","locations":[{"start":{"line":46,"column":51},"end":{"line":46,"column":56}}]},"1":{"loc":{"start":{"line":46,"column":95},"end":{"line":46,"column":97}},"type":"default-arg","locations":[{"start":{"line":46,"column":95},"end":{"line":46,"column":97}}]}},"s":{"0":1,"1":1,"2":1,"3":1,"4":1,"5":1,"6":0,"7":0,"8":0,"9":0,"10":0,"11":1,"12":1,"13":1,"14":1,"15":0,"16":0,"17":0,"18":0,"19":0,"20":1,"21":1,"22":1,"23":1,"24":0,"25":0,"26":0,"27":0,"28":0,"29":1,"30":1,"31":1},"f":{"0":0,"1":0,"2":0,"3":0,"4":0,"5":0,"6":0,"7":0,"8":0,"9":0,"10":0,"11":0,"12":0},"b":{"0":[0],"1":[0]}},"d:\\pnpjs\\packages\\sp\\src\\webparts\\index.ts":{"path":"d:\\pnpjs\\packages\\sp\\src\\webparts\\index.ts","statementMap":{"0":{"start":{"line":1,"column":0},"end":{"line":1,"column":16}},"1":{"start":{"line":3,"column":0},"end":{"line":3,"column":null}},"2":{"start":{"line":5,"column":4},"end":{"line":5,"column":null}},"3":{"start":{"line":6,"column":4},"end":{"line":6,"column":null}},"4":{"start":{"line":7,"column":4},"end":{"line":7,"column":null}},"5":{"start":{"line":8,"column":4},"end":{"line":8,"column":null}}},"fnMap":{},"branchMap":{},"s":{"0":1,"1":1,"2":1,"3":1,"4":1,"5":1},"f":{},"b":{}},"d:\\pnpjs\\packages\\sp\\src\\webparts\\file.ts":{"path":"d:\\pnpjs\\packages\\sp\\src\\webparts\\file.ts","statementMap":{"0":{"start":{"line":1,"column":0},"end":{"line":1,"column":39}},"1":{"start":{"line":2,"column":0},"end":{"line":2,"column":102}},"2":{"start":{"line":28,"column":0},"end":{"line":30,"column":2}},"3":{"start":{"line":29,"column":4},"end":{"line":29,"column":83}}},"fnMap":{"0":{"name":"(anonymous_0)","decl":{"start":{"line":28,"column":43},"end":{"line":28,"column":66}},"loc":{"start":{"line":28,"column":109},"end":{"line":30,"column":1}}}},"branchMap":{"0":{"loc":{"start":{"line":28,"column":74},"end":{"line":28,"column":109}},"type":"default-arg","locations":[{"start":{"line":28,"column":74},"end":{"line":28,"column":109}}]}},"s":{"0":1,"1":1,"2":1,"3":0},"f":{"0":0},"b":{"0":[0]}},"d:\\pnpjs\\packages\\sp\\src\\webparts\\types.ts":{"path":"d:\\pnpjs\\packages\\sp\\src\\webparts\\types.ts","statementMap":{"0":{"start":{"line":1,"column":0},"end":{"line":1,"column":null}},"1":{"start":{"line":10,"column":0},"end":{"line":10,"column":46}},"2":{"start":{"line":11,"column":0},"end":{"line":11,"column":52}},"3":{"start":{"line":12,"column":0},"end":{"line":12,"column":39}},"4":{"start":{"line":21,"column":8},"end":{"line":21,"column":52}},"5":{"start":{"line":31,"column":8},"end":{"line":31,"column":111}},"6":{"start":{"line":41,"column":8},"end":{"line":41,"column":113}},"7":{"start":{"line":14,"column":0},"end":{"line":14,"column":13}},"8":{"start":{"line":51,"column":13},"end":{"line":51,"column":162}},"9":{"start":{"line":51,"column":120},"end":{"line":51,"column":161}},"10":{"start":{"line":54,"column":42},"end":{"line":54,"column":174}},"11":{"start":{"line":54,"column":138},"end":{"line":54,"column":174}},"12":{"start":{"line":64,"column":8},"end":{"line":64,"column":59}},"13":{"start":{"line":73,"column":8},"end":{"line":73,"column":66}},"14":{"start":{"line":56,"column":0},"end":{"line":56,"column":13}},"15":{"start":{"line":84,"column":13},"end":{"line":84,"column":95}},"16":{"start":{"line":90,"column":8},"end":{"line":90,"column":60}},"17":{"start":{"line":95,"column":8},"end":{"line":95,"column":75}},"18":{"start":{"line":100,"column":8},"end":{"line":100,"column":114}},"19":{"start":{"line":105,"column":8},"end":{"line":105,"column":69}},"20":{"start":{"line":110,"column":8},"end":{"line":110,"column":68}},"21":{"start":{"line":116,"column":8},"end":{"line":116,"column":70}},"22":{"start":{"line":87,"column":0},"end":{"line":87,"column":13}},"23":{"start":{"line":157,"column":13},"end":{"line":157,"column":92}},"24":{"start":{"line":159,"column":0},"end":{"line":159,"column":null}},"25":{"start":{"line":160,"column":4},"end":{"line":160,"column":null}},"26":{"start":{"line":161,"column":4},"end":{"line":161,"column":null}}},"fnMap":{"0":{"name":"(anonymous_0)","decl":{"start":{"line":20,"column":4},"end":{"line":20,"column":15}},"loc":{"start":{"line":20,"column":23},"end":{"line":22,"column":5}}},"1":{"name":"(anonymous_1)","decl":{"start":{"line":29,"column":11},"end":{"line":29,"column":17}},"loc":{"start":{"line":29,"column":28},"end":{"line":32,"column":5}}},"2":{"name":"(anonymous_2)","decl":{"start":{"line":39,"column":11},"end":{"line":39,"column":17}},"loc":{"start":{"line":39,"column":29},"end":{"line":42,"column":5}}},"3":{"name":"(anonymous_3)","decl":{"start":{"line":51,"column":37},"end":{"line":51,"column":38}},"loc":{"start":{"line":51,"column":120},"end":{"line":51,"column":161}}},"4":{"name":"(anonymous_4)","decl":{"start":{"line":54,"column":42},"end":{"line":54,"column":43}},"loc":{"start":{"line":54,"column":138},"end":{"line":54,"column":174}}},"5":{"name":"(anonymous_5)","decl":{"start":{"line":63,"column":11},"end":{"line":63,"column":18}},"loc":{"start":{"line":63,"column":29},"end":{"line":65,"column":5}}},"6":{"name":"(anonymous_6)","decl":{"start":{"line":72,"column":11},"end":{"line":72,"column":25}},"loc":{"start":{"line":72,"column":36},"end":{"line":74,"column":5}}},"7":{"name":"(anonymous_7)","decl":{"start":{"line":89,"column":4},"end":{"line":89,"column":15}},"loc":{"start":{"line":89,"column":22},"end":{"line":91,"column":5}}},"8":{"name":"(anonymous_8)","decl":{"start":{"line":93,"column":11},"end":{"line":93,"column":22}},"loc":{"start":{"line":93,"column":22},"end":{"line":96,"column":5}}},"9":{"name":"(anonymous_9)","decl":{"start":{"line":98,"column":11},"end":{"line":98,"column":17}},"loc":{"start":{"line":98,"column":51},"end":{"line":101,"column":5}}},"10":{"name":"(anonymous_10)","decl":{"start":{"line":103,"column":11},"end":{"line":103,"column":16}},"loc":{"start":{"line":103,"column":16},"end":{"line":106,"column":5}}},"11":{"name":"(anonymous_11)","decl":{"start":{"line":108,"column":11},"end":{"line":108,"column":15}},"loc":{"start":{"line":108,"column":15},"end":{"line":112,"column":5}}},"12":{"name":"(anonymous_12)","decl":{"start":{"line":114,"column":11},"end":{"line":114,"column":17}},"loc":{"start":{"line":114,"column":17},"end":{"line":117,"column":5}}},"13":{"name":"(anonymous_13)","decl":{"start":{"line":159,"column":0},"end":{"line":159,"column":12}},"loc":{"start":{"line":159,"column":40},"end":{"line":162,"column":1}}}},"branchMap":{"0":{"loc":{"start":{"line":159,"column":12},"end":{"line":159,"column":40}},"type":"binary-expr","locations":[{"start":{"line":159,"column":12},"end":{"line":159,"column":40}},{"start":{"line":159,"column":12},"end":{"line":159,"column":null}}]}},"s":{"0":1,"1":1,"2":1,"3":1,"4":0,"5":0,"6":0,"7":1,"8":1,"9":0,"10":1,"11":0,"12":0,"13":0,"14":1,"15":1,"16":0,"17":0,"18":0,"19":0,"20":0,"21":0,"22":1,"23":1,"24":1,"25":1,"26":1},"f":{"0":0,"1":0,"2":0,"3":0,"4":0,"5":0,"6":0,"7":0,"8":0,"9":0,"10":0,"11":0,"12":0,"13":1},"b":{"0":[1,1]}},"d:\\pnpjs\\packages\\sp\\src\\related-items\\web.ts":{"path":"d:\\pnpjs\\packages\\sp\\src\\related-items\\web.ts","statementMap":{"0":{"start":{"line":1,"column":0},"end":{"line":1,"column":37}},"1":{"start":{"line":2,"column":0},"end":{"line":2,"column":66}},"2":{"start":{"line":17,"column":0},"end":{"line":23,"column":3}},"3":{"start":{"line":21,"column":8},"end":{"line":21,"column":48}}},"fnMap":{"0":{"name":"(anonymous_0)","decl":{"start":{"line":20,"column":9},"end":{"line":20,"column":null}},"loc":{"start":{"line":20,"column":9},"end":{"line":22,"column":5}}}},"branchMap":{},"s":{"0":1,"1":1,"2":1,"3":0},"f":{"0":0},"b":{}}}