{"d:\\pnpjs\\packages\\common\\__tests\\storage.test.ts":{"path":"d:\\pnpjs\\packages\\common\\__tests\\storage.test.ts","statementMap":{"0":{"start":{"line":5,"column":0},"end":{"line":37,"column":3}},"1":{"start":{"line":7,"column":4},"end":{"line":36,"column":7}},"2":{"start":{"line":11,"column":8},"end":{"line":14,"column":11}},"3":{"start":{"line":12,"column":35},"end":{"line":12,"column":107}},"4":{"start":{"line":13,"column":12},"end":{"line":13,"column":57}},"5":{"start":{"line":16,"column":8},"end":{"line":20,"column":11}},"6":{"start":{"line":17,"column":12},"end":{"line":17,"column":41}},"7":{"start":{"line":18,"column":24},"end":{"line":18,"column":43}},"8":{"start":{"line":19,"column":12},"end":{"line":19,"column":39}},"9":{"start":{"line":22,"column":8},"end":{"line":28,"column":11}},"10":{"start":{"line":23,"column":12},"end":{"line":23,"column":43}},"11":{"start":{"line":24,"column":12},"end":{"line":24,"column":43}},"12":{"start":{"line":25,"column":12},"end":{"line":25,"column":36}},"13":{"start":{"line":26,"column":24},"end":{"line":26,"column":44}},"14":{"start":{"line":27,"column":12},"end":{"line":27,"column":40}},"15":{"start":{"line":30,"column":8},"end":{"line":35,"column":11}},"16":{"start":{"line":31,"column":12},"end":{"line":34,"column":15}},"17":{"start":{"line":31,"column":45},"end":{"line":31,"column":79}},"18":{"start":{"line":31,"column":70},"end":{"line":31,"column":77}},"19":{"start":{"line":32,"column":28},"end":{"line":32,"column":47}},"20":{"start":{"line":33,"column":16},"end":{"line":33,"column":43}}},"fnMap":{"0":{"name":"(anonymous_0)","decl":{"start":{"line":5,"column":20},"end":{"line":5,"column":21}},"loc":{"start":{"line":5,"column":26},"end":{"line":37,"column":1}},"line":5},"1":{"name":"(anonymous_1)","decl":{"start":{"line":7,"column":40},"end":{"line":7,"column":41}},"loc":{"start":{"line":7,"column":46},"end":{"line":36,"column":5}},"line":7},"2":{"name":"(anonymous_2)","decl":{"start":{"line":11,"column":19},"end":{"line":11,"column":20}},"loc":{"start":{"line":11,"column":25},"end":{"line":14,"column":9}},"line":11},"3":{"name":"(anonymous_3)","decl":{"start":{"line":16,"column":34},"end":{"line":16,"column":35}},"loc":{"start":{"line":16,"column":40},"end":{"line":20,"column":9}},"line":16},"4":{"name":"(anonymous_4)","decl":{"start":{"line":22,"column":68},"end":{"line":22,"column":69}},"loc":{"start":{"line":22,"column":74},"end":{"line":28,"column":9}},"line":22},"5":{"name":"(anonymous_5)","decl":{"start":{"line":30,"column":80},"end":{"line":30,"column":81}},"loc":{"start":{"line":30,"column":86},"end":{"line":35,"column":9}},"line":30},"6":{"name":"(anonymous_6)","decl":{"start":{"line":31,"column":37},"end":{"line":31,"column":38}},"loc":{"start":{"line":31,"column":43},"end":{"line":31,"column":81}},"line":31},"7":{"name":"(anonymous_7)","decl":{"start":{"line":31,"column":64},"end":{"line":31,"column":65}},"loc":{"start":{"line":31,"column":70},"end":{"line":31,"column":77}},"line":31},"8":{"name":"(anonymous_8)","decl":{"start":{"line":31,"column":88},"end":{"line":31,"column":89}},"loc":{"start":{"line":31,"column":94},"end":{"line":34,"column":13}},"line":31}},"branchMap":{"0":{"loc":{"start":{"line":12,"column":35},"end":{"line":12,"column":107}},"type":"cond-expr","locations":[{"start":{"line":12,"column":75},"end":{"line":12,"column":92}},{"start":{"line":12,"column":95},"end":{"line":12,"column":107}}],"line":12}},"s":{"0":0,"1":0,"2":0,"3":0,"4":0,"5":0,"6":0,"7":0,"8":0,"9":0,"10":0,"11":0,"12":0,"13":0,"14":0,"15":0,"16":0,"17":0,"18":0,"19":0,"20":0},"f":{"0":0,"1":0,"2":0,"3":0,"4":0,"5":0,"6":0,"7":0,"8":0},"b":{"0":[0,0]}},"d:\\pnpjs\\packages\\common\\index.ts":{"path":"d:\\pnpjs\\packages\\common\\index.ts","statementMap":{},"fnMap":{},"branchMap":{},"s":{},"f":{},"b":{}},"d:\\pnpjs\\packages\\common\\src\\collections.ts":{"path":"d:\\pnpjs\\packages\\common\\src\\collections.ts","statementMap":{"0":{"start":{"line":18,"column":27},"end":{"line":18,"column":136}},"1":{"start":{"line":18,"column":95},"end":{"line":18,"column":136}},"2":{"start":{"line":18,"column":126},"end":{"line":18,"column":135}},"3":{"start":{"line":26,"column":4},"end":{"line":28,"column":5}},"4":{"start":{"line":27,"column":8},"end":{"line":27,"column":41}},"5":{"start":{"line":29,"column":4},"end":{"line":29,"column":21}},"6":{"start":{"line":39,"column":4},"end":{"line":43,"column":5}},"7":{"start":{"line":39,"column":17},"end":{"line":39,"column":18}},"8":{"start":{"line":40,"column":8},"end":{"line":42,"column":11}},"9":{"start":{"line":41,"column":12},"end":{"line":41,"column":29}},"10":{"start":{"line":45,"column":4},"end":{"line":45,"column":18}}},"fnMap":{"0":{"name":"(anonymous_0)","decl":{"start":{"line":18,"column":69},"end":{"line":18,"column":70}},"loc":{"start":{"line":18,"column":95},"end":{"line":18,"column":136}},"line":18},"1":{"name":"(anonymous_1)","decl":{"start":{"line":18,"column":114},"end":{"line":18,"column":115}},"loc":{"start":{"line":18,"column":126},"end":{"line":18,"column":135}},"line":18},"2":{"name":"objectToMap","decl":{"start":{"line":25,"column":16},"end":{"line":25,"column":27}},"loc":{"start":{"line":25,"column":53},"end":{"line":30,"column":1}},"line":25},"3":{"name":"mergeMaps","decl":{"start":{"line":38,"column":16},"end":{"line":38,"column":25}},"loc":{"start":{"line":38,"column":84},"end":{"line":46,"column":1}},"line":38},"4":{"name":"(anonymous_4)","decl":{"start":{"line":40,"column":24},"end":{"line":40,"column":25}},"loc":{"start":{"line":40,"column":40},"end":{"line":42,"column":9}},"line":40}},"branchMap":{"0":{"loc":{"start":{"line":18,"column":27},"end":{"line":18,"column":136}},"type":"cond-expr","locations":[{"start":{"line":18,"column":52},"end":{"line":18,"column":66}},{"start":{"line":18,"column":69},"end":{"line":18,"column":136}}],"line":18},"1":{"loc":{"start":{"line":26,"column":4},"end":{"line":28,"column":5}},"type":"if","locations":[{"start":{"line":26,"column":4},"end":{"line":28,"column":5}},{"start":{"line":26,"column":4},"end":{"line":28,"column":5}}],"line":26},"2":{"loc":{"start":{"line":26,"column":8},"end":{"line":26,"column":37}},"type":"binary-expr","locations":[{"start":{"line":26,"column":8},"end":{"line":26,"column":23}},{"start":{"line":26,"column":27},"end":{"line":26,"column":37}}],"line":26}},"s":{"0":0,"1":0,"2":0,"3":0,"4":0,"5":0,"6":0,"7":0,"8":0,"9":0,"10":0},"f":{"0":0,"1":0,"2":0,"3":0,"4":0},"b":{"0":[0,0],"1":[0,0],"2":[0,0]}},"d:\\pnpjs\\packages\\common\\src\\common.ts":{"path":"d:\\pnpjs\\packages\\common\\src\\common.ts","statementMap":{},"fnMap":{},"branchMap":{},"s":{},"f":{},"b":{}},"d:\\pnpjs\\packages\\config-store\\__tests\\configuration.test.ts":{"path":"d:\\pnpjs\\packages\\config-store\\__tests\\configuration.test.ts","statementMap":{"0":{"start":{"line":6,"column":0},"end":{"line":112,"column":3}},"1":{"start":{"line":8,"column":4},"end":{"line":111,"column":7}},"2":{"start":{"line":12,"column":8},"end":{"line":14,"column":11}},"3":{"start":{"line":13,"column":12},"end":{"line":13,"column":38}},"4":{"start":{"line":16,"column":8},"end":{"line":20,"column":11}},"5":{"start":{"line":17,"column":12},"end":{"line":17,"column":43}},"6":{"start":{"line":18,"column":28},"end":{"line":18,"column":48}},"7":{"start":{"line":19,"column":12},"end":{"line":19,"column":44}},"8":{"start":{"line":22,"column":8},"end":{"line":27,"column":11}},"9":{"start":{"line":23,"column":24},"end":{"line":23,"column":72}},"10":{"start":{"line":24,"column":12},"end":{"line":24,"column":42}},"11":{"start":{"line":25,"column":28},"end":{"line":25,"column":52}},"12":{"start":{"line":26,"column":12},"end":{"line":26,"column":47}},"13":{"start":{"line":29,"column":8},"end":{"line":39,"column":11}},"14":{"start":{"line":31,"column":56},"end":{"line":34,"column":13}},"15":{"start":{"line":36,"column":12},"end":{"line":36,"column":33}},"16":{"start":{"line":37,"column":28},"end":{"line":37,"column":48}},"17":{"start":{"line":38,"column":12},"end":{"line":38,"column":44}},"18":{"start":{"line":41,"column":8},"end":{"line":57,"column":11}},"19":{"start":{"line":43,"column":57},"end":{"line":46,"column":13}},"20":{"start":{"line":48,"column":57},"end":{"line":51,"column":13}},"21":{"start":{"line":53,"column":12},"end":{"line":53,"column":34}},"22":{"start":{"line":54,"column":12},"end":{"line":54,"column":34}},"23":{"start":{"line":55,"column":28},"end":{"line":55,"column":48}},"24":{"start":{"line":56,"column":12},"end":{"line":56,"column":44}},"25":{"start":{"line":59,"column":8},"end":{"line":72,"column":11}},"26":{"start":{"line":61,"column":24},"end":{"line":61,"column":72}},"27":{"start":{"line":63,"column":56},"end":{"line":67,"column":13}},"28":{"start":{"line":69,"column":12},"end":{"line":69,"column":33}},"29":{"start":{"line":70,"column":28},"end":{"line":70,"column":52}},"30":{"start":{"line":71,"column":12},"end":{"line":71,"column":47}},"31":{"start":{"line":74,"column":8},"end":{"line":90,"column":11}},"32":{"start":{"line":75,"column":62},"end":{"line":78,"column":13}},"33":{"start":{"line":79,"column":33},"end":{"line":79,"column":64}},"34":{"start":{"line":80,"column":12},"end":{"line":80,"column":49}},"35":{"start":{"line":82,"column":12},"end":{"line":82,"column":43}},"36":{"start":{"line":83,"column":22},"end":{"line":83,"column":49}},"37":{"start":{"line":85,"column":12},"end":{"line":89,"column":15}},"38":{"start":{"line":86,"column":16},"end":{"line":86,"column":61}},"39":{"start":{"line":87,"column":16},"end":{"line":87,"column":76}},"40":{"start":{"line":88,"column":16},"end":{"line":88,"column":76}},"41":{"start":{"line":92,"column":8},"end":{"line":100,"column":11}},"42":{"start":{"line":93,"column":33},"end":{"line":93,"column":64}},"43":{"start":{"line":94,"column":12},"end":{"line":94,"column":44}},"44":{"start":{"line":95,"column":22},"end":{"line":95,"column":49}},"45":{"start":{"line":96,"column":12},"end":{"line":99,"column":14}},"46":{"start":{"line":97,"column":24},"end":{"line":97,"column":92}},"47":{"start":{"line":98,"column":30},"end":{"line":98,"column":60}},"48":{"start":{"line":102,"column":8},"end":{"line":110,"column":11}},"49":{"start":{"line":103,"column":33},"end":{"line":103,"column":64}},"50":{"start":{"line":104,"column":12},"end":{"line":104,"column":45}},"51":{"start":{"line":105,"column":22},"end":{"line":105,"column":49}},"52":{"start":{"line":106,"column":12},"end":{"line":109,"column":14}},"53":{"start":{"line":107,"column":24},"end":{"line":107,"column":93}},"54":{"start":{"line":108,"column":30},"end":{"line":108,"column":60}}},"fnMap":{"0":{"name":"(anonymous_0)","decl":{"start":{"line":6,"column":26},"end":{"line":6,"column":27}},"loc":{"start":{"line":6,"column":32},"end":{"line":112,"column":1}},"line":6},"1":{"name":"(anonymous_1)","decl":{"start":{"line":8,"column":25},"end":{"line":8,"column":26}},"loc":{"start":{"line":8,"column":31},"end":{"line":111,"column":5}},"line":8},"2":{"name":"(anonymous_2)","decl":{"start":{"line":12,"column":19},"end":{"line":12,"column":20}},"loc":{"start":{"line":12,"column":25},"end":{"line":14,"column":9}},"line":12},"3":{"name":"(anonymous_3)","decl":{"start":{"line":16,"column":36},"end":{"line":16,"column":37}},"loc":{"start":{"line":16,"column":42},"end":{"line":20,"column":9}},"line":16},"4":{"name":"(anonymous_4)","decl":{"start":{"line":22,"column":39},"end":{"line":22,"column":40}},"loc":{"start":{"line":22,"column":45},"end":{"line":27,"column":9}},"line":22},"5":{"name":"(anonymous_5)","decl":{"start":{"line":29,"column":58},"end":{"line":29,"column":59}},"loc":{"start":{"line":29,"column":64},"end":{"line":39,"column":9}},"line":29},"6":{"name":"(anonymous_6)","decl":{"start":{"line":41,"column":96},"end":{"line":41,"column":97}},"loc":{"start":{"line":41,"column":102},"end":{"line":57,"column":9}},"line":41},"7":{"name":"(anonymous_7)","decl":{"start":{"line":59,"column":107},"end":{"line":59,"column":108}},"loc":{"start":{"line":59,"column":113},"end":{"line":72,"column":9}},"line":59},"8":{"name":"(anonymous_8)","decl":{"start":{"line":74,"column":59},"end":{"line":74,"column":60}},"loc":{"start":{"line":74,"column":65},"end":{"line":90,"column":9}},"line":74},"9":{"name":"(anonymous_9)","decl":{"start":{"line":85,"column":26},"end":{"line":85,"column":27}},"loc":{"start":{"line":85,"column":32},"end":{"line":89,"column":13}},"line":85},"10":{"name":"(anonymous_10)","decl":{"start":{"line":92,"column":65},"end":{"line":92,"column":66}},"loc":{"start":{"line":92,"column":71},"end":{"line":100,"column":9}},"line":92},"11":{"name":"(anonymous_11)","decl":{"start":{"line":97,"column":16},"end":{"line":97,"column":17}},"loc":{"start":{"line":97,"column":22},"end":{"line":97,"column":94}},"line":97},"12":{"name":"(anonymous_12)","decl":{"start":{"line":98,"column":16},"end":{"line":98,"column":17}},"loc":{"start":{"line":98,"column":28},"end":{"line":98,"column":62}},"line":98},"13":{"name":"(anonymous_13)","decl":{"start":{"line":102,"column":78},"end":{"line":102,"column":79}},"loc":{"start":{"line":102,"column":84},"end":{"line":110,"column":9}},"line":102},"14":{"name":"(anonymous_14)","decl":{"start":{"line":107,"column":16},"end":{"line":107,"column":17}},"loc":{"start":{"line":107,"column":22},"end":{"line":107,"column":95}},"line":107},"15":{"name":"(anonymous_15)","decl":{"start":{"line":108,"column":16},"end":{"line":108,"column":17}},"loc":{"start":{"line":108,"column":28},"end":{"line":108,"column":62}},"line":108}},"branchMap":{},"s":{"0":0,"1":0,"2":0,"3":0,"4":0,"5":0,"6":0,"7":0,"8":0,"9":0,"10":0,"11":0,"12":0,"13":0,"14":0,"15":0,"16":0,"17":0,"18":0,"19":0,"20":0,"21":0,"22":0,"23":0,"24":0,"25":0,"26":0,"27":0,"28":0,"29":0,"30":0,"31":0,"32":0,"33":0,"34":0,"35":0,"36":0,"37":0,"38":0,"39":0,"40":0,"41":0,"42":0,"43":0,"44":0,"45":0,"46":0,"47":0,"48":0,"49":0,"50":0,"51":0,"52":0,"53":0,"54":0},"f":{"0":0,"1":0,"2":0,"3":0,"4":0,"5":0,"6":0,"7":0,"8":0,"9":0,"10":0,"11":0,"12":0,"13":0,"14":0,"15":0},"b":{}},"d:\\pnpjs\\packages\\config-store\\__tests\\providers\\cachingConfigurationProvider.test.ts":{"path":"d:\\pnpjs\\packages\\config-store\\__tests\\providers\\cachingConfigurationProvider.test.ts","statementMap":{"0":{"start":{"line":7,"column":0},"end":{"line":71,"column":3}},"1":{"start":{"line":9,"column":4},"end":{"line":70,"column":7}},"2":{"start":{"line":14,"column":8},"end":{"line":23,"column":11}},"3":{"start":{"line":15,"column":50},"end":{"line":18,"column":13}},"4":{"start":{"line":19,"column":12},"end":{"line":19,"column":54}},"5":{"start":{"line":20,"column":12},"end":{"line":20,"column":44}},"6":{"start":{"line":21,"column":12},"end":{"line":21,"column":67}},"7":{"start":{"line":22,"column":12},"end":{"line":22,"column":38}},"8":{"start":{"line":25,"column":8},"end":{"line":31,"column":11}},"9":{"start":{"line":26,"column":29},"end":{"line":26,"column":89}},"10":{"start":{"line":27,"column":12},"end":{"line":30,"column":15}},"11":{"start":{"line":28,"column":16},"end":{"line":28,"column":61}},"12":{"start":{"line":29,"column":16},"end":{"line":29,"column":61}},"13":{"start":{"line":33,"column":8},"end":{"line":46,"column":11}},"14":{"start":{"line":34,"column":29},"end":{"line":34,"column":89}},"15":{"start":{"line":35,"column":12},"end":{"line":45,"column":15}},"16":{"start":{"line":36,"column":57},"end":{"line":39,"column":17}},"17":{"start":{"line":40,"column":16},"end":{"line":40,"column":51}},"18":{"start":{"line":41,"column":16},"end":{"line":41,"column":47}},"19":{"start":{"line":43,"column":16},"end":{"line":43,"column":61}},"20":{"start":{"line":44,"column":16},"end":{"line":44,"column":61}},"21":{"start":{"line":48,"column":8},"end":{"line":62,"column":11}},"22":{"start":{"line":49,"column":12},"end":{"line":49,"column":34}},"23":{"start":{"line":50,"column":29},"end":{"line":50,"column":89}},"24":{"start":{"line":51,"column":12},"end":{"line":61,"column":15}},"25":{"start":{"line":52,"column":57},"end":{"line":55,"column":17}},"26":{"start":{"line":56,"column":16},"end":{"line":56,"column":51}},"27":{"start":{"line":57,"column":16},"end":{"line":57,"column":47}},"28":{"start":{"line":59,"column":16},"end":{"line":59,"column":62}},"29":{"start":{"line":60,"column":16},"end":{"line":60,"column":62}},"30":{"start":{"line":64,"column":8},"end":{"line":69,"column":11}},"31":{"start":{"line":65,"column":29},"end":{"line":65,"column":102}},"32":{"start":{"line":66,"column":12},"end":{"line":68,"column":15}},"33":{"start":{"line":67,"column":16},"end":{"line":67,"column":81}}},"fnMap":{"0":{"name":"(anonymous_0)","decl":{"start":{"line":7,"column":26},"end":{"line":7,"column":27}},"loc":{"start":{"line":7,"column":32},"end":{"line":71,"column":1}},"line":7},"1":{"name":"(anonymous_1)","decl":{"start":{"line":9,"column":45},"end":{"line":9,"column":46}},"loc":{"start":{"line":9,"column":51},"end":{"line":70,"column":5}},"line":9},"2":{"name":"(anonymous_2)","decl":{"start":{"line":14,"column":19},"end":{"line":14,"column":20}},"loc":{"start":{"line":14,"column":25},"end":{"line":23,"column":9}},"line":14},"3":{"name":"(anonymous_3)","decl":{"start":{"line":25,"column":57},"end":{"line":25,"column":58}},"loc":{"start":{"line":25,"column":63},"end":{"line":31,"column":9}},"line":25},"4":{"name":"(anonymous_4)","decl":{"start":{"line":27,"column":48},"end":{"line":27,"column":49}},"loc":{"start":{"line":27,"column":54},"end":{"line":30,"column":13}},"line":27},"5":{"name":"(anonymous_5)","decl":{"start":{"line":33,"column":36},"end":{"line":33,"column":37}},"loc":{"start":{"line":33,"column":42},"end":{"line":46,"column":9}},"line":33},"6":{"name":"(anonymous_6)","decl":{"start":{"line":35,"column":48},"end":{"line":35,"column":49}},"loc":{"start":{"line":35,"column":54},"end":{"line":42,"column":13}},"line":35},"7":{"name":"(anonymous_7)","decl":{"start":{"line":42,"column":20},"end":{"line":42,"column":21}},"loc":{"start":{"line":42,"column":26},"end":{"line":45,"column":13}},"line":42},"8":{"name":"(anonymous_8)","decl":{"start":{"line":48,"column":40},"end":{"line":48,"column":41}},"loc":{"start":{"line":48,"column":46},"end":{"line":62,"column":9}},"line":48},"9":{"name":"(anonymous_9)","decl":{"start":{"line":51,"column":48},"end":{"line":51,"column":49}},"loc":{"start":{"line":51,"column":54},"end":{"line":58,"column":13}},"line":51},"10":{"name":"(anonymous_10)","decl":{"start":{"line":58,"column":20},"end":{"line":58,"column":21}},"loc":{"start":{"line":58,"column":26},"end":{"line":61,"column":13}},"line":58},"11":{"name":"(anonymous_11)","decl":{"start":{"line":64,"column":67},"end":{"line":64,"column":68}},"loc":{"start":{"line":64,"column":73},"end":{"line":69,"column":9}},"line":64},"12":{"name":"(anonymous_12)","decl":{"start":{"line":66,"column":48},"end":{"line":66,"column":49}},"loc":{"start":{"line":66,"column":54},"end":{"line":68,"column":13}},"line":66}},"branchMap":{},"s":{"0":0,"1":0,"2":0,"3":0,"4":0,"5":0,"6":0,"7":0,"8":0,"9":0,"10":0,"11":0,"12":0,"13":0,"14":0,"15":0,"16":0,"17":0,"18":0,"19":0,"20":0,"21":0,"22":0,"23":0,"24":0,"25":0,"26":0,"27":0,"28":0,"29":0,"30":0,"31":0,"32":0,"33":0},"f":{"0":0,"1":0,"2":0,"3":0,"4":0,"5":0,"6":0,"7":0,"8":0,"9":0,"10":0,"11":0,"12":0},"b":{}},"d:\\pnpjs\\packages\\config-store\\index.ts":{"path":"d:\\pnpjs\\packages\\config-store\\index.ts","statementMap":{},"fnMap":{},"branchMap":{},"s":{},"f":{},"b":{}},"d:\\pnpjs\\packages\\config-store\\src\\configstore.ts":{"path":"d:\\pnpjs\\packages\\config-store\\src\\configstore.ts","statementMap":{},"fnMap":{},"branchMap":{},"s":{},"f":{},"b":{}},"d:\\pnpjs\\packages\\config-store\\src\\providers\\index.ts":{"path":"d:\\pnpjs\\packages\\config-store\\src\\providers\\index.ts","statementMap":{},"fnMap":{},"branchMap":{},"s":{},"f":{},"b":{}},"d:\\pnpjs\\packages\\graph\\index.ts":{"path":"d:\\pnpjs\\packages\\graph\\index.ts","statementMap":{},"fnMap":{},"branchMap":{},"s":{},"f":{},"b":{}},"d:\\pnpjs\\packages\\graph\\presets\\all.ts":{"path":"d:\\pnpjs\\packages\\graph\\presets\\all.ts","statementMap":{},"fnMap":{},"branchMap":{},"s":{},"f":{},"b":{}},"d:\\pnpjs\\packages\\graph\\src\\attachments\\index.ts":{"path":"d:\\pnpjs\\packages\\graph\\src\\attachments\\index.ts","statementMap":{},"fnMap":{},"branchMap":{},"s":{},"f":{},"b":{}},"d:\\pnpjs\\packages\\graph\\src\\calendars\\index.ts":{"path":"d:\\pnpjs\\packages\\graph\\src\\calendars\\index.ts","statementMap":{},"fnMap":{},"branchMap":{},"s":{},"f":{},"b":{}},"d:\\pnpjs\\packages\\graph\\src\\contacts\\index.ts":{"path":"d:\\pnpjs\\packages\\graph\\src\\contacts\\index.ts","statementMap":{},"fnMap":{},"branchMap":{},"s":{},"f":{},"b":{}},"d:\\pnpjs\\packages\\graph\\src\\conversations\\index.ts":{"path":"d:\\pnpjs\\packages\\graph\\src\\conversations\\index.ts","statementMap":{},"fnMap":{},"branchMap":{},"s":{},"f":{},"b":{}},"d:\\pnpjs\\packages\\graph\\src\\graph.ts":{"path":"d:\\pnpjs\\packages\\graph\\src\\graph.ts","statementMap":{},"fnMap":{},"branchMap":{},"s":{},"f":{},"b":{}},"d:\\pnpjs\\packages\\graph\\src\\members\\index.ts":{"path":"d:\\pnpjs\\packages\\graph\\src\\members\\index.ts","statementMap":{},"fnMap":{},"branchMap":{},"s":{},"f":{},"b":{}},"d:\\pnpjs\\packages\\graph\\src\\messages\\index.ts":{"path":"d:\\pnpjs\\packages\\graph\\src\\messages\\index.ts","statementMap":{},"fnMap":{},"branchMap":{},"s":{},"f":{},"b":{}},"d:\\pnpjs\\packages\\graph\\src\\onedrive\\index.ts":{"path":"d:\\pnpjs\\packages\\graph\\src\\onedrive\\index.ts","statementMap":{},"fnMap":{},"branchMap":{},"s":{},"f":{},"b":{}},"d:\\pnpjs\\packages\\graph\\src\\onenote\\index.ts":{"path":"d:\\pnpjs\\packages\\graph\\src\\onenote\\index.ts","statementMap":{},"fnMap":{},"branchMap":{},"s":{},"f":{},"b":{}},"d:\\pnpjs\\packages\\graph\\src\\photos\\index.ts":{"path":"d:\\pnpjs\\packages\\graph\\src\\photos\\index.ts","statementMap":{},"fnMap":{},"branchMap":{},"s":{},"f":{},"b":{}},"d:\\pnpjs\\packages\\logging\\__tests\\logging.test.ts":{"path":"d:\\pnpjs\\packages\\logging\\__tests\\logging.test.ts","statementMap":{"0":{"start":{"line":4,"column":0},"end":{"line":68,"column":3}},"1":{"start":{"line":6,"column":4},"end":{"line":67,"column":7}},"2":{"start":{"line":8,"column":23},"end":{"line":8,"column":29}},"3":{"start":{"line":10,"column":8},"end":{"line":12,"column":11}},"4":{"start":{"line":11,"column":12},"end":{"line":11,"column":38}},"5":{"start":{"line":14,"column":8},"end":{"line":22,"column":11}},"6":{"start":{"line":15,"column":28},"end":{"line":15,"column":42}},"7":{"start":{"line":16,"column":27},"end":{"line":16,"column":29}},"8":{"start":{"line":17,"column":12},"end":{"line":19,"column":16}},"9":{"start":{"line":18,"column":16},"end":{"line":18,"column":37}},"10":{"start":{"line":20,"column":12},"end":{"line":20,"column":52}},"11":{"start":{"line":21,"column":12},"end":{"line":21,"column":44}},"12":{"start":{"line":24,"column":8},"end":{"line":34,"column":11}},"13":{"start":{"line":25,"column":27},"end":{"line":25,"column":29}},"14":{"start":{"line":26,"column":25},"end":{"line":26,"column":41}},"15":{"start":{"line":27,"column":12},"end":{"line":30,"column":16}},"16":{"start":{"line":28,"column":16},"end":{"line":28,"column":33}},"17":{"start":{"line":29,"column":16},"end":{"line":29,"column":37}},"18":{"start":{"line":31,"column":12},"end":{"line":31,"column":75}},"19":{"start":{"line":32,"column":12},"end":{"line":32,"column":51}},"20":{"start":{"line":33,"column":12},"end":{"line":33,"column":50}},"21":{"start":{"line":36,"column":8},"end":{"line":41,"column":11}},"22":{"start":{"line":37,"column":12},"end":{"line":37,"column":70}},"23":{"start":{"line":37,"column":58},"end":{"line":37,"column":65}},"24":{"start":{"line":38,"column":12},"end":{"line":38,"column":70}},"25":{"start":{"line":38,"column":58},"end":{"line":38,"column":65}},"26":{"start":{"line":39,"column":12},"end":{"line":39,"column":70}},"27":{"start":{"line":39,"column":58},"end":{"line":39,"column":65}},"28":{"start":{"line":40,"column":12},"end":{"line":40,"column":42}},"29":{"start":{"line":43,"column":8},"end":{"line":50,"column":11}},"30":{"start":{"line":44,"column":12},"end":{"line":48,"column":14}},"31":{"start":{"line":45,"column":45},"end":{"line":45,"column":52}},"32":{"start":{"line":46,"column":45},"end":{"line":46,"column":52}},"33":{"start":{"line":47,"column":45},"end":{"line":47,"column":52}},"34":{"start":{"line":49,"column":12},"end":{"line":49,"column":42}},"35":{"start":{"line":52,"column":8},"end":{"line":66,"column":11}},"36":{"start":{"line":53,"column":27},"end":{"line":53,"column":29}},"37":{"start":{"line":54,"column":27},"end":{"line":54,"column":29}},"38":{"start":{"line":55,"column":27},"end":{"line":55,"column":29}},"39":{"start":{"line":56,"column":12},"end":{"line":60,"column":14}},"40":{"start":{"line":57,"column":46},"end":{"line":57,"column":67}},"41":{"start":{"line":58,"column":46},"end":{"line":58,"column":67}},"42":{"start":{"line":59,"column":46},"end":{"line":59,"column":67}},"43":{"start":{"line":61,"column":12},"end":{"line":61,"column":53}},"44":{"start":{"line":62,"column":12},"end":{"line":62,"column":41}},"45":{"start":{"line":63,"column":12},"end":{"line":63,"column":51}},"46":{"start":{"line":64,"column":12},"end":{"line":64,"column":51}},"47":{"start":{"line":65,"column":12},"end":{"line":65,"column":51}}},"fnMap":{"0":{"name":"(anonymous_0)","decl":{"start":{"line":4,"column":20},"end":{"line":4,"column":21}},"loc":{"start":{"line":4,"column":26},"end":{"line":68,"column":1}},"line":4},"1":{"name":"(anonymous_1)","decl":{"start":{"line":6,"column":23},"end":{"line":6,"column":24}},"loc":{"start":{"line":6,"column":29},"end":{"line":67,"column":5}},"line":6},"2":{"name":"(anonymous_2)","decl":{"start":{"line":10,"column":19},"end":{"line":10,"column":20}},"loc":{"start":{"line":10,"column":25},"end":{"line":12,"column":9}},"line":10},"3":{"name":"(anonymous_3)","decl":{"start":{"line":14,"column":74},"end":{"line":14,"column":75}},"loc":{"start":{"line":14,"column":80},"end":{"line":22,"column":9}},"line":14},"4":{"name":"(anonymous_4)","decl":{"start":{"line":17,"column":50},"end":{"line":17,"column":51}},"loc":{"start":{"line":17,"column":57},"end":{"line":19,"column":13}},"line":17},"5":{"name":"(anonymous_5)","decl":{"start":{"line":24,"column":68},"end":{"line":24,"column":69}},"loc":{"start":{"line":24,"column":74},"end":{"line":34,"column":9}},"line":24},"6":{"name":"(anonymous_6)","decl":{"start":{"line":27,"column":50},"end":{"line":27,"column":51}},"loc":{"start":{"line":27,"column":57},"end":{"line":30,"column":13}},"line":27},"7":{"name":"(anonymous_7)","decl":{"start":{"line":36,"column":61},"end":{"line":36,"column":62}},"loc":{"start":{"line":36,"column":67},"end":{"line":41,"column":9}},"line":36},"8":{"name":"(anonymous_8)","decl":{"start":{"line":37,"column":50},"end":{"line":37,"column":51}},"loc":{"start":{"line":37,"column":56},"end":{"line":37,"column":67}},"line":37},"9":{"name":"(anonymous_9)","decl":{"start":{"line":38,"column":50},"end":{"line":38,"column":51}},"loc":{"start":{"line":38,"column":56},"end":{"line":38,"column":67}},"line":38},"10":{"name":"(anonymous_10)","decl":{"start":{"line":39,"column":50},"end":{"line":39,"column":51}},"loc":{"start":{"line":39,"column":56},"end":{"line":39,"column":67}},"line":39},"11":{"name":"(anonymous_11)","decl":{"start":{"line":43,"column":71},"end":{"line":43,"column":72}},"loc":{"start":{"line":43,"column":77},"end":{"line":50,"column":9}},"line":43},"12":{"name":"(anonymous_12)","decl":{"start":{"line":45,"column":37},"end":{"line":45,"column":38}},"loc":{"start":{"line":45,"column":43},"end":{"line":45,"column":54}},"line":45},"13":{"name":"(anonymous_13)","decl":{"start":{"line":46,"column":37},"end":{"line":46,"column":38}},"loc":{"start":{"line":46,"column":43},"end":{"line":46,"column":54}},"line":46},"14":{"name":"(anonymous_14)","decl":{"start":{"line":47,"column":37},"end":{"line":47,"column":38}},"loc":{"start":{"line":47,"column":43},"end":{"line":47,"column":54}},"line":47},"15":{"name":"(anonymous_15)","decl":{"start":{"line":52,"column":57},"end":{"line":52,"column":58}},"loc":{"start":{"line":52,"column":63},"end":{"line":66,"column":9}},"line":52},"16":{"name":"(anonymous_16)","decl":{"start":{"line":57,"column":37},"end":{"line":57,"column":38}},"loc":{"start":{"line":57,"column":44},"end":{"line":57,"column":69}},"line":57},"17":{"name":"(anonymous_17)","decl":{"start":{"line":58,"column":37},"end":{"line":58,"column":38}},"loc":{"start":{"line":58,"column":44},"end":{"line":58,"column":69}},"line":58},"18":{"name":"(anonymous_18)","decl":{"start":{"line":59,"column":37},"end":{"line":59,"column":38}},"loc":{"start":{"line":59,"column":44},"end":{"line":59,"column":69}},"line":59}},"branchMap":{},"s":{"0":0,"1":0,"2":0,"3":0,"4":0,"5":0,"6":0,"7":0,"8":0,"9":0,"10":0,"11":0,"12":0,"13":0,"14":0,"15":0,"16":0,"17":0,"18":0,"19":0,"20":0,"21":0,"22":0,"23":0,"24":0,"25":0,"26":0,"27":0,"28":0,"29":0,"30":0,"31":0,"32":0,"33":0,"34":0,"35":0,"36":0,"37":0,"38":0,"39":0,"40":0,"41":0,"42":0,"43":0,"44":0,"45":0,"46":0,"47":0},"f":{"0":0,"1":0,"2":0,"3":0,"4":0,"5":0,"6":0,"7":0,"8":0,"9":0,"10":0,"11":0,"12":0,"13":0,"14":0,"15":0,"16":0,"17":0,"18":0},"b":{}},"d:\\pnpjs\\packages\\logging\\index.ts":{"path":"d:\\pnpjs\\packages\\logging\\index.ts","statementMap":{},"fnMap":{},"branchMap":{},"s":{},"f":{},"b":{}},"d:\\pnpjs\\packages\\logging\\src\\logging.ts":{"path":"d:\\pnpjs\\packages\\logging\\src\\logging.ts","statementMap":{},"fnMap":{},"branchMap":{},"s":{},"f":{},"b":{}},"d:\\pnpjs\\packages\\nodejs\\index.ts":{"path":"d:\\pnpjs\\packages\\nodejs\\index.ts","statementMap":{},"fnMap":{},"branchMap":{},"s":{},"f":{},"b":{}},"d:\\pnpjs\\packages\\nodejs\\src\\net\\index.ts":{"path":"d:\\pnpjs\\packages\\nodejs\\src\\net\\index.ts","statementMap":{},"fnMap":{},"branchMap":{},"s":{},"f":{},"b":{}},"d:\\pnpjs\\packages\\nodejs\\src\\nodejs.ts":{"path":"d:\\pnpjs\\packages\\nodejs\\src\\nodejs.ts","statementMap":{"0":{"start":{"line":3,"column":18},"end":{"line":3,"column":39}},"1":{"start":{"line":5,"column":0},"end":{"line":18,"column":11}},"2":{"start":{"line":8,"column":4},"end":{"line":10,"column":5}},"3":{"start":{"line":9,"column":8},"end":{"line":9,"column":38}},"4":{"start":{"line":11,"column":4},"end":{"line":13,"column":5}},"5":{"start":{"line":12,"column":8},"end":{"line":12,"column":38}},"6":{"start":{"line":14,"column":4},"end":{"line":16,"column":5}},"7":{"start":{"line":15,"column":8},"end":{"line":15,"column":40}}},"fnMap":{"0":{"name":"(anonymous_0)","decl":{"start":{"line":5,"column":1},"end":{"line":5,"column":2}},"loc":{"start":{"line":5,"column":14},"end":{"line":18,"column":1}},"line":5}},"branchMap":{"0":{"loc":{"start":{"line":8,"column":4},"end":{"line":10,"column":5}},"type":"if","locations":[{"start":{"line":8,"column":4},"end":{"line":10,"column":5}},{"start":{"line":8,"column":4},"end":{"line":10,"column":5}}],"line":8},"1":{"loc":{"start":{"line":11,"column":4},"end":{"line":13,"column":5}},"type":"if","locations":[{"start":{"line":11,"column":4},"end":{"line":13,"column":5}},{"start":{"line":11,"column":4},"end":{"line":13,"column":5}}],"line":11},"2":{"loc":{"start":{"line":14,"column":4},"end":{"line":16,"column":5}},"type":"if","locations":[{"start":{"line":14,"column":4},"end":{"line":16,"column":5}},{"start":{"line":14,"column":4},"end":{"line":16,"column":5}}],"line":14}},"s":{"0":0,"1":0,"2":0,"3":0,"4":0,"5":0,"6":0,"7":0},"f":{"0":0},"b":{"0":[0,0],"1":[0,0],"2":[0,0]}},"d:\\pnpjs\\packages\\odata\\index.ts":{"path":"d:\\pnpjs\\packages\\odata\\index.ts","statementMap":{},"fnMap":{},"branchMap":{},"s":{},"f":{},"b":{}},"d:\\pnpjs\\packages\\odata\\src\\odata.ts":{"path":"d:\\pnpjs\\packages\\odata\\src\\odata.ts","statementMap":{},"fnMap":{},"branchMap":{},"s":{},"f":{},"b":{}},"d:\\pnpjs\\packages\\pnpjs\\index.ts":{"path":"d:\\pnpjs\\packages\\pnpjs\\index.ts","statementMap":{},"fnMap":{},"branchMap":{},"s":{},"f":{},"b":{}},"d:\\pnpjs\\packages\\pnpjs\\src\\config\\pnplibconfig.ts":{"path":"d:\\pnpjs\\packages\\pnpjs\\src\\config\\pnplibconfig.ts","statementMap":{"0":{"start":{"line":8,"column":4},"end":{"line":8,"column":33}}},"fnMap":{"0":{"name":"setup","decl":{"start":{"line":7,"column":16},"end":{"line":7,"column":21}},"loc":{"start":{"line":7,"column":54},"end":{"line":9,"column":1}},"line":7}},"branchMap":{},"s":{"0":0},"f":{"0":0},"b":{}},"d:\\pnpjs\\packages\\sp-addinhelpers\\index.ts":{"path":"d:\\pnpjs\\packages\\sp-addinhelpers\\index.ts","statementMap":{},"fnMap":{},"branchMap":{},"s":{},"f":{},"b":{}},"d:\\pnpjs\\packages\\sp-addinhelpers\\src\\addinhelpers.ts":{"path":"d:\\pnpjs\\packages\\sp-addinhelpers\\src\\addinhelpers.ts","statementMap":{},"fnMap":{},"branchMap":{},"s":{},"f":{},"b":{}},"d:\\pnpjs\\packages\\sp-clientsvc\\index.ts":{"path":"d:\\pnpjs\\packages\\sp-clientsvc\\index.ts","statementMap":{},"fnMap":{},"branchMap":{},"s":{},"f":{},"b":{}},"d:\\pnpjs\\packages\\sp-clientsvc\\src\\clientsvc.ts":{"path":"d:\\pnpjs\\packages\\sp-clientsvc\\src\\clientsvc.ts","statementMap":{},"fnMap":{},"branchMap":{},"s":{},"f":{},"b":{}},"d:\\pnpjs\\packages\\sp-clientsvc\\src\\opactionbuilders.ts":{"path":"d:\\pnpjs\\packages\\sp-clientsvc\\src\\opactionbuilders.ts","statementMap":{"0":{"start":{"line":5,"column":4},"end":{"line":5,"column":67}},"1":{"start":{"line":9,"column":4},"end":{"line":9,"column":76}},"2":{"start":{"line":22,"column":20},"end":{"line":22,"column":22}},"3":{"start":{"line":23,"column":4},"end":{"line":23,"column":67}},"4":{"start":{"line":24,"column":4},"end":{"line":34,"column":5}},"5":{"start":{"line":25,"column":8},"end":{"line":25,"column":60}},"6":{"start":{"line":26,"column":8},"end":{"line":26,"column":39}},"7":{"start":{"line":27,"column":8},"end":{"line":27,"column":34}},"8":{"start":{"line":29,"column":8},"end":{"line":29,"column":61}},"9":{"start":{"line":30,"column":8},"end":{"line":30,"column":37}},"10":{"start":{"line":31,"column":8},"end":{"line":31,"column":103}},"11":{"start":{"line":31,"column":57},"end":{"line":31,"column":100}},"12":{"start":{"line":32,"column":8},"end":{"line":32,"column":38}},"13":{"start":{"line":33,"column":8},"end":{"line":33,"column":34}},"14":{"start":{"line":36,"column":4},"end":{"line":48,"column":5}},"15":{"start":{"line":37,"column":8},"end":{"line":47,"column":9}},"16":{"start":{"line":38,"column":12},"end":{"line":38,"column":73}},"17":{"start":{"line":39,"column":12},"end":{"line":39,"column":43}},"18":{"start":{"line":40,"column":12},"end":{"line":40,"column":47}},"19":{"start":{"line":42,"column":12},"end":{"line":42,"column":74}},"20":{"start":{"line":43,"column":12},"end":{"line":43,"column":41}},"21":{"start":{"line":44,"column":12},"end":{"line":44,"column":112}},"22":{"start":{"line":44,"column":66},"end":{"line":44,"column":109}},"23":{"start":{"line":45,"column":12},"end":{"line":45,"column":42}},"24":{"start":{"line":46,"column":12},"end":{"line":46,"column":47}},"25":{"start":{"line":50,"column":4},"end":{"line":50,"column":30}},"26":{"start":{"line":52,"column":4},"end":{"line":52,"column":28}},"27":{"start":{"line":56,"column":20},"end":{"line":56,"column":22}},"28":{"start":{"line":57,"column":4},"end":{"line":57,"column":88}},"29":{"start":{"line":58,"column":4},"end":{"line":58,"column":67}},"30":{"start":{"line":59,"column":4},"end":{"line":59,"column":35}},"31":{"start":{"line":60,"column":4},"end":{"line":60,"column":28}},"32":{"start":{"line":65,"column":20},"end":{"line":65,"column":22}},"33":{"start":{"line":66,"column":4},"end":{"line":66,"column":83}},"34":{"start":{"line":68,"column":4},"end":{"line":77,"column":5}},"35":{"start":{"line":69,"column":26},"end":{"line":69,"column":42}},"36":{"start":{"line":70,"column":8},"end":{"line":76,"column":9}},"37":{"start":{"line":71,"column":12},"end":{"line":71,"column":43}},"38":{"start":{"line":73,"column":12},"end":{"line":73,"column":41}},"39":{"start":{"line":74,"column":12},"end":{"line":74,"column":109}},"40":{"start":{"line":74,"column":54},"end":{"line":74,"column":106}},"41":{"start":{"line":75,"column":12},"end":{"line":75,"column":42}},"42":{"start":{"line":79,"column":4},"end":{"line":79,"column":30}},"43":{"start":{"line":81,"column":4},"end":{"line":81,"column":28}},"44":{"start":{"line":86,"column":4},"end":{"line":98,"column":11}},"45":{"start":{"line":88,"column":22},"end":{"line":88,"column":29}},"46":{"start":{"line":89,"column":8},"end":{"line":95,"column":9}},"47":{"start":{"line":90,"column":12},"end":{"line":90,"column":60}},"48":{"start":{"line":91,"column":15},"end":{"line":95,"column":9}},"49":{"start":{"line":92,"column":12},"end":{"line":92,"column":59}},"50":{"start":{"line":93,"column":15},"end":{"line":95,"column":9}},"51":{"start":{"line":94,"column":12},"end":{"line":94,"column":59}},"52":{"start":{"line":97,"column":8},"end":{"line":97,"column":18}}},"fnMap":{"0":{"name":"objectPath","decl":{"start":{"line":4,"column":16},"end":{"line":4,"column":26}},"loc":{"start":{"line":4,"column":37},"end":{"line":6,"column":1}},"line":4},"1":{"name":"identityQuery","decl":{"start":{"line":8,"column":16},"end":{"line":8,"column":29}},"loc":{"start":{"line":8,"column":40},"end":{"line":10,"column":1}},"line":8},"2":{"name":"opQuery","decl":{"start":{"line":12,"column":16},"end":{"line":12,"column":23}},"loc":{"start":{"line":12,"column":114},"end":{"line":53,"column":1}},"line":12},"3":{"name":"(anonymous_3)","decl":{"start":{"line":31,"column":52},"end":{"line":31,"column":53}},"loc":{"start":{"line":31,"column":57},"end":{"line":31,"column":100}},"line":31},"4":{"name":"(anonymous_4)","decl":{"start":{"line":44,"column":61},"end":{"line":44,"column":62}},"loc":{"start":{"line":44,"column":66},"end":{"line":44,"column":109}},"line":44},"5":{"name":"setProperty","decl":{"start":{"line":55,"column":16},"end":{"line":55,"column":27}},"loc":{"start":{"line":55,"column":85},"end":{"line":61,"column":1}},"line":55},"6":{"name":"methodAction","decl":{"start":{"line":63,"column":16},"end":{"line":63,"column":28}},"loc":{"start":{"line":63,"column":88},"end":{"line":82,"column":1}},"line":63},"7":{"name":"(anonymous_7)","decl":{"start":{"line":74,"column":49},"end":{"line":74,"column":50}},"loc":{"start":{"line":74,"column":54},"end":{"line":74,"column":106}},"line":74},"8":{"name":"objectProperties","decl":{"start":{"line":84,"column":16},"end":{"line":84,"column":32}},"loc":{"start":{"line":84,"column":51},"end":{"line":99,"column":1}},"line":84},"9":{"name":"(anonymous_9)","decl":{"start":{"line":86,"column":45},"end":{"line":86,"column":46}},"loc":{"start":{"line":86,"column":55},"end":{"line":98,"column":5}},"line":86}},"branchMap":{"0":{"loc":{"start":{"line":12,"column":24},"end":{"line":12,"column":57}},"type":"default-arg","locations":[{"start":{"line":12,"column":53},"end":{"line":12,"column":57}}],"line":12},"1":{"loc":{"start":{"line":12,"column":59},"end":{"line":12,"column":104}},"type":"default-arg","locations":[{"start":{"line":12,"column":100},"end":{"line":12,"column":104}}],"line":12},"2":{"loc":{"start":{"line":24,"column":4},"end":{"line":34,"column":5}},"type":"if","locations":[{"start":{"line":24,"column":4},"end":{"line":34,"column":5}},{"start":{"line":24,"column":4},"end":{"line":34,"column":5}}],"line":24},"3":{"loc":{"start":{"line":24,"column":8},"end":{"line":24,"column":64}},"type":"binary-expr","locations":[{"start":{"line":24,"column":8},"end":{"line":24,"column":33}},{"start":{"line":24,"column":37},"end":{"line":24,"column":64}}],"line":24},"4":{"loc":{"start":{"line":36,"column":4},"end":{"line":48,"column":5}},"type":"if","locations":[{"start":{"line":36,"column":4},"end":{"line":48,"column":5}},{"start":{"line":36,"column":4},"end":{"line":48,"column":5}}],"line":36},"5":{"loc":{"start":{"line":37,"column":8},"end":{"line":47,"column":9}},"type":"if","locations":[{"start":{"line":37,"column":8},"end":{"line":47,"column":9}},{"start":{"line":37,"column":8},"end":{"line":47,"column":9}}],"line":37},"6":{"loc":{"start":{"line":68,"column":4},"end":{"line":77,"column":5}},"type":"if","locations":[{"start":{"line":68,"column":4},"end":{"line":77,"column":5}},{"start":{"line":68,"column":4},"end":{"line":77,"column":5}}],"line":68},"7":{"loc":{"start":{"line":70,"column":8},"end":{"line":76,"column":9}},"type":"if","locations":[{"start":{"line":70,"column":8},"end":{"line":76,"column":9}},{"start":{"line":70,"column":8},"end":{"line":76,"column":9}}],"line":70},"8":{"loc":{"start":{"line":89,"column":8},"end":{"line":95,"column":9}},"type":"if","locations":[{"start":{"line":89,"column":8},"end":{"line":95,"column":9}},{"start":{"line":89,"column":8},"end":{"line":95,"column":9}}],"line":89},"9":{"loc":{"start":{"line":91,"column":15},"end":{"line":95,"column":9}},"type":"if","locations":[{"start":{"line":91,"column":15},"end":{"line":95,"column":9}},{"start":{"line":91,"column":15},"end":{"line":95,"column":9}}],"line":91},"10":{"loc":{"start":{"line":93,"column":15},"end":{"line":95,"column":9}},"type":"if","locations":[{"start":{"line":93,"column":15},"end":{"line":95,"column":9}},{"start":{"line":93,"column":15},"end":{"line":95,"column":9}}],"line":93}},"s":{"0":0,"1":0,"2":0,"3":0,"4":0,"5":0,"6":0,"7":0,"8":0,"9":0,"10":0,"11":0,"12":0,"13":0,"14":0,"15":0,"16":0,"17":0,"18":0,"19":0,"20":0,"21":0,"22":0,"23":0,"24":0,"25":0,"26":0,"27":0,"28":0,"29":0,"30":0,"31":0,"32":0,"33":0,"34":0,"35":0,"36":0,"37":0,"38":0,"39":0,"40":0,"41":0,"42":0,"43":0,"44":0,"45":0,"46":0,"47":0,"48":0,"49":0,"50":0,"51":0,"52":0},"f":{"0":0,"1":0,"2":0,"3":0,"4":0,"5":0,"6":0,"7":0,"8":0,"9":0},"b":{"0":[0],"1":[0],"2":[0,0],"3":[0,0],"4":[0,0],"5":[0,0],"6":[0,0],"7":[0,0],"8":[0,0],"9":[0,0],"10":[0,0]}},"d:\\pnpjs\\packages\\sp-clientsvc\\src\\types.ts":{"path":"d:\\pnpjs\\packages\\sp-clientsvc\\src\\types.ts","statementMap":{},"fnMap":{},"branchMap":{},"s":{},"f":{},"b":{}},"d:\\pnpjs\\packages\\sp-clientsvc\\src\\utils.ts":{"path":"d:\\pnpjs\\packages\\sp-clientsvc\\src\\utils.ts","statementMap":{"0":{"start":{"line":10,"column":30},"end":{"line":10,"column":32}},"1":{"start":{"line":11,"column":28},"end":{"line":11,"column":30}},"2":{"start":{"line":13,"column":4},"end":{"line":16,"column":7}},"3":{"start":{"line":14,"column":8},"end":{"line":14,"column":28}},"4":{"start":{"line":15,"column":8},"end":{"line":15,"column":36}},"5":{"start":{"line":19,"column":4},"end":{"line":28,"column":15}}},"fnMap":{"0":{"name":"writeObjectPathBody","decl":{"start":{"line":8,"column":16},"end":{"line":8,"column":35}},"loc":{"start":{"line":8,"column":72},"end":{"line":29,"column":1}},"line":8},"1":{"name":"(anonymous_1)","decl":{"start":{"line":13,"column":24},"end":{"line":13,"column":25}},"loc":{"start":{"line":13,"column":30},"end":{"line":16,"column":5}},"line":13}},"branchMap":{},"s":{"0":0,"1":0,"2":0,"3":0,"4":0,"5":0},"f":{"0":0,"1":0},"b":{}},"d:\\pnpjs\\packages\\sp-taxonomy\\__tests\\batch.test.ts":{"path":"d:\\pnpjs\\packages\\sp-taxonomy\\__tests\\batch.test.ts","statementMap":{"0":{"start":{"line":5,"column":0},"end":{"line":78,"column":3}},"1":{"start":{"line":7,"column":4},"end":{"line":77,"column":5}},"2":{"start":{"line":9,"column":8},"end":{"line":24,"column":11}},"3":{"start":{"line":11,"column":36},"end":{"line":11,"column":38}},"4":{"start":{"line":13,"column":26},"end":{"line":13,"column":48}},"5":{"start":{"line":15,"column":12},"end":{"line":17,"column":15}},"6":{"start":{"line":16,"column":16},"end":{"line":16,"column":30}},"7":{"start":{"line":19,"column":12},"end":{"line":23,"column":59}},"8":{"start":{"line":20,"column":16},"end":{"line":20,"column":30}},"9":{"start":{"line":21,"column":16},"end":{"line":21,"column":29}},"10":{"start":{"line":26,"column":8},"end":{"line":52,"column":11}},"11":{"start":{"line":28,"column":36},"end":{"line":28,"column":38}},"12":{"start":{"line":30,"column":26},"end":{"line":30,"column":48}},"13":{"start":{"line":32,"column":12},"end":{"line":34,"column":15}},"14":{"start":{"line":33,"column":16},"end":{"line":33,"column":30}},"15":{"start":{"line":36,"column":12},"end":{"line":38,"column":15}},"16":{"start":{"line":37,"column":16},"end":{"line":37,"column":30}},"17":{"start":{"line":40,"column":12},"end":{"line":42,"column":15}},"18":{"start":{"line":41,"column":16},"end":{"line":41,"column":30}},"19":{"start":{"line":44,"column":12},"end":{"line":46,"column":15}},"20":{"start":{"line":45,"column":16},"end":{"line":45,"column":30}},"21":{"start":{"line":48,"column":12},"end":{"line":51,"column":68}},"22":{"start":{"line":49,"column":16},"end":{"line":49,"column":30}},"23":{"start":{"line":50,"column":16},"end":{"line":50,"column":29}},"24":{"start":{"line":54,"column":8},"end":{"line":76,"column":11}},"25":{"start":{"line":56,"column":36},"end":{"line":56,"column":38}},"26":{"start":{"line":58,"column":26},"end":{"line":58,"column":48}},"27":{"start":{"line":60,"column":12},"end":{"line":62,"column":15}},"28":{"start":{"line":61,"column":16},"end":{"line":61,"column":30}},"29":{"start":{"line":64,"column":12},"end":{"line":66,"column":15}},"30":{"start":{"line":65,"column":16},"end":{"line":65,"column":30}},"31":{"start":{"line":68,"column":12},"end":{"line":70,"column":15}},"32":{"start":{"line":69,"column":16},"end":{"line":69,"column":30}},"33":{"start":{"line":72,"column":12},"end":{"line":75,"column":65}},"34":{"start":{"line":73,"column":16},"end":{"line":73,"column":30}},"35":{"start":{"line":74,"column":16},"end":{"line":74,"column":29}}},"fnMap":{"0":{"name":"(anonymous_0)","decl":{"start":{"line":5,"column":21},"end":{"line":5,"column":22}},"loc":{"start":{"line":5,"column":27},"end":{"line":78,"column":1}},"line":5},"1":{"name":"(anonymous_1)","decl":{"start":{"line":9,"column":80},"end":{"line":9,"column":81}},"loc":{"start":{"line":9,"column":86},"end":{"line":24,"column":9}},"line":9},"2":{"name":"(anonymous_2)","decl":{"start":{"line":15,"column":58},"end":{"line":15,"column":59}},"loc":{"start":{"line":15,"column":63},"end":{"line":17,"column":13}},"line":15},"3":{"name":"(anonymous_3)","decl":{"start":{"line":19,"column":47},"end":{"line":19,"column":48}},"loc":{"start":{"line":19,"column":52},"end":{"line":23,"column":13}},"line":19},"4":{"name":"(anonymous_4)","decl":{"start":{"line":26,"column":90},"end":{"line":26,"column":91}},"loc":{"start":{"line":26,"column":96},"end":{"line":52,"column":9}},"line":26},"5":{"name":"(anonymous_5)","decl":{"start":{"line":32,"column":58},"end":{"line":32,"column":59}},"loc":{"start":{"line":32,"column":63},"end":{"line":34,"column":13}},"line":32},"6":{"name":"(anonymous_6)","decl":{"start":{"line":36,"column":73},"end":{"line":36,"column":74}},"loc":{"start":{"line":36,"column":78},"end":{"line":38,"column":13}},"line":36},"7":{"name":"(anonymous_7)","decl":{"start":{"line":40,"column":113},"end":{"line":40,"column":114}},"loc":{"start":{"line":40,"column":118},"end":{"line":42,"column":13}},"line":40},"8":{"name":"(anonymous_8)","decl":{"start":{"line":44,"column":83},"end":{"line":44,"column":84}},"loc":{"start":{"line":44,"column":88},"end":{"line":46,"column":13}},"line":44},"9":{"name":"(anonymous_9)","decl":{"start":{"line":48,"column":47},"end":{"line":48,"column":48}},"loc":{"start":{"line":48,"column":52},"end":{"line":51,"column":13}},"line":48},"10":{"name":"(anonymous_10)","decl":{"start":{"line":54,"column":89},"end":{"line":54,"column":90}},"loc":{"start":{"line":54,"column":95},"end":{"line":76,"column":9}},"line":54},"11":{"name":"(anonymous_11)","decl":{"start":{"line":60,"column":58},"end":{"line":60,"column":59}},"loc":{"start":{"line":60,"column":63},"end":{"line":62,"column":13}},"line":60},"12":{"name":"(anonymous_12)","decl":{"start":{"line":64,"column":73},"end":{"line":64,"column":74}},"loc":{"start":{"line":64,"column":78},"end":{"line":66,"column":13}},"line":64},"13":{"name":"(anonymous_13)","decl":{"start":{"line":68,"column":113},"end":{"line":68,"column":114}},"loc":{"start":{"line":68,"column":118},"end":{"line":70,"column":13}},"line":68},"14":{"name":"(anonymous_14)","decl":{"start":{"line":72,"column":47},"end":{"line":72,"column":48}},"loc":{"start":{"line":72,"column":52},"end":{"line":75,"column":13}},"line":72}},"branchMap":{"0":{"loc":{"start":{"line":7,"column":4},"end":{"line":77,"column":5}},"type":"if","locations":[{"start":{"line":7,"column":4},"end":{"line":77,"column":5}},{"start":{"line":7,"column":4},"end":{"line":77,"column":5}}],"line":7}},"s":{"0":0,"1":0,"2":0,"3":0,"4":0,"5":0,"6":0,"7":0,"8":0,"9":0,"10":0,"11":0,"12":0,"13":0,"14":0,"15":0,"16":0,"17":0,"18":0,"19":0,"20":0,"21":0,"22":0,"23":0,"24":0,"25":0,"26":0,"27":0,"28":0,"29":0,"30":0,"31":0,"32":0,"33":0,"34":0,"35":0},"f":{"0":0,"1":0,"2":0,"3":0,"4":0,"5":0,"6":0,"7":0,"8":0,"9":0,"10":0,"11":0,"12":0,"13":0,"14":0},"b":{"0":[0,0]}},"d:\\pnpjs\\packages\\sp-taxonomy\\__tests\\session.test.ts":{"path":"d:\\pnpjs\\packages\\sp-taxonomy\\__tests\\session.test.ts","statementMap":{"0":{"start":{"line":5,"column":0},"end":{"line":60,"column":3}},"1":{"start":{"line":7,"column":4},"end":{"line":59,"column":5}},"2":{"start":{"line":9,"column":50},"end":{"line":9,"column":54}},"3":{"start":{"line":10,"column":48},"end":{"line":10,"column":52}},"4":{"start":{"line":12,"column":8},"end":{"line":22,"column":11}},"5":{"start":{"line":16,"column":12},"end":{"line":21,"column":15}},"6":{"start":{"line":18,"column":16},"end":{"line":18,"column":43}},"7":{"start":{"line":19,"column":16},"end":{"line":19,"column":47}},"8":{"start":{"line":20,"column":16},"end":{"line":20,"column":23}},"9":{"start":{"line":24,"column":8},"end":{"line":35,"column":11}},"10":{"start":{"line":26,"column":12},"end":{"line":29,"column":15}},"11":{"start":{"line":28,"column":16},"end":{"line":28,"column":102}},"12":{"start":{"line":31,"column":12},"end":{"line":34,"column":15}},"13":{"start":{"line":33,"column":16},"end":{"line":33,"column":109}},"14":{"start":{"line":37,"column":8},"end":{"line":58,"column":11}},"15":{"start":{"line":39,"column":12},"end":{"line":47,"column":15}},"16":{"start":{"line":41,"column":30},"end":{"line":44,"column":17}},"17":{"start":{"line":46,"column":16},"end":{"line":46,"column":42}},"18":{"start":{"line":49,"column":12},"end":{"line":52,"column":15}},"19":{"start":{"line":51,"column":16},"end":{"line":51,"column":112}},"20":{"start":{"line":54,"column":12},"end":{"line":57,"column":15}},"21":{"start":{"line":56,"column":16},"end":{"line":56,"column":116}}},"fnMap":{"0":{"name":"(anonymous_0)","decl":{"start":{"line":5,"column":21},"end":{"line":5,"column":22}},"loc":{"start":{"line":5,"column":27},"end":{"line":60,"column":1}},"line":5},"1":{"name":"(anonymous_1)","decl":{"start":{"line":12,"column":15},"end":{"line":12,"column":16}},"loc":{"start":{"line":12,"column":25},"end":{"line":22,"column":9}},"line":12},"2":{"name":"(anonymous_2)","decl":{"start":{"line":16,"column":89},"end":{"line":16,"column":90}},"loc":{"start":{"line":16,"column":95},"end":{"line":21,"column":13}},"line":16},"3":{"name":"(anonymous_3)","decl":{"start":{"line":24,"column":28},"end":{"line":24,"column":29}},"loc":{"start":{"line":24,"column":34},"end":{"line":35,"column":9}},"line":24},"4":{"name":"(anonymous_4)","decl":{"start":{"line":26,"column":52},"end":{"line":26,"column":53}},"loc":{"start":{"line":26,"column":58},"end":{"line":29,"column":13}},"line":26},"5":{"name":"(anonymous_5)","decl":{"start":{"line":31,"column":59},"end":{"line":31,"column":60}},"loc":{"start":{"line":31,"column":65},"end":{"line":34,"column":13}},"line":31},"6":{"name":"(anonymous_6)","decl":{"start":{"line":37,"column":31},"end":{"line":37,"column":32}},"loc":{"start":{"line":37,"column":37},"end":{"line":58,"column":9}},"line":37},"7":{"name":"(anonymous_7)","decl":{"start":{"line":39,"column":46},"end":{"line":39,"column":47}},"loc":{"start":{"line":39,"column":52},"end":{"line":47,"column":13}},"line":39},"8":{"name":"(anonymous_8)","decl":{"start":{"line":49,"column":49},"end":{"line":49,"column":50}},"loc":{"start":{"line":49,"column":55},"end":{"line":52,"column":13}},"line":49},"9":{"name":"(anonymous_9)","decl":{"start":{"line":54,"column":51},"end":{"line":54,"column":52}},"loc":{"start":{"line":54,"column":57},"end":{"line":57,"column":13}},"line":54}},"branchMap":{"0":{"loc":{"start":{"line":7,"column":4},"end":{"line":59,"column":5}},"type":"if","locations":[{"start":{"line":7,"column":4},"end":{"line":59,"column":5}},{"start":{"line":7,"column":4},"end":{"line":59,"column":5}}],"line":7}},"s":{"0":0,"1":0,"2":0,"3":0,"4":0,"5":0,"6":0,"7":0,"8":0,"9":0,"10":0,"11":0,"12":0,"13":0,"14":0,"15":0,"16":0,"17":0,"18":0,"19":0,"20":0,"21":0},"f":{"0":0,"1":0,"2":0,"3":0,"4":0,"5":0,"6":0,"7":0,"8":0,"9":0},"b":{"0":[0,0]}},"d:\\pnpjs\\packages\\sp-taxonomy\\__tests\\termstore.test.ts":{"path":"d:\\pnpjs\\packages\\sp-taxonomy\\__tests\\termstore.test.ts","statementMap":{"0":{"start":{"line":6,"column":0},"end":{"line":111,"column":3}},"1":{"start":{"line":8,"column":4},"end":{"line":110,"column":5}},"2":{"start":{"line":10,"column":37},"end":{"line":10,"column":41}},"3":{"start":{"line":11,"column":39},"end":{"line":11,"column":43}},"4":{"start":{"line":12,"column":41},"end":{"line":12,"column":45}},"5":{"start":{"line":13,"column":36},"end":{"line":13,"column":40}},"6":{"start":{"line":15,"column":8},"end":{"line":39,"column":11}},"7":{"start":{"line":18,"column":12},"end":{"line":38,"column":46}},"8":{"start":{"line":20,"column":16},"end":{"line":20,"column":35}},"9":{"start":{"line":22,"column":16},"end":{"line":37,"column":19}},"10":{"start":{"line":24,"column":20},"end":{"line":36,"column":23}},"11":{"start":{"line":26,"column":24},"end":{"line":26,"column":47}},"12":{"start":{"line":27,"column":24},"end":{"line":27,"column":51}},"13":{"start":{"line":29,"column":24},"end":{"line":35,"column":27}},"14":{"start":{"line":31,"column":28},"end":{"line":34,"column":29}},"15":{"start":{"line":33,"column":32},"end":{"line":33,"column":53}},"16":{"start":{"line":38,"column":37},"end":{"line":38,"column":44}},"17":{"start":{"line":41,"column":8},"end":{"line":49,"column":11}},"18":{"start":{"line":43,"column":22},"end":{"line":46,"column":14}},"19":{"start":{"line":48,"column":12},"end":{"line":48,"column":56}},"20":{"start":{"line":51,"column":8},"end":{"line":59,"column":11}},"21":{"start":{"line":53,"column":22},"end":{"line":56,"column":14}},"22":{"start":{"line":58,"column":12},"end":{"line":58,"column":56}},"23":{"start":{"line":61,"column":8},"end":{"line":66,"column":11}},"24":{"start":{"line":63,"column":22},"end":{"line":63,"column":102}},"25":{"start":{"line":65,"column":12},"end":{"line":65,"column":56}},"26":{"start":{"line":68,"column":8},"end":{"line":73,"column":11}},"27":{"start":{"line":70,"column":22},"end":{"line":70,"column":79}},"28":{"start":{"line":72,"column":12},"end":{"line":72,"column":56}},"29":{"start":{"line":75,"column":8},"end":{"line":80,"column":11}},"30":{"start":{"line":77,"column":12},"end":{"line":79,"column":13}},"31":{"start":{"line":78,"column":16},"end":{"line":78,"column":121}},"32":{"start":{"line":82,"column":8},"end":{"line":87,"column":11}},"33":{"start":{"line":84,"column":12},"end":{"line":86,"column":13}},"34":{"start":{"line":85,"column":16},"end":{"line":85,"column":137}},"35":{"start":{"line":89,"column":8},"end":{"line":97,"column":11}},"36":{"start":{"line":91,"column":22},"end":{"line":94,"column":20}},"37":{"start":{"line":96,"column":12},"end":{"line":96,"column":56}},"38":{"start":{"line":99,"column":8},"end":{"line":103,"column":11}},"39":{"start":{"line":101,"column":22},"end":{"line":101,"column":98}},"40":{"start":{"line":102,"column":12},"end":{"line":102,"column":56}},"41":{"start":{"line":105,"column":8},"end":{"line":109,"column":11}},"42":{"start":{"line":107,"column":22},"end":{"line":107,"column":109}},"43":{"start":{"line":108,"column":12},"end":{"line":108,"column":56}}},"fnMap":{"0":{"name":"(anonymous_0)","decl":{"start":{"line":6,"column":22},"end":{"line":6,"column":23}},"loc":{"start":{"line":6,"column":28},"end":{"line":111,"column":1}},"line":6},"1":{"name":"(anonymous_1)","decl":{"start":{"line":15,"column":15},"end":{"line":15,"column":16}},"loc":{"start":{"line":15,"column":25},"end":{"line":39,"column":9}},"line":15},"2":{"name":"(anonymous_2)","decl":{"start":{"line":18,"column":68},"end":{"line":18,"column":69}},"loc":{"start":{"line":18,"column":77},"end":{"line":38,"column":13}},"line":18},"3":{"name":"(anonymous_3)","decl":{"start":{"line":22,"column":70},"end":{"line":22,"column":71}},"loc":{"start":{"line":22,"column":79},"end":{"line":37,"column":17}},"line":22},"4":{"name":"(anonymous_4)","decl":{"start":{"line":24,"column":74},"end":{"line":24,"column":75}},"loc":{"start":{"line":24,"column":82},"end":{"line":36,"column":21}},"line":24},"5":{"name":"(anonymous_5)","decl":{"start":{"line":29,"column":93},"end":{"line":29,"column":94}},"loc":{"start":{"line":29,"column":102},"end":{"line":35,"column":25}},"line":29},"6":{"name":"(anonymous_6)","decl":{"start":{"line":38,"column":32},"end":{"line":38,"column":33}},"loc":{"start":{"line":38,"column":37},"end":{"line":38,"column":44}},"line":38},"7":{"name":"(anonymous_7)","decl":{"start":{"line":41,"column":33},"end":{"line":41,"column":34}},"loc":{"start":{"line":41,"column":39},"end":{"line":49,"column":9}},"line":41},"8":{"name":"(anonymous_8)","decl":{"start":{"line":51,"column":33},"end":{"line":51,"column":34}},"loc":{"start":{"line":51,"column":39},"end":{"line":59,"column":9}},"line":51},"9":{"name":"(anonymous_9)","decl":{"start":{"line":61,"column":47},"end":{"line":61,"column":48}},"loc":{"start":{"line":61,"column":53},"end":{"line":66,"column":9}},"line":61},"10":{"name":"(anonymous_10)","decl":{"start":{"line":68,"column":32},"end":{"line":68,"column":33}},"loc":{"start":{"line":68,"column":38},"end":{"line":73,"column":9}},"line":68},"11":{"name":"(anonymous_11)","decl":{"start":{"line":75,"column":38},"end":{"line":75,"column":39}},"loc":{"start":{"line":75,"column":44},"end":{"line":80,"column":9}},"line":75},"12":{"name":"(anonymous_12)","decl":{"start":{"line":82,"column":45},"end":{"line":82,"column":46}},"loc":{"start":{"line":82,"column":51},"end":{"line":87,"column":9}},"line":82},"13":{"name":"(anonymous_13)","decl":{"start":{"line":89,"column":56},"end":{"line":89,"column":57}},"loc":{"start":{"line":89,"column":62},"end":{"line":97,"column":9}},"line":89},"14":{"name":"(anonymous_14)","decl":{"start":{"line":99,"column":41},"end":{"line":99,"column":42}},"loc":{"start":{"line":99,"column":47},"end":{"line":103,"column":9}},"line":99},"15":{"name":"(anonymous_15)","decl":{"start":{"line":105,"column":43},"end":{"line":105,"column":44}},"loc":{"start":{"line":105,"column":49},"end":{"line":109,"column":9}},"line":105}},"branchMap":{"0":{"loc":{"start":{"line":8,"column":4},"end":{"line":110,"column":5}},"type":"if","locations":[{"start":{"line":8,"column":4},"end":{"line":110,"column":5}},{"start":{"line":8,"column":4},"end":{"line":110,"column":5}}],"line":8},"1":{"loc":{"start":{"line":31,"column":28},"end":{"line":34,"column":29}},"type":"if","locations":[{"start":{"line":31,"column":28},"end":{"line":34,"column":29}},{"start":{"line":31,"column":28},"end":{"line":34,"column":29}}],"line":31},"2":{"loc":{"start":{"line":77,"column":12},"end":{"line":79,"column":13}},"type":"if","locations":[{"start":{"line":77,"column":12},"end":{"line":79,"column":13}},{"start":{"line":77,"column":12},"end":{"line":79,"column":13}}],"line":77},"3":{"loc":{"start":{"line":84,"column":12},"end":{"line":86,"column":13}},"type":"if","locations":[{"start":{"line":84,"column":12},"end":{"line":86,"column":13}},{"start":{"line":84,"column":12},"end":{"line":86,"column":13}}],"line":84}},"s":{"0":0,"1":0,"2":0,"3":0,"4":0,"5":0,"6":0,"7":0,"8":0,"9":0,"10":0,"11":0,"12":0,"13":0,"14":0,"15":0,"16":0,"17":0,"18":0,"19":0,"20":0,"21":0,"22":0,"23":0,"24":0,"25":0,"26":0,"27":0,"28":0,"29":0,"30":0,"31":0,"32":0,"33":0,"34":0,"35":0,"36":0,"37":0,"38":0,"39":0,"40":0,"41":0,"42":0,"43":0},"f":{"0":0,"1":0,"2":0,"3":0,"4":0,"5":0,"6":0,"7":0,"8":0,"9":0,"10":0,"11":0,"12":0,"13":0,"14":0,"15":0},"b":{"0":[0,0],"1":[0,0],"2":[0,0],"3":[0,0]}},"d:\\pnpjs\\packages\\sp-taxonomy\\index.ts":{"path":"d:\\pnpjs\\packages\\sp-taxonomy\\index.ts","statementMap":{},"fnMap":{},"branchMap":{},"s":{},"f":{},"b":{}},"d:\\pnpjs\\packages\\sp-taxonomy\\src\\taxonomy.ts":{"path":"d:\\pnpjs\\packages\\sp-taxonomy\\src\\taxonomy.ts","statementMap":{"0":{"start":{"line":4,"column":42},"end":{"line":4,"column":55}}},"fnMap":{},"branchMap":{},"s":{"0":0},"f":{},"b":{}},"d:\\pnpjs\\packages\\sp\\__tests\\alias.test.ts":{"path":"d:\\pnpjs\\packages\\sp\\__tests\\alias.test.ts","statementMap":{"0":{"start":{"line":6,"column":0},"end":{"line":58,"column":3}},"1":{"start":{"line":8,"column":25},"end":{"line":8,"column":27}},"2":{"start":{"line":11,"column":4},"end":{"line":38,"column":7}},"3":{"start":{"line":15,"column":8},"end":{"line":15,"column":42}},"4":{"start":{"line":17,"column":8},"end":{"line":37,"column":11}},"5":{"start":{"line":20,"column":12},"end":{"line":20,"column":49}},"6":{"start":{"line":23,"column":12},"end":{"line":36,"column":15}},"7":{"start":{"line":26,"column":16},"end":{"line":33,"column":19}},"8":{"start":{"line":30,"column":20},"end":{"line":30,"column":27}},"9":{"start":{"line":32,"column":20},"end":{"line":32,"column":27}},"10":{"start":{"line":35,"column":16},"end":{"line":35,"column":23}},"11":{"start":{"line":40,"column":4},"end":{"line":57,"column":5}},"12":{"start":{"line":42,"column":8},"end":{"line":45,"column":11}},"13":{"start":{"line":44,"column":12},"end":{"line":44,"column":162}},"14":{"start":{"line":47,"column":8},"end":{"line":50,"column":11}},"15":{"start":{"line":49,"column":12},"end":{"line":49,"column":156}},"16":{"start":{"line":52,"column":8},"end":{"line":56,"column":11}},"17":{"start":{"line":54,"column":27},"end":{"line":54,"column":128}},"18":{"start":{"line":55,"column":12},"end":{"line":55,"column":115}}},"fnMap":{"0":{"name":"(anonymous_0)","decl":{"start":{"line":6,"column":29},"end":{"line":6,"column":30}},"loc":{"start":{"line":6,"column":35},"end":{"line":58,"column":1}},"line":6},"1":{"name":"(anonymous_1)","decl":{"start":{"line":11,"column":11},"end":{"line":11,"column":12}},"loc":{"start":{"line":11,"column":21},"end":{"line":38,"column":5}},"line":11},"2":{"name":"(anonymous_2)","decl":{"start":{"line":17,"column":58},"end":{"line":17,"column":59}},"loc":{"start":{"line":17,"column":63},"end":{"line":37,"column":9}},"line":17},"3":{"name":"(anonymous_3)","decl":{"start":{"line":23,"column":88},"end":{"line":23,"column":89}},"loc":{"start":{"line":23,"column":95},"end":{"line":34,"column":13}},"line":23},"4":{"name":"(anonymous_4)","decl":{"start":{"line":29,"column":24},"end":{"line":29,"column":25}},"loc":{"start":{"line":29,"column":29},"end":{"line":31,"column":17}},"line":29},"5":{"name":"(anonymous_5)","decl":{"start":{"line":31,"column":25},"end":{"line":31,"column":26}},"loc":{"start":{"line":31,"column":30},"end":{"line":33,"column":17}},"line":31},"6":{"name":"(anonymous_6)","decl":{"start":{"line":34,"column":21},"end":{"line":34,"column":22}},"loc":{"start":{"line":34,"column":26},"end":{"line":36,"column":13}},"line":34},"7":{"name":"(anonymous_7)","decl":{"start":{"line":42,"column":48},"end":{"line":42,"column":49}},"loc":{"start":{"line":42,"column":54},"end":{"line":45,"column":9}},"line":42},"8":{"name":"(anonymous_8)","decl":{"start":{"line":47,"column":46},"end":{"line":47,"column":47}},"loc":{"start":{"line":47,"column":52},"end":{"line":50,"column":9}},"line":47},"9":{"name":"(anonymous_9)","decl":{"start":{"line":52,"column":55},"end":{"line":52,"column":56}},"loc":{"start":{"line":52,"column":61},"end":{"line":56,"column":9}},"line":52}},"branchMap":{"0":{"loc":{"start":{"line":40,"column":4},"end":{"line":57,"column":5}},"type":"if","locations":[{"start":{"line":40,"column":4},"end":{"line":57,"column":5}},{"start":{"line":40,"column":4},"end":{"line":57,"column":5}}],"line":40}},"s":{"0":0,"1":0,"2":0,"3":0,"4":0,"5":0,"6":0,"7":0,"8":0,"9":0,"10":0,"11":0,"12":0,"13":0,"14":0,"15":0,"16":0,"17":0,"18":0},"f":{"0":0,"1":0,"2":0,"3":0,"4":0,"5":0,"6":0,"7":0,"8":0,"9":0},"b":{"0":[0,0]}},"d:\\pnpjs\\packages\\sp\\__tests\\batch.test.ts":{"path":"d:\\pnpjs\\packages\\sp\\__tests\\batch.test.ts","statementMap":{"0":{"start":{"line":5,"column":0},"end":{"line":109,"column":3}},"1":{"start":{"line":7,"column":4},"end":{"line":108,"column":5}},"2":{"start":{"line":9,"column":8},"end":{"line":25,"column":11}},"3":{"start":{"line":11,"column":24},"end":{"line":11,"column":55}},"4":{"start":{"line":13,"column":36},"end":{"line":13,"column":38}},"5":{"start":{"line":15,"column":26},"end":{"line":15,"column":43}},"6":{"start":{"line":17,"column":12},"end":{"line":19,"column":15}},"7":{"start":{"line":18,"column":16},"end":{"line":18,"column":30}},"8":{"start":{"line":21,"column":12},"end":{"line":24,"column":59}},"9":{"start":{"line":22,"column":16},"end":{"line":22,"column":30}},"10":{"start":{"line":23,"column":16},"end":{"line":23,"column":29}},"11":{"start":{"line":27,"column":8},"end":{"line":55,"column":11}},"12":{"start":{"line":29,"column":24},"end":{"line":29,"column":55}},"13":{"start":{"line":31,"column":36},"end":{"line":31,"column":38}},"14":{"start":{"line":33,"column":26},"end":{"line":33,"column":43}},"15":{"start":{"line":35,"column":12},"end":{"line":37,"column":15}},"16":{"start":{"line":36,"column":16},"end":{"line":36,"column":30}},"17":{"start":{"line":39,"column":12},"end":{"line":41,"column":15}},"18":{"start":{"line":40,"column":16},"end":{"line":40,"column":30}},"19":{"start":{"line":43,"column":12},"end":{"line":45,"column":15}},"20":{"start":{"line":44,"column":16},"end":{"line":44,"column":30}},"21":{"start":{"line":47,"column":12},"end":{"line":49,"column":15}},"22":{"start":{"line":48,"column":16},"end":{"line":48,"column":30}},"23":{"start":{"line":51,"column":12},"end":{"line":54,"column":68}},"24":{"start":{"line":52,"column":16},"end":{"line":52,"column":30}},"25":{"start":{"line":53,"column":16},"end":{"line":53,"column":29}},"26":{"start":{"line":57,"column":8},"end":{"line":81,"column":11}},"27":{"start":{"line":59,"column":24},"end":{"line":59,"column":55}},"28":{"start":{"line":61,"column":36},"end":{"line":61,"column":38}},"29":{"start":{"line":63,"column":26},"end":{"line":63,"column":43}},"30":{"start":{"line":65,"column":12},"end":{"line":67,"column":15}},"31":{"start":{"line":66,"column":16},"end":{"line":66,"column":30}},"32":{"start":{"line":69,"column":12},"end":{"line":71,"column":15}},"33":{"start":{"line":70,"column":16},"end":{"line":70,"column":30}},"34":{"start":{"line":73,"column":12},"end":{"line":75,"column":15}},"35":{"start":{"line":74,"column":16},"end":{"line":74,"column":30}},"36":{"start":{"line":77,"column":12},"end":{"line":80,"column":65}},"37":{"start":{"line":78,"column":16},"end":{"line":78,"column":30}},"38":{"start":{"line":79,"column":16},"end":{"line":79,"column":29}},"39":{"start":{"line":83,"column":8},"end":{"line":107,"column":11}},"40":{"start":{"line":85,"column":24},"end":{"line":85,"column":55}},"41":{"start":{"line":87,"column":36},"end":{"line":87,"column":38}},"42":{"start":{"line":89,"column":26},"end":{"line":89,"column":43}},"43":{"start":{"line":91,"column":12},"end":{"line":106,"column":45}},"44":{"start":{"line":93,"column":29},"end":{"line":93,"column":37}},"45":{"start":{"line":95,"column":16},"end":{"line":105,"column":19}},"46":{"start":{"line":97,"column":20},"end":{"line":97,"column":102}},"47":{"start":{"line":97,"column":87},"end":{"line":97,"column":100}},"48":{"start":{"line":99,"column":20},"end":{"line":99,"column":102}},"49":{"start":{"line":99,"column":87},"end":{"line":99,"column":100}},"50":{"start":{"line":101,"column":20},"end":{"line":104,"column":23}},"51":{"start":{"line":102,"column":24},"end":{"line":102,"column":38}},"52":{"start":{"line":103,"column":24},"end":{"line":103,"column":37}}},"fnMap":{"0":{"name":"(anonymous_0)","decl":{"start":{"line":5,"column":21},"end":{"line":5,"column":22}},"loc":{"start":{"line":5,"column":27},"end":{"line":109,"column":1}},"line":5},"1":{"name":"(anonymous_1)","decl":{"start":{"line":9,"column":80},"end":{"line":9,"column":81}},"loc":{"start":{"line":9,"column":86},"end":{"line":25,"column":9}},"line":9},"2":{"name":"(anonymous_2)","decl":{"start":{"line":17,"column":42},"end":{"line":17,"column":43}},"loc":{"start":{"line":17,"column":47},"end":{"line":19,"column":13}},"line":17},"3":{"name":"(anonymous_3)","decl":{"start":{"line":21,"column":47},"end":{"line":21,"column":48}},"loc":{"start":{"line":21,"column":52},"end":{"line":24,"column":13}},"line":21},"4":{"name":"(anonymous_4)","decl":{"start":{"line":27,"column":90},"end":{"line":27,"column":91}},"loc":{"start":{"line":27,"column":96},"end":{"line":55,"column":9}},"line":27},"5":{"name":"(anonymous_5)","decl":{"start":{"line":35,"column":42},"end":{"line":35,"column":43}},"loc":{"start":{"line":35,"column":47},"end":{"line":37,"column":13}},"line":35},"6":{"name":"(anonymous_6)","decl":{"start":{"line":39,"column":48},"end":{"line":39,"column":49}},"loc":{"start":{"line":39,"column":53},"end":{"line":41,"column":13}},"line":39},"7":{"name":"(anonymous_7)","decl":{"start":{"line":43,"column":55},"end":{"line":43,"column":56}},"loc":{"start":{"line":43,"column":60},"end":{"line":45,"column":13}},"line":43},"8":{"name":"(anonymous_8)","decl":{"start":{"line":47,"column":64},"end":{"line":47,"column":65}},"loc":{"start":{"line":47,"column":69},"end":{"line":49,"column":13}},"line":47},"9":{"name":"(anonymous_9)","decl":{"start":{"line":51,"column":47},"end":{"line":51,"column":48}},"loc":{"start":{"line":51,"column":52},"end":{"line":54,"column":13}},"line":51},"10":{"name":"(anonymous_10)","decl":{"start":{"line":57,"column":89},"end":{"line":57,"column":90}},"loc":{"start":{"line":57,"column":95},"end":{"line":81,"column":9}},"line":57},"11":{"name":"(anonymous_11)","decl":{"start":{"line":65,"column":42},"end":{"line":65,"column":43}},"loc":{"start":{"line":65,"column":47},"end":{"line":67,"column":13}},"line":65},"12":{"name":"(anonymous_12)","decl":{"start":{"line":69,"column":48},"end":{"line":69,"column":49}},"loc":{"start":{"line":69,"column":53},"end":{"line":71,"column":13}},"line":69},"13":{"name":"(anonymous_13)","decl":{"start":{"line":73,"column":55},"end":{"line":73,"column":56}},"loc":{"start":{"line":73,"column":60},"end":{"line":75,"column":13}},"line":73},"14":{"name":"(anonymous_14)","decl":{"start":{"line":77,"column":47},"end":{"line":77,"column":48}},"loc":{"start":{"line":77,"column":52},"end":{"line":80,"column":13}},"line":77},"15":{"name":"(anonymous_15)","decl":{"start":{"line":83,"column":74},"end":{"line":83,"column":75}},"loc":{"start":{"line":83,"column":80},"end":{"line":107,"column":9}},"line":83},"16":{"name":"(anonymous_16)","decl":{"start":{"line":91,"column":68},"end":{"line":91,"column":69}},"loc":{"start":{"line":91,"column":75},"end":{"line":106,"column":13}},"line":91},"17":{"name":"(anonymous_17)","decl":{"start":{"line":95,"column":65},"end":{"line":95,"column":66}},"loc":{"start":{"line":95,"column":72},"end":{"line":105,"column":17}},"line":95},"18":{"name":"(anonymous_18)","decl":{"start":{"line":97,"column":82},"end":{"line":97,"column":83}},"loc":{"start":{"line":97,"column":87},"end":{"line":97,"column":100}},"line":97},"19":{"name":"(anonymous_19)","decl":{"start":{"line":99,"column":82},"end":{"line":99,"column":83}},"loc":{"start":{"line":99,"column":87},"end":{"line":99,"column":100}},"line":99},"20":{"name":"(anonymous_20)","decl":{"start":{"line":101,"column":48},"end":{"line":101,"column":49}},"loc":{"start":{"line":101,"column":53},"end":{"line":104,"column":21}},"line":101}},"branchMap":{"0":{"loc":{"start":{"line":7,"column":4},"end":{"line":108,"column":5}},"type":"if","locations":[{"start":{"line":7,"column":4},"end":{"line":108,"column":5}},{"start":{"line":7,"column":4},"end":{"line":108,"column":5}}],"line":7}},"s":{"0":0,"1":0,"2":0,"3":0,"4":0,"5":0,"6":0,"7":0,"8":0,"9":0,"10":0,"11":0,"12":0,"13":0,"14":0,"15":0,"16":0,"17":0,"18":0,"19":0,"20":0,"21":0,"22":0,"23":0,"24":0,"25":0,"26":0,"27":0,"28":0,"29":0,"30":0,"31":0,"32":0,"33":0,"34":0,"35":0,"36":0,"37":0,"38":0,"39":0,"40":0,"41":0,"42":0,"43":0,"44":0,"45":0,"46":0,"47":0,"48":0,"49":0,"50":0,"51":0,"52":0},"f":{"0":0,"1":0,"2":0,"3":0,"4":0,"5":0,"6":0,"7":0,"8":0,"9":0,"10":0,"11":0,"12":0,"13":0,"14":0,"15":0,"16":0,"17":0,"18":0,"19":0,"20":0},"b":{"0":[0,0]}},"d:\\pnpjs\\packages\\sp\\__tests\\configure.test.ts":{"path":"d:\\pnpjs\\packages\\sp\\__tests\\configure.test.ts","statementMap":{"0":{"start":{"line":7,"column":0},"end":{"line":185,"column":3}},"1":{"start":{"line":8,"column":22},"end":{"line":8,"column":43}},"2":{"start":{"line":9,"column":23},"end":{"line":9,"column":34}},"3":{"start":{"line":10,"column":24},"end":{"line":10,"column":41}},"4":{"start":{"line":11,"column":25},"end":{"line":11,"column":27}},"5":{"start":{"line":12,"column":4},"end":{"line":12,"column":38}},"6":{"start":{"line":13,"column":4},"end":{"line":13,"column":40}},"7":{"start":{"line":15,"column":4},"end":{"line":23,"column":7}},"8":{"start":{"line":16,"column":8},"end":{"line":22,"column":11}},"9":{"start":{"line":19,"column":20},"end":{"line":19,"column":37}},"10":{"start":{"line":25,"column":4},"end":{"line":35,"column":7}},"11":{"start":{"line":26,"column":8},"end":{"line":34,"column":9}},"12":{"start":{"line":27,"column":12},"end":{"line":33,"column":15}},"13":{"start":{"line":30,"column":24},"end":{"line":30,"column":117}},"14":{"start":{"line":37,"column":4},"end":{"line":45,"column":7}},"15":{"start":{"line":38,"column":8},"end":{"line":44,"column":15}},"16":{"start":{"line":42,"column":31},"end":{"line":42,"column":72}},"17":{"start":{"line":43,"column":16},"end":{"line":43,"column":53}},"18":{"start":{"line":47,"column":4},"end":{"line":55,"column":7}},"19":{"start":{"line":48,"column":8},"end":{"line":54,"column":15}},"20":{"start":{"line":52,"column":31},"end":{"line":52,"column":72}},"21":{"start":{"line":53,"column":16},"end":{"line":53,"column":53}},"22":{"start":{"line":57,"column":4},"end":{"line":65,"column":7}},"23":{"start":{"line":58,"column":8},"end":{"line":64,"column":15}},"24":{"start":{"line":62,"column":31},"end":{"line":62,"column":72}},"25":{"start":{"line":63,"column":16},"end":{"line":63,"column":53}},"26":{"start":{"line":67,"column":4},"end":{"line":77,"column":7}},"27":{"start":{"line":68,"column":32},"end":{"line":68,"column":34}},"28":{"start":{"line":69,"column":8},"end":{"line":69,"column":47}},"29":{"start":{"line":70,"column":8},"end":{"line":76,"column":15}},"30":{"start":{"line":74,"column":31},"end":{"line":74,"column":72}},"31":{"start":{"line":75,"column":16},"end":{"line":75,"column":55}},"32":{"start":{"line":79,"column":4},"end":{"line":89,"column":7}},"33":{"start":{"line":80,"column":32},"end":{"line":80,"column":34}},"34":{"start":{"line":81,"column":8},"end":{"line":81,"column":49}},"35":{"start":{"line":82,"column":8},"end":{"line":88,"column":15}},"36":{"start":{"line":86,"column":31},"end":{"line":86,"column":74}},"37":{"start":{"line":87,"column":16},"end":{"line":87,"column":55}},"38":{"start":{"line":91,"column":4},"end":{"line":112,"column":7}},"39":{"start":{"line":92,"column":20},"end":{"line":94,"column":10}},"40":{"start":{"line":95,"column":25},"end":{"line":99,"column":9}},"41":{"start":{"line":96,"column":27},"end":{"line":96,"column":68}},"42":{"start":{"line":97,"column":12},"end":{"line":97,"column":49}},"43":{"start":{"line":98,"column":12},"end":{"line":98,"column":37}},"44":{"start":{"line":100,"column":8},"end":{"line":111,"column":15}},"45":{"start":{"line":102,"column":16},"end":{"line":102,"column":27}},"46":{"start":{"line":103,"column":16},"end":{"line":103,"column":37}},"47":{"start":{"line":106,"column":16},"end":{"line":106,"column":27}},"48":{"start":{"line":107,"column":16},"end":{"line":107,"column":80}},"49":{"start":{"line":110,"column":16},"end":{"line":110,"column":27}},"50":{"start":{"line":114,"column":4},"end":{"line":131,"column":7}},"51":{"start":{"line":115,"column":32},"end":{"line":115,"column":34}},"52":{"start":{"line":116,"column":8},"end":{"line":116,"column":49}},"53":{"start":{"line":117,"column":20},"end":{"line":119,"column":10}},"54":{"start":{"line":121,"column":8},"end":{"line":130,"column":15}},"55":{"start":{"line":123,"column":31},"end":{"line":123,"column":72}},"56":{"start":{"line":124,"column":16},"end":{"line":124,"column":53}},"57":{"start":{"line":125,"column":16},"end":{"line":125,"column":36}},"58":{"start":{"line":128,"column":31},"end":{"line":128,"column":72}},"59":{"start":{"line":129,"column":16},"end":{"line":129,"column":42}},"60":{"start":{"line":133,"column":4},"end":{"line":148,"column":7}},"61":{"start":{"line":134,"column":8},"end":{"line":147,"column":15}},"62":{"start":{"line":140,"column":29},"end":{"line":140,"column":51}},"63":{"start":{"line":141,"column":30},"end":{"line":141,"column":53}},"64":{"start":{"line":142,"column":30},"end":{"line":142,"column":59}},"65":{"start":{"line":144,"column":16},"end":{"line":144,"column":46}},"66":{"start":{"line":145,"column":16},"end":{"line":145,"column":51}},"67":{"start":{"line":146,"column":16},"end":{"line":146,"column":47}},"68":{"start":{"line":150,"column":4},"end":{"line":167,"column":7}},"69":{"start":{"line":151,"column":8},"end":{"line":166,"column":15}},"70":{"start":{"line":161,"column":29},"end":{"line":161,"column":51}},"71":{"start":{"line":162,"column":30},"end":{"line":162,"column":53}},"72":{"start":{"line":164,"column":16},"end":{"line":164,"column":50}},"73":{"start":{"line":165,"column":16},"end":{"line":165,"column":50}},"74":{"start":{"line":169,"column":4},"end":{"line":184,"column":7}},"75":{"start":{"line":170,"column":32},"end":{"line":170,"column":34}},"76":{"start":{"line":171,"column":8},"end":{"line":171,"column":43}},"77":{"start":{"line":172,"column":8},"end":{"line":172,"column":47}},"78":{"start":{"line":174,"column":8},"end":{"line":183,"column":11}},"79":{"start":{"line":181,"column":27},"end":{"line":181,"column":68}},"80":{"start":{"line":182,"column":12},"end":{"line":182,"column":47}}},"fnMap":{"0":{"name":"(anonymous_0)","decl":{"start":{"line":7,"column":27},"end":{"line":7,"column":28}},"loc":{"start":{"line":7,"column":33},"end":{"line":185,"column":1}},"line":7},"1":{"name":"(anonymous_1)","decl":{"start":{"line":15,"column":11},"end":{"line":15,"column":12}},"loc":{"start":{"line":15,"column":17},"end":{"line":23,"column":5}},"line":15},"2":{"name":"(anonymous_2)","decl":{"start":{"line":18,"column":36},"end":{"line":18,"column":37}},"loc":{"start":{"line":18,"column":42},"end":{"line":20,"column":17}},"line":18},"3":{"name":"(anonymous_3)","decl":{"start":{"line":25,"column":10},"end":{"line":25,"column":11}},"loc":{"start":{"line":25,"column":16},"end":{"line":35,"column":5}},"line":25},"4":{"name":"(anonymous_4)","decl":{"start":{"line":29,"column":40},"end":{"line":29,"column":41}},"loc":{"start":{"line":29,"column":46},"end":{"line":31,"column":21}},"line":29},"5":{"name":"(anonymous_5)","decl":{"start":{"line":37,"column":78},"end":{"line":37,"column":79}},"loc":{"start":{"line":37,"column":84},"end":{"line":45,"column":5}},"line":37},"6":{"name":"(anonymous_6)","decl":{"start":{"line":41,"column":18},"end":{"line":41,"column":19}},"loc":{"start":{"line":41,"column":24},"end":{"line":44,"column":13}},"line":41},"7":{"name":"(anonymous_7)","decl":{"start":{"line":47,"column":78},"end":{"line":47,"column":79}},"loc":{"start":{"line":47,"column":84},"end":{"line":55,"column":5}},"line":47},"8":{"name":"(anonymous_8)","decl":{"start":{"line":51,"column":18
[...]
:{"line":4,"column":22},"end":{"line":4,"column":23}},"loc":{"start":{"line":4,"column":28},"end":{"line":33,"column":1}},"line":4},"1":{"name":"(anonymous_1)","decl":{"start":{"line":5,"column":47},"end":{"line":5,"column":48}},"loc":{"start":{"line":5,"column":53},"end":{"line":15,"column":5}},"line":5},"2":{"name":"(anonymous_2)","decl":{"start":{"line":6,"column":78},"end":{"line":6,"column":79}},"loc":{"start":{"line":6,"column":84},"end":{"line":9,"column":9}},"line":6},"3":{"name":"(anonymous_3)","decl":{"start":{"line":11,"column":82},"end":{"line":11,"column":83}},"loc":{"start":{"line":11,"column":88},"end":{"line":14,"column":9}},"line":11},"4":{"name":"(anonymous_4)","decl":{"start":{"line":17,"column":44},"end":{"line":17,"column":45}},"loc":{"start":{"line":17,"column":50},"end":{"line":32,"column":5}},"line":17},"5":{"name":"(anonymous_5)","decl":{"start":{"line":18,"column":77},"end":{"line":18,"column":78}},"loc":{"start":{"line":18,"column":83},"end":{"line":21,"column":9}},"line":18},"6":{"name":"(anonymous_6)","decl":{"start":{"line":23,"column":80},"end":{"line":23,"column":81}},"loc":{"start":{"line":23,"column":86},"end":{"line":26,"column":9}},"line":23},"7":{"name":"(anonymous_7)","decl":{"start":{"line":28,"column":81},"end":{"line":28,"column":82}},"loc":{"start":{"line":28,"column":87},"end":{"line":31,"column":9}},"line":28}},"branchMap":{},"s":{"0":0,"1":0,"2":0,"3":0,"4":0,"5":0,"6":0,"7":0,"8":0,"9":0,"10":0,"11":0,"12":0,"13":0,"14":0,"15":0,"16":0,"17":0},"f":{"0":0,"1":0,"2":0,"3":0,"4":0,"5":0,"6":0,"7":0},"b":{}},"d:\\pnpjs\\packages\\sp\\__tests\\utils.ts":{"path":"d:\\pnpjs\\packages\\sp\\__tests\\utils.ts","statementMap":{"0":{"start":{"line":6,"column":13},"end":{"line":6,"column":36}},"1":{"start":{"line":7,"column":4},"end":{"line":7,"column":34}},"2":{"start":{"line":8,"column":4},"end":{"line":8,"column":34}},"3":{"start":{"line":9,"column":4},"end":{"line":9,"column":34}},"4":{"start":{"line":10,"column":4},"end":{"line":10,"column":37}}},"fnMap":{"0":{"name":"toMatchEndRegex","decl":{"start":{"line":5,"column":16},"end":{"line":5,"column":31}},"loc":{"start":{"line":5,"column":51},"end":{"line":11,"column":1}},"line":5}},"branchMap":{},"s":{"0":0,"1":0,"2":0,"3":0,"4":0},"f":{"0":0},"b":{}},"d:\\pnpjs\\packages\\sp\\__tests\\views.test.ts":{"path":"d:\\pnpjs\\packages\\sp\\__tests\\views.test.ts","statementMap":{"0":{"start":{"line":5,"column":0},"end":{"line":24,"column":3}},"1":{"start":{"line":6,"column":4},"end":{"line":9,"column":7}},"2":{"start":{"line":7,"column":22},"end":{"line":7,"column":69}},"3":{"start":{"line":8,"column":8},"end":{"line":8,"column":40}},"4":{"start":{"line":10,"column":4},"end":{"line":15,"column":7}},"5":{"start":{"line":11,"column":8},"end":{"line":14,"column":11}},"6":{"start":{"line":12,"column":26},"end":{"line":12,"column":73}},"7":{"start":{"line":13,"column":12},"end":{"line":13,"column":104}},"8":{"start":{"line":16,"column":4},"end":{"line":23,"column":7}},"9":{"start":{"line":17,"column":8},"end":{"line":22,"column":11}},"10":{"start":{"line":18,"column":26},"end":{"line":18,"column":73}},"11":{"start":{"line":19,"column":25},"end":{"line":19,"column":78}},"12":{"start":{"line":20,"column":12},"end":{"line":21,"column":127}}},"fnMap":{"0":{"name":"(anonymous_0)","decl":{"start":{"line":5,"column":18},"end":{"line":5,"column":19}},"loc":{"start":{"line":5,"column":24},"end":{"line":24,"column":1}},"line":5},"1":{"name":"(anonymous_1)","decl":{"start":{"line":6,"column":30},"end":{"line":6,"column":31}},"loc":{"start":{"line":6,"column":36},"end":{"line":9,"column":5}},"line":6},"2":{"name":"(anonymous_2)","decl":{"start":{"line":10,"column":20},"end":{"line":10,"column":21}},"loc":{"start":{"line":10,"column":26},"end":{"line":15,"column":5}},"line":10},"3":{"name":"(anonymous_3)","decl":{"start":{"line":11,"column":69},"end":{"line":11,"column":70}},"loc":{"start":{"line":11,"column":75},"end":{"line":14,"column":9}},"line":11},"4":{"name":"(anonymous_4)","decl":{"start":{"line":16,"column":24},"end":{"line":16,"column":25}},"loc":{"start":{"line":16,"column":30},"end":{"line":23,"column":5}},"line":16},"5":{"name":"(anonymous_5)","decl":{"start":{"line":17,"column":109},"end":{"line":17,"column":110}},"loc":{"start":{"line":17,"column":115},"end":{"line":22,"column":9}},"line":17}},"branchMap":{},"s":{"0":0,"1":0,"2":0,"3":0,"4":0,"5":0,"6":0,"7":0,"8":0,"9":0,"10":0,"11":0,"12":0},"f":{"0":0,"1":0,"2":0,"3":0,"4":0,"5":0},"b":{}},"d:\\pnpjs\\packages\\sp\\index.ts":{"path":"d:\\pnpjs\\packages\\sp\\index.ts","statementMap":{},"fnMap":{},"branchMap":{},"s":{},"f":{},"b":{}},"d:\\pnpjs\\packages\\sp\\presets\\all.ts":{"path":"d:\\pnpjs\\packages\\sp\\presets\\all.ts","statementMap":{"0":{"start":{"line":70,"column":18},"end":{"line":70,"column":30}}},"fnMap":{},"branchMap":{},"s":{"0":0},"f":{},"b":{}},"d:\\pnpjs\\packages\\sp\\presets\\core.ts":{"path":"d:\\pnpjs\\packages\\sp\\presets\\core.ts","statementMap":{"0":{"start":{"line":14,"column":18},"end":{"line":14,"column":30}}},"fnMap":{},"branchMap":{},"s":{"0":0},"f":{},"b":{}},"d:\\pnpjs\\packages\\sp\\src\\attachments\\index.ts":{"path":"d:\\pnpjs\\packages\\sp\\src\\attachments\\index.ts","statementMap":{},"fnMap":{},"branchMap":{},"s":{},"f":{},"b":{}},"d:\\pnpjs\\packages\\sp\\src\\clientside-pages\\funcs.ts":{"path":"d:\\pnpjs\\packages\\sp\\src\\clientside-pages\\funcs.ts","statementMap":{"0":{"start":{"line":9,"column":4},"end":{"line":9,"column":96}},"1":{"start":{"line":9,"column":81},"end":{"line":9,"column":88}},"2":{"start":{"line":19,"column":4},"end":{"line":26,"column":5}},"3":{"start":{"line":19,"column":17},"end":{"line":19,"column":18}},"4":{"start":{"line":20,"column":8},"end":{"line":20,"column":36}},"5":{"start":{"line":21,"column":8},"end":{"line":25,"column":9}},"6":{"start":{"line":22,"column":12},"end":{"line":22,"column":43}},"7":{"start":{"line":23,"column":15},"end":{"line":25,"column":9}},"8":{"start":{"line":24,"column":12},"end":{"line":24,"column":44}}},"fnMap":{"0":{"name":"getNextOrder","decl":{"start":{"line":8,"column":16},"end":{"line":8,"column":28}},"loc":{"start":{"line":8,"column":70},"end":{"line":10,"column":1}},"line":8},"1":{"name":"(anonymous_1)","decl":{"start":{"line":9,"column":76},"end":{"line":9,"column":77}},"loc":{"start":{"line":9,"column":81},"end":{"line":9,"column":88}},"line":9},"2":{"name":"reindex","decl":{"start":{"line":17,"column":16},"end":{"line":17,"column":23}},"loc":{"start":{"line":17,"column":126},"end":{"line":27,"column":1}},"line":17}},"branchMap":{"0":{"loc":{"start":{"line":9,"column":11},"end":{"line":9,"column":95}},"type":"cond-expr","locations":[{"start":{"line":9,"column":35},"end":{"line":9,"column":36}},{"start":{"line":9,"column":40},"end":{"line":9,"column":94}}],"line":9},"1":{"loc":{"start":{"line":21,"column":8},"end":{"line":25,"column":9}},"type":"if","locations":[{"start":{"line":21,"column":8},"end":{"line":25,"column":9}},{"start":{"line":21,"column":8},"end":{"line":25,"column":9}}],"line":21},"2":{"loc":{"start":{"line":23,"column":15},"end":{"line":25,"column":9}},"type":"if","locations":[{"start":{"line":23,"column":15},"end":{"line":25,"column":9}},{"start":{"line":23,"column":15},"end":{"line":25,"column":9}}],"line":23}},"s":{"0":0,"1":0,"2":0,"3":0,"4":0,"5":0,"6":0,"7":0,"8":0},"f":{"0":0,"1":0,"2":0},"b":{"0":[0,0],"1":[0,0],"2":[0,0]}},"d:\\pnpjs\\packages\\sp\\src\\clientside-pages\\index.ts":{"path":"d:\\pnpjs\\packages\\sp\\src\\clientside-pages\\index.ts","statementMap":{},"fnMap":{},"branchMap":{},"s":{},"f":{},"b":{}},"d:\\pnpjs\\packages\\sp\\src\\comments\\index.ts":{"path":"d:\\pnpjs\\packages\\sp\\src\\comments\\index.ts","statementMap":{},"fnMap":{},"branchMap":{},"s":{},"f":{},"b":{}},"d:\\pnpjs\\packages\\sp\\src\\content-types\\index.ts":{"path":"d:\\pnpjs\\packages\\sp\\src\\content-types\\index.ts","statementMap":{},"fnMap":{},"branchMap":{},"s":{},"f":{},"b":{}},"d:\\pnpjs\\packages\\sp\\src\\features\\index.ts":{"path":"d:\\pnpjs\\packages\\sp\\src\\features\\index.ts","statementMap":{},"fnMap":{},"branchMap":{},"s":{},"f":{},"b":{}},"d:\\pnpjs\\packages\\sp\\src\\fields\\index.ts":{"path":"d:\\pnpjs\\packages\\sp\\src\\fields\\index.ts","statementMap":{},"fnMap":{},"branchMap":{},"s":{},"f":{},"b":{}},"d:\\pnpjs\\packages\\sp\\src\\files\\index.ts":{"path":"d:\\pnpjs\\packages\\sp\\src\\files\\index.ts","statementMap":{},"fnMap":{},"branchMap":{},"s":{},"f":{},"b":{}},"d:\\pnpjs\\packages\\sp\\src\\folders\\index.ts":{"path":"d:\\pnpjs\\packages\\sp\\src\\folders\\index.ts","statementMap":{},"fnMap":{},"branchMap":{},"s":{},"f":{},"b":{}},"d:\\pnpjs\\packages\\sp\\src\\forms\\index.ts":{"path":"d:\\pnpjs\\packages\\sp\\src\\forms\\index.ts","statementMap":{},"fnMap":{},"branchMap":{},"s":{},"f":{},"b":{}},"d:\\pnpjs\\packages\\sp\\src\\items\\index.ts":{"path":"d:\\pnpjs\\packages\\sp\\src\\items\\index.ts","statementMap":{},"fnMap":{},"branchMap":{},"s":{},"f":{},"b":{}},"d:\\pnpjs\\packages\\sp\\src\\lists\\index.ts":{"path":"d:\\pnpjs\\packages\\sp\\src\\lists\\index.ts","statementMap":{},"fnMap":{},"branchMap":{},"s":{},"f":{},"b":{}},"d:\\pnpjs\\packages\\sp\\src\\regional-settings\\index.ts":{"path":"d:\\pnpjs\\packages\\sp\\src\\regional-settings\\index.ts","statementMap":{},"fnMap":{},"branchMap":{},"s":{},"f":{},"b":{}},"d:\\pnpjs\\packages\\sp\\src\\related-items\\index.ts":{"path":"d:\\pnpjs\\packages\\sp\\src\\related-items\\index.ts","statementMap":{},"fnMap":{},"branchMap":{},"s":{},"f":{},"b":{}},"d:\\pnpjs\\packages\\sp\\src\\security\\index.ts":{"path":"d:\\pnpjs\\packages\\sp\\src\\security\\index.ts","statementMap":{},"fnMap":{},"branchMap":{},"s":{},"f":{},"b":{}},"d:\\pnpjs\\packages\\sp\\src\\sharing\\index.ts":{"path":"d:\\pnpjs\\packages\\sp\\src\\sharing\\index.ts","statementMap":{},"fnMap":{},"branchMap":{},"s":{},"f":{},"b":{}},"d:\\pnpjs\\packages\\sp\\src\\site-groups\\index.ts":{"path":"d:\\pnpjs\\packages\\sp\\src\\site-groups\\index.ts","statementMap":{},"fnMap":{},"branchMap":{},"s":{},"f":{},"b":{}},"d:\\pnpjs\\packages\\sp\\src\\site-users\\index.ts":{"path":"d:\\pnpjs\\packages\\sp\\src\\site-users\\index.ts","statementMap":{},"fnMap":{},"branchMap":{},"s":{},"f":{},"b":{}},"d:\\pnpjs\\packages\\sp\\src\\sp.ts":{"path":"d:\\pnpjs\\packages\\sp\\src\\sp.ts","statementMap":{},"fnMap":{},"branchMap":{},"s":{},"f":{},"b":{}},"d:\\pnpjs\\packages\\sp\\src\\subscriptions\\index.ts":{"path":"d:\\pnpjs\\packages\\sp\\src\\subscriptions\\index.ts","statementMap":{},"fnMap":{},"branchMap":{},"s":{},"f":{},"b":{}},"d:\\pnpjs\\packages\\sp\\src\\user-custom-actions\\index.ts":{"path":"d:\\pnpjs\\packages\\sp\\src\\user-custom-actions\\index.ts","statementMap":{},"fnMap":{},"branchMap":{},"s":{},"f":{},"b":{}},"d:\\pnpjs\\packages\\sp\\src\\utils\\escapeSingleQuote.ts":{"path":"d:\\pnpjs\\packages\\sp\\src\\utils\\escapeSingleQuote.ts","statementMap":{"0":{"start":{"line":5,"column":4},"end":{"line":7,"column":5}},"1":{"start":{"line":6,"column":8},"end":{"line":6,"column":18}},"2":{"start":{"line":10,"column":4},"end":{"line":10,"column":59}}},"fnMap":{"0":{"name":"escapeQueryStrValue","decl":{"start":{"line":3,"column":16},"end":{"line":3,"column":35}},"loc":{"start":{"line":3,"column":59},"end":{"line":11,"column":1}},"line":3}},"branchMap":{"0":{"loc":{"start":{"line":5,"column":4},"end":{"line":7,"column":5}},"type":"if","locations":[{"start":{"line":5,"column":4},"end":{"line":7,"column":5}},{"start":{"line":5,"column":4},"end":{"line":7,"column":5}}],"line":5}},"s":{"0":0,"1":0,"2":0},"f":{"0":0},"b":{"0":[0,0]}},"d:\\pnpjs\\packages\\sp\\src\\utils\\extractweburl.ts":{"path":"d:\\pnpjs\\packages\\sp\\src\\utils\\extractweburl.ts","statementMap":{"0":{"start":{"line":5,"column":4},"end":{"line":7,"column":5}},"1":{"start":{"line":6,"column":8},"end":{"line":6,"column":18}},"2":{"start":{"line":9,"column":16},"end":{"line":9,"column":45}},"3":{"start":{"line":11,"column":4},"end":{"line":13,"column":5}},"4":{"start":{"line":12,"column":8},"end":{"line":12,"column":50}},"5":{"start":{"line":15,"column":4},"end":{"line":17,"column":5}},"6":{"start":{"line":16,"column":8},"end":{"line":16,"column":45}},"7":{"start":{"line":20,"column":4},"end":{"line":20,"column":24}}},"fnMap":{"0":{"name":"extractWebUrl","decl":{"start":{"line":3,"column":16},"end":{"line":3,"column":29}},"loc":{"start":{"line":3,"column":60},"end":{"line":21,"column":1}},"line":3}},"branchMap":{"0":{"loc":{"start":{"line":5,"column":4},"end":{"line":7,"column":5}},"type":"if","locations":[{"start":{"line":5,"column":4},"end":{"line":7,"column":5}},{"start":{"line":5,"column":4},"end":{"line":7,"column":5}}],"line":5},"1":{"loc":{"start":{"line":11,"column":4},"end":{"line":13,"column":5}},"type":"if","locations":[{"start":{"line":11,"column":4},"end":{"line":13,"column":5}},{"start":{"line":11,"column":4},"end":{"line":13,"column":5}}],"line":11},"2":{"loc":{"start":{"line":15,"column":4},"end":{"line":17,"column":5}},"type":"if","locations":[{"start":{"line":15,"column":4},"end":{"line":17,"column":5}},{"start":{"line":15,"column":4},"end":{"line":17,"column":5}}],"line":15}},"s":{"0":0,"1":0,"2":0,"3":0,"4":0,"5":0,"6":0,"7":0},"f":{"0":0},"b":{"0":[0,0],"1":[0,0],"2":[0,0]}},"d:\\pnpjs\\packages\\sp\\src\\utils\\file-names.ts":{"path":"d:\\pnpjs\\packages\\sp\\src\\utils\\file-names.ts","statementMap":{"0":{"start":{"line":1,"column":46},"end":{"line":1,"column":79}},"1":{"start":{"line":2,"column":49},"end":{"line":2,"column":84}},"2":{"start":{"line":12,"column":4},"end":{"line":16,"column":5}},"3":{"start":{"line":13,"column":8},"end":{"line":13,"column":68}},"4":{"start":{"line":15,"column":8},"end":{"line":15,"column":65}},"5":{"start":{"line":28,"column":4},"end":{"line":32,"column":5}},"6":{"start":{"line":29,"column":8},"end":{"line":29,"column":81}},"7":{"start":{"line":31,"column":8},"end":{"line":31,"column":78}}},"fnMap":{"0":{"name":"containsInvalidFileFolderChars","decl":{"start":{"line":11,"column":16},"end":{"line":11,"column":46}},"loc":{"start":{"line":11,"column":90},"end":{"line":17,"column":1}},"line":11},"1":{"name":"stripInvalidFileFolderChars","decl":{"start":{"line":27,"column":16},"end":{"line":27,"column":43}},"loc":{"start":{"line":27,"column":101},"end":{"line":33,"column":1}},"line":27}},"branchMap":{"0":{"loc":{"start":{"line":11,"column":62},"end":{"line":11,"column":79}},"type":"default-arg","locations":[{"start":{"line":11,"column":74},"end":{"line":11,"column":79}}],"line":11},"1":{"loc":{"start":{"line":12,"column":4},"end":{"line":16,"column":5}},"type":"if","locations":[{"start":{"line":12,"column":4},"end":{"line":16,"column":5}},{"start":{"line":12,"column":4},"end":{"line":16,"column":5}}],"line":12},"2":{"loc":{"start":{"line":27,"column":59},"end":{"line":27,"column":72}},"type":"default-arg","locations":[{"start":{"line":27,"column":70},"end":{"line":27,"column":72}}],"line":27},"3":{"loc":{"start":{"line":27,"column":74},"end":{"line":27,"column":91}},"type":"default-arg","locations":[{"start":{"line":27,"column":86},"end":{"line":27,"column":91}}],"line":27},"4":{"loc":{"start":{"line":28,"column":4},"end":{"line":32,"column":5}},"type":"if","locations":[{"start":{"line":28,"column":4},"end":{"line":32,"column":5}},{"start":{"line":28,"column":4},"end":{"line":32,"column":5}}],"line":28}},"s":{"0":0,"1":0,"2":0,"3":0,"4":0,"5":0,"6":0,"7":0},"f":{"0":0,"1":0},"b":{"0":[0],"1":[0,0],"2":[0],"3":[0],"4":[0,0]}},"d:\\pnpjs\\packages\\sp\\src\\utils\\metadata.ts":{"path":"d:\\pnpjs\\packages\\sp\\src\\utils\\metadata.ts","statementMap":{"0":{"start":{"line":2,"column":4},"end":{"line":4,"column":6}}},"fnMap":{"0":{"name":"metadata","decl":{"start":{"line":1,"column":16},"end":{"line":1,"column":24}},"loc":{"start":{"line":1,"column":39},"end":{"line":5,"column":1}},"line":1}},"branchMap":{},"s":{"0":0},"f":{"0":0},"b":{}},"d:\\pnpjs\\packages\\sp\\src\\utils\\toabsoluteurl.ts":{"path":"d:\\pnpjs\\packages\\sp\\src\\utils\\toabsoluteurl.ts","statementMap":{"0":{"start":{"line":13,"column":4},"end":{"line":47,"column":7}},"1":{"start":{"line":15,"column":8},"end":{"line":18,"column":9}},"2":{"start":{"line":17,"column":12},"end":{"line":17,"column":41}},"3":{"start":{"line":20,"column":8},"end":{"line":23,"column":9}},"4":{"start":{"line":22,"column":12},"end":{"line":22,"column":75}},"5":{"start":{"line":25,"column":8},"end":{"line":33,"column":9}},"6":{"start":{"line":28,"column":12},"end":{"line":32,"column":13}},"7":{"start":{"line":29,"column":16},"end":{"line":29,"column":96}},"8":{"start":{"line":30,"column":19},"end":{"line":32,"column":13}},"9":{"start":{"line":31,"column":16},"end":{"line":31,"column":102}},"10":{"start":{"line":36,"column":8},"end":{"line":44,"column":9}},"11":{"start":{"line":37,"column":28},"end":{"line":37,"column":68}},"12":{"start":{"line":38,"column":12},"end":{"line":43,"column":15}},"13":{"start":{"line":39,"column":30},"end":{"line":39,"column":48}},"14":{"start":{"line":40,"column":16},"end":{"line":42,"column":17}},"15":{"start":{"line":41,"column":20},"end":{"line":41,"column":84}},"16":{"start":{"line":46,"column":8},"end":{"line":46,"column":37}}},"fnMap":{"0":{"name":"toAbsoluteUrl","decl":{"start":{"line":11,"column":16},"end":{"line":11,"column":29}},"loc":{"start":{"line":11,"column":69},"end":{"line":48,"column":1}},"line":11},"1":{"name":"(anonymous_1)","decl":{"start":{"line":13,"column":23},"end":{"line":13,"column":24}},"loc":{"start":{"line":13,"column":36},"end":{"line":47,"column":5}},"line":13},"2":{"name":"(anonymous_2)","decl":{"start":{"line":38,"column":51},"end":{"line":38,"column":52}},"loc":{"start":{"line":38,"column":66},"end":{"line":43,"column":13}},"line":38}},"branchMap":{"0":{"loc":{"start":{"line":15,"column":8},"end":{"line":18,"column":9}},"type":"if","locations":[{"start":{"line":15,"column":8},"end":{"line":18,"column":9}},{"start":{"line":15,"column":8},"end":{"line":18,"column":9}}],"line":15},"1":{"loc":{"start":{"line":20,"column":8},"end":{"line":23,"column":9}},"type":"if","locations":[{"start":{"line":20,"column":8},"end":{"line":23,"column":9}},{"start":{"line":20,"column":8},"end":{"line":23,"column":9}}],"line":20},"2":{"loc":{"start":{"line":25,"column":8},"end":{"line":33,"column":9}},"type":"if","locations":[{"start":{"line":25,"column":8},"end":{"line":33,"column":9}},{"start":{"line":25,"column":8},"end":{"line":33,"column":9}}],"line":25},"3":{"loc":{"start":{"line":28,"column":12},"end":{"line":32,"column":13}},"type":"if","locations":[{"start":{"line":28,"column":12},"end":{"line":32,"column":13}},{"start":{"line":28,"column":12},"end":{"line":32,"column":13}}],"line":28},"4":{"loc":{"start":{"line":30,"column":19},"end":{"line":32,"column":13}},"type":"if","locations":[{"start":{"line":30,"column":19},"end":{"line":32,"column":13}},{"start":{"line":30,"column":19},"end":{"line":32,"column":13}}],"line":30},"5":{"loc":{"start":{"line":36,"column":8},"end":{"line":44,"column":9}},"type":"if","locations":[{"start":{"line":36,"column":8},"end":{"line":44,"column":9}},{"start":{"line":36,"column":8},"end":{"line":44,"column":9}}],"line":36},"6":{"loc":{"start":{"line":40,"column":16},"end":{"line":42,"column":17}},"type":"if","locations":[{"start":{"line":40,"column":16},"end":{"line":42,"column":17}},{"start":{"line":40,"column":16},"end":{"line":42,"column":17}}],"line":40}},"s":{"0":0,"1":0,"2":0,"3":0,"4":0,"5":0,"6":0,"7":0,"8":0,"9":0,"10":0,"11":0,"12":0,"13":0,"14":0,"15":0,"16":0},"f":{"0":0,"1":0,"2":0},"b":{"0":[0,0],"1":[0,0],"2":[0,0],"3":[0,0],"4":[0,0],"5":[0,0],"6":[0,0]}},"d:\\pnpjs\\packages\\sp\\src\\views\\index.ts":{"path":"d:\\pnpjs\\packages\\sp\\src\\views\\index.ts","statementMap":{},"fnMap":{},"branchMap":{},"s":{},"f":{},"b":{}},"d:\\pnpjs\\packages\\sp\\src\\webparts\\index.ts":{"path":"d:\\pnpjs\\packages\\sp\\src\\webparts\\index.ts","statementMap":{},"fnMap":{},"branchMap":{},"s":{},"f":{},"b":{}}}